2025-09-01 11:45:48 | INFO | ================================================================================
2025-09-01 11:45:48 | INFO | Logging to: G:/code/PosePointNet/pyskl_gcn/logs/train_stgcn_25_09_01_11_45.log
2025-09-01 11:45:48 | INFO | ================================================================================
2025-09-01 11:45:48 | INFO | Config:
2025-09-01 11:45:48 | INFO |   AMP: True
2025-09-01 11:45:48 | INFO |   BATCH: 64
2025-09-01 11:45:48 | INFO |   CKPT_PATH: best_stgcn_ntu60_ms_b_250901.pt
2025-09-01 11:45:48 | INFO |   EMA: {'enabled': True, 'eval_use_ema': True, 'ref_batch': 16, 'decay': 0.999}
2025-09-01 11:45:48 | INFO |   EPOCH: 150
2025-09-01 11:45:48 | INFO |   GPU_ID: 4
2025-09-01 11:45:48 | INFO |   NUM_CLASS: 60
2025-09-01 11:45:48 | INFO |   NUM_WORKERS: 8
2025-09-01 11:45:48 | INFO |   OPT: {'name': 'SGD', 'lr': 0.1, 'momentum': 0.9, 'weight_decay': 0.0005, 'nesterov': True}
2025-09-01 11:45:48 | INFO |   PREFETCH: 4
2025-09-01 11:45:48 | INFO |   PRETRAINED: 
2025-09-01 11:45:48 | INFO |   PRINT_FREQ: 0
2025-09-01 11:45:48 | INFO |   SCHED: {'type': 'cosine', 'base_lr': 0.1, 'min_lr': 0, 'warmup_epochs': 3}
2025-09-01 11:45:48 | INFO |   SEED: 42
2025-09-01 11:45:48 | INFO |   STREAMS: ('b',)
2025-09-01 11:45:48 | INFO |   T: 64
2025-09-01 11:45:48 | INFO |   TRAIN_NPZ: G:/datasets/cls_video/nturgbd_skeletons_s001_to_s017/pkl_mmaction/npz_raw_xyz_ntu60/ntu60_cs_train_xyz_raw.npz
2025-09-01 11:45:48 | INFO |   VAL_NPZ: G:/datasets/cls_video/nturgbd_skeletons_s001_to_s017/pkl_mmaction/npz_raw_xyz_ntu60/ntu60_cs_test_xyz_raw.npz
2025-09-01 11:45:48 | INFO | --------------------------------------------------------------------------------
2025-09-01 11:45:48 | INFO | Python: 3.8.19 (default, Mar 20 2024, 19:58:24)  [GCC 11.2.0]
2025-09-01 11:45:48 | INFO | OS: Linux 5.15.0-72-generic | CPU: x86_64
2025-09-01 11:45:48 | INFO | PyTorch: 2.1.2+cu118
2025-09-01 11:45:48 | INFO | CUDA available: True | GPUs: 8
2025-09-01 11:45:48 | INFO | CUDA (build): 11.8
2025-09-01 11:45:48 | INFO | cuDNN: 8906
2025-09-01 11:45:48 | INFO | CUDA device idx: 0 | name: NVIDIA A800 80GB PCIe | capability: (8, 0)
2025-09-01 11:45:48 | INFO | TF32 matmul allowed: False
2025-09-01 11:45:48 | INFO | CUDNN benchmark: False | deterministic: False
2025-09-01 11:45:48 | INFO | ================================================================================
2025-09-01 11:45:57 | INFO | Train | NPZ: G:/datasets/cls_video/nturgbd_skeletons_s001_to_s017/pkl_mmaction/npz_raw_xyz_ntu60/ntu60_cs_train_xyz_raw.npz
2025-09-01 11:45:57 | INFO | Train | Total: 40091 | Batch: 64 | Workers: 8
2025-09-01 11:46:00 | INFO | Val   | NPZ: G:/datasets/cls_video/nturgbd_skeletons_s001_to_s017/pkl_mmaction/npz_raw_xyz_ntu60/ntu60_cs_test_xyz_raw.npz
2025-09-01 11:46:00 | INFO | Val   | Total: 16487 | Batch: 64 | Workers: 8
2025-09-01 11:46:00 | INFO | Streams: ('b',) -> in_channels = 3
2025-09-01 11:46:01 | INFO | Model: STGCNClassifier | Params(all): 1,403,144 | GFLOPs(all/backbone): 1.7279 G / 1.7279 G
2025-09-01 11:46:01 | INFO | --------------------------------------------------------------------------------
2025-09-01 11:46:01 | INFO | [Epoch 01/150] | LR: 0.033333
2025-09-01 11:47:14 | INFO | Train | Loss: 2.2203 | Top1:  35.33% | Top5:  71.70% | Samples: 40091
2025-09-01 11:47:22 | INFO | Val   | Loss: 1.9517 | Top1:  44.77% | Top5:  82.12% | Samples: 16487
2025-09-01 11:47:23 | INFO | [BEST] 新最佳有效验证准确率 @ Ep001  Top1=44.77%  Top5=82.12%  -> saved to best_stgcn_ntu60_ms_b_250901.pt
2025-09-01 11:47:23 | INFO | --------------------------------------------------------------------------------
2025-09-01 11:47:23 | INFO | [Epoch 02/150] | LR: 0.066667
2025-09-01 11:48:34 | INFO | Train | Loss: 1.3544 | Top1:  57.87% | Top5:  90.38% | Samples: 40091
2025-09-01 11:48:41 | INFO | Val   | Loss: 1.9260 | Top1:  42.12% | Top5:  80.93% | Samples: 16487
2025-09-01 11:48:41 | INFO | --------------------------------------------------------------------------------
2025-09-01 11:48:41 | INFO | [Epoch 03/150] | LR: 0.100000
2025-09-01 11:49:52 | INFO | Train | Loss: 1.1278 | Top1:  65.13% | Top5:  92.71% | Samples: 40091
2025-09-01 11:49:59 | INFO | Val   | Loss: 0.8203 | Top1:  74.61% | Top5:  95.40% | Samples: 16487
2025-09-01 11:49:59 | INFO | [BEST] 新最佳有效验证准确率 @ Ep003  Top1=74.61%  Top5=95.40%  -> saved to best_stgcn_ntu60_ms_b_250901.pt
2025-09-01 11:49:59 | INFO | --------------------------------------------------------------------------------
2025-09-01 11:49:59 | INFO | [Epoch 04/150] | LR: 0.099989
2025-09-01 11:51:10 | INFO | Train | Loss: 0.9573 | Top1:  69.99% | Top5:  94.57% | Samples: 40091
2025-09-01 11:51:17 | INFO | Val   | Loss: 0.6904 | Top1:  78.55% | Top5:  96.48% | Samples: 16487
2025-09-01 11:51:17 | INFO | [BEST] 新最佳有效验证准确率 @ Ep004  Top1=78.55%  Top5=96.48%  -> saved to best_stgcn_ntu60_ms_b_250901.pt
2025-09-01 11:51:17 | INFO | --------------------------------------------------------------------------------
2025-09-01 11:51:17 | INFO | [Epoch 05/150] | LR: 0.099954
2025-09-01 11:52:28 | INFO | Train | Loss: 0.8947 | Top1:  72.03% | Top5:  94.99% | Samples: 40091
2025-09-01 11:52:35 | INFO | Val   | Loss: 0.6084 | Top1:  80.52% | Top5:  96.97% | Samples: 16487
2025-09-01 11:52:35 | INFO | [BEST] 新最佳有效验证准确率 @ Ep005  Top1=80.52%  Top5=96.97%  -> saved to best_stgcn_ntu60_ms_b_250901.pt
2025-09-01 11:52:36 | INFO | --------------------------------------------------------------------------------
2025-09-01 11:52:36 | INFO | [Epoch 06/150] | LR: 0.099897
2025-09-01 11:53:47 | INFO | Train | Loss: 0.8356 | Top1:  73.62% | Top5:  95.54% | Samples: 40091
2025-09-01 11:53:54 | INFO | Val   | Loss: 0.5523 | Top1:  82.49% | Top5:  97.43% | Samples: 16487
2025-09-01 11:53:54 | INFO | [BEST] 新最佳有效验证准确率 @ Ep006  Top1=82.49%  Top5=97.43%  -> saved to best_stgcn_ntu60_ms_b_250901.pt
2025-09-01 11:53:54 | INFO | --------------------------------------------------------------------------------
2025-09-01 11:53:54 | INFO | [Epoch 07/150] | LR: 0.099817
2025-09-01 11:55:05 | INFO | Train | Loss: 0.8028 | Top1:  74.68% | Top5:  95.88% | Samples: 40091
2025-09-01 11:55:12 | INFO | Val   | Loss: 0.5178 | Top1:  83.44% | Top5:  97.49% | Samples: 16487
2025-09-01 11:55:12 | INFO | [BEST] 新最佳有效验证准确率 @ Ep007  Top1=83.44%  Top5=97.49%  -> saved to best_stgcn_ntu60_ms_b_250901.pt
2025-09-01 11:55:12 | INFO | --------------------------------------------------------------------------------
2025-09-01 11:55:12 | INFO | [Epoch 08/150] | LR: 0.099715
2025-09-01 11:56:23 | INFO | Train | Loss: 0.7725 | Top1:  75.56% | Top5:  95.86% | Samples: 40091
2025-09-01 11:56:30 | INFO | Val   | Loss: 0.4937 | Top1:  84.35% | Top5:  97.68% | Samples: 16487
2025-09-01 11:56:31 | INFO | [BEST] 新最佳有效验证准确率 @ Ep008  Top1=84.35%  Top5=97.68%  -> saved to best_stgcn_ntu60_ms_b_250901.pt
2025-09-01 11:56:31 | INFO | --------------------------------------------------------------------------------
2025-09-01 11:56:31 | INFO | [Epoch 09/150] | LR: 0.099590
2025-09-01 11:57:42 | INFO | Train | Loss: 0.7617 | Top1:  76.08% | Top5:  95.95% | Samples: 40091
2025-09-01 11:57:49 | INFO | Val   | Loss: 0.4815 | Top1:  84.47% | Top5:  97.75% | Samples: 16487
2025-09-01 11:57:49 | INFO | [BEST] 新最佳有效验证准确率 @ Ep009  Top1=84.47%  Top5=97.75%  -> saved to best_stgcn_ntu60_ms_b_250901.pt
2025-09-01 11:57:49 | INFO | --------------------------------------------------------------------------------
2025-09-01 11:57:49 | INFO | [Epoch 10/150] | LR: 0.099442
2025-09-01 11:59:00 | INFO | Train | Loss: 0.7400 | Top1:  76.73% | Top5:  96.08% | Samples: 40091
2025-09-01 11:59:07 | INFO | Val   | Loss: 0.4610 | Top1:  85.18% | Top5:  97.81% | Samples: 16487
2025-09-01 11:59:07 | INFO | [BEST] 新最佳有效验证准确率 @ Ep010  Top1=85.18%  Top5=97.81%  -> saved to best_stgcn_ntu60_ms_b_250901.pt
2025-09-01 11:59:07 | INFO | --------------------------------------------------------------------------------
2025-09-01 11:59:07 | INFO | [Epoch 11/150] | LR: 0.099271
2025-09-01 12:00:18 | INFO | Train | Loss: 0.7281 | Top1:  77.16% | Top5:  96.30% | Samples: 40091
2025-09-01 12:00:25 | INFO | Val   | Loss: 0.4578 | Top1:  85.45% | Top5:  97.89% | Samples: 16487
2025-09-01 12:00:25 | INFO | [BEST] 新最佳有效验证准确率 @ Ep011  Top1=85.45%  Top5=97.89%  -> saved to best_stgcn_ntu60_ms_b_250901.pt
2025-09-01 12:00:25 | INFO | --------------------------------------------------------------------------------
2025-09-01 12:00:25 | INFO | [Epoch 12/150] | LR: 0.099078
2025-09-01 12:01:36 | INFO | Train | Loss: 0.7172 | Top1:  77.54% | Top5:  96.27% | Samples: 40091
2025-09-01 12:01:43 | INFO | Val   | Loss: 0.4520 | Top1:  85.63% | Top5:  97.87% | Samples: 16487
2025-09-01 12:01:43 | INFO | [BEST] 新最佳有效验证准确率 @ Ep012  Top1=85.63%  Top5=97.87%  -> saved to best_stgcn_ntu60_ms_b_250901.pt
2025-09-01 12:01:43 | INFO | --------------------------------------------------------------------------------
2025-09-01 12:01:43 | INFO | [Epoch 13/150] | LR: 0.098862
2025-09-01 12:02:54 | INFO | Train | Loss: 0.7173 | Top1:  77.57% | Top5:  96.34% | Samples: 40091
2025-09-01 12:03:01 | INFO | Val   | Loss: 0.4417 | Top1:  86.00% | Top5:  97.82% | Samples: 16487
2025-09-01 12:03:01 | INFO | [BEST] 新最佳有效验证准确率 @ Ep013  Top1=86.00%  Top5=97.82%  -> saved to best_stgcn_ntu60_ms_b_250901.pt
2025-09-01 12:03:01 | INFO | --------------------------------------------------------------------------------
2025-09-01 12:03:01 | INFO | [Epoch 14/150] | LR: 0.098625
2025-09-01 12:04:12 | INFO | Train | Loss: 0.7034 | Top1:  78.21% | Top5:  96.38% | Samples: 40091
2025-09-01 12:04:19 | INFO | Val   | Loss: 0.4380 | Top1:  86.07% | Top5:  97.90% | Samples: 16487
2025-09-01 12:04:20 | INFO | [BEST] 新最佳有效验证准确率 @ Ep014  Top1=86.07%  Top5=97.90%  -> saved to best_stgcn_ntu60_ms_b_250901.pt
2025-09-01 12:04:20 | INFO | --------------------------------------------------------------------------------
2025-09-01 12:04:20 | INFO | [Epoch 15/150] | LR: 0.098365
2025-09-01 12:05:31 | INFO | Train | Loss: 0.6998 | Top1:  78.08% | Top5:  96.41% | Samples: 40091
2025-09-01 12:05:38 | INFO | Val   | Loss: 0.4311 | Top1:  86.40% | Top5:  97.98% | Samples: 16487
2025-09-01 12:05:38 | INFO | [BEST] 新最佳有效验证准确率 @ Ep015  Top1=86.40%  Top5=97.98%  -> saved to best_stgcn_ntu60_ms_b_250901.pt
2025-09-01 12:05:38 | INFO | --------------------------------------------------------------------------------
2025-09-01 12:05:38 | INFO | [Epoch 16/150] | LR: 0.098083
2025-09-01 12:06:49 | INFO | Train | Loss: 0.6934 | Top1:  78.21% | Top5:  96.44% | Samples: 40091
2025-09-01 12:06:56 | INFO | Val   | Loss: 0.4299 | Top1:  86.48% | Top5:  98.01% | Samples: 16487
2025-09-01 12:06:56 | INFO | [BEST] 新最佳有效验证准确率 @ Ep016  Top1=86.48%  Top5=98.01%  -> saved to best_stgcn_ntu60_ms_b_250901.pt
2025-09-01 12:06:57 | INFO | --------------------------------------------------------------------------------
2025-09-01 12:06:57 | INFO | [Epoch 17/150] | LR: 0.097779
2025-09-01 12:08:08 | INFO | Train | Loss: 0.6794 | Top1:  78.61% | Top5:  96.57% | Samples: 40091
2025-09-01 12:08:15 | INFO | Val   | Loss: 0.4250 | Top1:  86.50% | Top5:  97.99% | Samples: 16487
2025-09-01 12:08:15 | INFO | [BEST] 新最佳有效验证准确率 @ Ep017  Top1=86.50%  Top5=97.99%  -> saved to best_stgcn_ntu60_ms_b_250901.pt
2025-09-01 12:08:15 | INFO | --------------------------------------------------------------------------------
2025-09-01 12:08:15 | INFO | [Epoch 18/150] | LR: 0.097453
2025-09-01 12:09:26 | INFO | Train | Loss: 0.6776 | Top1:  78.81% | Top5:  96.59% | Samples: 40091
2025-09-01 12:09:33 | INFO | Val   | Loss: 0.4298 | Top1:  86.56% | Top5:  98.05% | Samples: 16487
2025-09-01 12:09:34 | INFO | [BEST] 新最佳有效验证准确率 @ Ep018  Top1=86.56%  Top5=98.05%  -> saved to best_stgcn_ntu60_ms_b_250901.pt
2025-09-01 12:09:34 | INFO | --------------------------------------------------------------------------------
2025-09-01 12:09:34 | INFO | [Epoch 19/150] | LR: 0.097105
2025-09-01 12:10:45 | INFO | Train | Loss: 0.6687 | Top1:  79.11% | Top5:  96.54% | Samples: 40091
2025-09-01 12:10:52 | INFO | Val   | Loss: 0.4183 | Top1:  86.91% | Top5:  97.96% | Samples: 16487
2025-09-01 12:10:52 | INFO | [BEST] 新最佳有效验证准确率 @ Ep019  Top1=86.91%  Top5=97.96%  -> saved to best_stgcn_ntu60_ms_b_250901.pt
2025-09-01 12:10:52 | INFO | --------------------------------------------------------------------------------
2025-09-01 12:10:52 | INFO | [Epoch 20/150] | LR: 0.096736
2025-09-01 12:12:03 | INFO | Train | Loss: 0.6747 | Top1:  78.87% | Top5:  96.63% | Samples: 40091
2025-09-01 12:12:10 | INFO | Val   | Loss: 0.4218 | Top1:  86.66% | Top5:  98.08% | Samples: 16487
2025-09-01 12:12:10 | INFO | --------------------------------------------------------------------------------
2025-09-01 12:12:10 | INFO | [Epoch 21/150] | LR: 0.096346
2025-09-01 12:13:21 | INFO | Train | Loss: 0.6636 | Top1:  79.39% | Top5:  96.62% | Samples: 40091
2025-09-01 12:13:28 | INFO | Val   | Loss: 0.4186 | Top1:  86.84% | Top5:  98.11% | Samples: 16487
2025-09-01 12:13:28 | INFO | --------------------------------------------------------------------------------
2025-09-01 12:13:28 | INFO | [Epoch 22/150] | LR: 0.095934
2025-09-01 12:14:39 | INFO | Train | Loss: 0.6645 | Top1:  79.18% | Top5:  96.69% | Samples: 40091
2025-09-01 12:14:46 | INFO | Val   | Loss: 0.4171 | Top1:  86.89% | Top5:  98.09% | Samples: 16487
2025-09-01 12:14:46 | INFO | --------------------------------------------------------------------------------
2025-09-01 12:14:46 | INFO | [Epoch 23/150] | LR: 0.095502
2025-09-01 12:15:57 | INFO | Train | Loss: 0.6557 | Top1:  79.58% | Top5:  96.75% | Samples: 40091
2025-09-01 12:16:04 | INFO | Val   | Loss: 0.4186 | Top1:  86.84% | Top5:  98.05% | Samples: 16487
2025-09-01 12:16:04 | INFO | --------------------------------------------------------------------------------
2025-09-01 12:16:04 | INFO | [Epoch 24/150] | LR: 0.095048
2025-09-01 12:17:15 | INFO | Train | Loss: 0.6507 | Top1:  79.37% | Top5:  96.71% | Samples: 40091
2025-09-01 12:17:22 | INFO | Val   | Loss: 0.4214 | Top1:  86.87% | Top5:  98.12% | Samples: 16487
2025-09-01 12:17:22 | INFO | --------------------------------------------------------------------------------
2025-09-01 12:17:22 | INFO | [Epoch 25/150] | LR: 0.094575
2025-09-01 12:18:33 | INFO | Train | Loss: 0.6437 | Top1:  79.86% | Top5:  96.82% | Samples: 40091
2025-09-01 12:18:40 | INFO | Val   | Loss: 0.4112 | Top1:  87.04% | Top5:  98.14% | Samples: 16487
2025-09-01 12:18:40 | INFO | [BEST] 新最佳有效验证准确率 @ Ep025  Top1=87.04%  Top5=98.14%  -> saved to best_stgcn_ntu60_ms_b_250901.pt
2025-09-01 12:18:40 | INFO | --------------------------------------------------------------------------------
2025-09-01 12:18:40 | INFO | [Epoch 26/150] | LR: 0.094080
2025-09-01 12:19:51 | INFO | Train | Loss: 0.6507 | Top1:  79.69% | Top5:  96.77% | Samples: 40091
2025-09-01 12:19:58 | INFO | Val   | Loss: 0.4177 | Top1:  86.81% | Top5:  98.11% | Samples: 16487
2025-09-01 12:19:58 | INFO | --------------------------------------------------------------------------------
2025-09-01 12:19:58 | INFO | [Epoch 27/150] | LR: 0.093566
2025-09-01 12:21:09 | INFO | Train | Loss: 0.6455 | Top1:  79.71% | Top5:  96.66% | Samples: 40091
2025-09-01 12:21:16 | INFO | Val   | Loss: 0.4224 | Top1:  86.84% | Top5:  98.05% | Samples: 16487
2025-09-01 12:21:16 | INFO | --------------------------------------------------------------------------------
2025-09-01 12:21:16 | INFO | [Epoch 28/150] | LR: 0.093032
2025-09-01 12:22:27 | INFO | Train | Loss: 0.6469 | Top1:  79.69% | Top5:  96.77% | Samples: 40091
2025-09-01 12:22:34 | INFO | Val   | Loss: 0.4089 | Top1:  87.23% | Top5:  98.12% | Samples: 16487
2025-09-01 12:22:34 | INFO | [BEST] 新最佳有效验证准确率 @ Ep028  Top1=87.23%  Top5=98.12%  -> saved to best_stgcn_ntu60_ms_b_250901.pt
2025-09-01 12:22:34 | INFO | --------------------------------------------------------------------------------
2025-09-01 12:22:34 | INFO | [Epoch 29/150] | LR: 0.092478
2025-09-01 12:23:45 | INFO | Train | Loss: 0.6398 | Top1:  80.12% | Top5:  96.80% | Samples: 40091
2025-09-01 12:23:52 | INFO | Val   | Loss: 0.4041 | Top1:  87.09% | Top5:  98.09% | Samples: 16487
2025-09-01 12:23:52 | INFO | --------------------------------------------------------------------------------
2025-09-01 12:23:52 | INFO | [Epoch 30/150] | LR: 0.091904
2025-09-01 12:25:03 | INFO | Train | Loss: 0.6290 | Top1:  80.22% | Top5:  96.90% | Samples: 40091
2025-09-01 12:25:10 | INFO | Val   | Loss: 0.4068 | Top1:  87.17% | Top5:  98.09% | Samples: 16487
2025-09-01 12:25:10 | INFO | --------------------------------------------------------------------------------
2025-09-01 12:25:10 | INFO | [Epoch 31/150] | LR: 0.091312
2025-09-01 12:26:21 | INFO | Train | Loss: 0.6353 | Top1:  80.13% | Top5:  96.76% | Samples: 40091
2025-09-01 12:26:28 | INFO | Val   | Loss: 0.3936 | Top1:  87.54% | Top5:  98.18% | Samples: 16487
2025-09-01 12:26:28 | INFO | [BEST] 新最佳有效验证准确率 @ Ep031  Top1=87.54%  Top5=98.18%  -> saved to best_stgcn_ntu60_ms_b_250901.pt
2025-09-01 12:26:28 | INFO | --------------------------------------------------------------------------------
2025-09-01 12:26:28 | INFO | [Epoch 32/150] | LR: 0.090701
2025-09-01 12:27:38 | INFO | Train | Loss: 0.6301 | Top1:  80.25% | Top5:  96.86% | Samples: 40091
2025-09-01 12:27:45 | INFO | Val   | Loss: 0.4008 | Top1:  87.24% | Top5:  98.14% | Samples: 16487
2025-09-01 12:27:45 | INFO | --------------------------------------------------------------------------------
2025-09-01 12:27:45 | INFO | [Epoch 33/150] | LR: 0.090071
2025-09-01 12:28:56 | INFO | Train | Loss: 0.6263 | Top1:  80.51% | Top5:  96.90% | Samples: 40091
2025-09-01 12:29:03 | INFO | Val   | Loss: 0.4027 | Top1:  87.46% | Top5:  98.16% | Samples: 16487
2025-09-01 12:29:03 | INFO | --------------------------------------------------------------------------------
2025-09-01 12:29:03 | INFO | [Epoch 34/150] | LR: 0.089422
2025-09-01 12:30:13 | INFO | Train | Loss: 0.6174 | Top1:  80.77% | Top5:  96.95% | Samples: 40091
2025-09-01 12:30:19 | INFO | Val   | Loss: 0.4049 | Top1:  87.44% | Top5:  98.14% | Samples: 16487
2025-09-01 12:30:19 | INFO | --------------------------------------------------------------------------------
2025-09-01 12:30:19 | INFO | [Epoch 35/150] | LR: 0.088756
2025-09-01 12:31:29 | INFO | Train | Loss: 0.6172 | Top1:  80.66% | Top5:  96.90% | Samples: 40091
2025-09-01 12:31:36 | INFO | Val   | Loss: 0.3947 | Top1:  87.51% | Top5:  98.20% | Samples: 16487
2025-09-01 12:31:36 | INFO | --------------------------------------------------------------------------------
2025-09-01 12:31:36 | INFO | [Epoch 36/150] | LR: 0.088072
2025-09-01 12:32:46 | INFO | Train | Loss: 0.6165 | Top1:  80.68% | Top5:  96.96% | Samples: 40091
2025-09-01 12:32:52 | INFO | Val   | Loss: 0.4021 | Top1:  87.34% | Top5:  98.19% | Samples: 16487
2025-09-01 12:32:52 | INFO | --------------------------------------------------------------------------------
2025-09-01 12:32:52 | INFO | [Epoch 37/150] | LR: 0.087371
2025-09-01 12:34:02 | INFO | Train | Loss: 0.6167 | Top1:  80.75% | Top5:  96.94% | Samples: 40091
2025-09-01 12:34:09 | INFO | Val   | Loss: 0.4010 | Top1:  87.40% | Top5:  98.23% | Samples: 16487
2025-09-01 12:34:09 | INFO | --------------------------------------------------------------------------------
2025-09-01 12:34:09 | INFO | [Epoch 38/150] | LR: 0.086653
2025-09-01 12:35:19 | INFO | Train | Loss: 0.6061 | Top1:  81.04% | Top5:  97.05% | Samples: 40091
2025-09-01 12:35:25 | INFO | Val   | Loss: 0.4018 | Top1:  87.31% | Top5:  98.16% | Samples: 16487
2025-09-01 12:35:25 | INFO | --------------------------------------------------------------------------------
2025-09-01 12:35:25 | INFO | [Epoch 39/150] | LR: 0.085917
2025-09-01 12:36:35 | INFO | Train | Loss: 0.6065 | Top1:  80.92% | Top5:  97.09% | Samples: 40091
2025-09-01 12:36:42 | INFO | Val   | Loss: 0.4016 | Top1:  87.37% | Top5:  98.14% | Samples: 16487
2025-09-01 12:36:42 | INFO | --------------------------------------------------------------------------------
2025-09-01 12:36:42 | INFO | [Epoch 40/150] | LR: 0.085166
2025-09-01 12:37:52 | INFO | Train | Loss: 0.6072 | Top1:  80.91% | Top5:  97.17% | Samples: 40091
2025-09-01 12:37:59 | INFO | Val   | Loss: 0.3933 | Top1:  87.58% | Top5:  98.16% | Samples: 16487
2025-09-01 12:37:59 | INFO | [BEST] 新最佳有效验证准确率 @ Ep040  Top1=87.58%  Top5=98.16%  -> saved to best_stgcn_ntu60_ms_b_250901.pt
2025-09-01 12:37:59 | INFO | --------------------------------------------------------------------------------
2025-09-01 12:37:59 | INFO | [Epoch 41/150] | LR: 0.084398
2025-09-01 12:39:08 | INFO | Train | Loss: 0.5977 | Top1:  81.21% | Top5:  97.12% | Samples: 40091
2025-09-01 12:39:15 | INFO | Val   | Loss: 0.3902 | Top1:  87.57% | Top5:  98.23% | Samples: 16487
2025-09-01 12:39:15 | INFO | --------------------------------------------------------------------------------
2025-09-01 12:39:15 | INFO | [Epoch 42/150] | LR: 0.083615
2025-09-01 12:40:25 | INFO | Train | Loss: 0.5932 | Top1:  81.56% | Top5:  97.13% | Samples: 40091
2025-09-01 12:40:32 | INFO | Val   | Loss: 0.3861 | Top1:  87.77% | Top5:  98.25% | Samples: 16487
2025-09-01 12:40:32 | INFO | [BEST] 新最佳有效验证准确率 @ Ep042  Top1=87.77%  Top5=98.25%  -> saved to best_stgcn_ntu60_ms_b_250901.pt
2025-09-01 12:40:32 | INFO | --------------------------------------------------------------------------------
2025-09-01 12:40:32 | INFO | [Epoch 43/150] | LR: 0.082816
2025-09-01 12:41:42 | INFO | Train | Loss: 0.5876 | Top1:  81.63% | Top5:  97.09% | Samples: 40091
2025-09-01 12:41:49 | INFO | Val   | Loss: 0.3978 | Top1:  87.10% | Top5:  98.23% | Samples: 16487
2025-09-01 12:41:49 | INFO | --------------------------------------------------------------------------------
2025-09-01 12:41:49 | INFO | [Epoch 44/150] | LR: 0.082003
2025-09-01 12:42:59 | INFO | Train | Loss: 0.5877 | Top1:  81.56% | Top5:  97.31% | Samples: 40091
2025-09-01 12:43:06 | INFO | Val   | Loss: 0.3926 | Top1:  87.61% | Top5:  98.23% | Samples: 16487
2025-09-01 12:43:06 | INFO | --------------------------------------------------------------------------------
2025-09-01 12:43:06 | INFO | [Epoch 45/150] | LR: 0.081174
2025-09-01 12:44:16 | INFO | Train | Loss: 0.5825 | Top1:  81.64% | Top5:  97.28% | Samples: 40091
2025-09-01 12:44:23 | INFO | Val   | Loss: 0.3867 | Top1:  87.70% | Top5:  98.17% | Samples: 16487
2025-09-01 12:44:23 | INFO | --------------------------------------------------------------------------------
2025-09-01 12:44:23 | INFO | [Epoch 46/150] | LR: 0.080332
2025-09-01 12:45:32 | INFO | Train | Loss: 0.5872 | Top1:  81.63% | Top5:  97.22% | Samples: 40091
2025-09-01 12:45:39 | INFO | Val   | Loss: 0.3844 | Top1:  87.71% | Top5:  98.23% | Samples: 16487
2025-09-01 12:45:39 | INFO | --------------------------------------------------------------------------------
2025-09-01 12:45:39 | INFO | [Epoch 47/150] | LR: 0.079476
2025-09-01 12:46:49 | INFO | Train | Loss: 0.5767 | Top1:  82.03% | Top5:  97.22% | Samples: 40091
2025-09-01 12:46:56 | INFO | Val   | Loss: 0.3920 | Top1:  87.49% | Top5:  98.23% | Samples: 16487
2025-09-01 12:46:56 | INFO | --------------------------------------------------------------------------------
2025-09-01 12:46:56 | INFO | [Epoch 48/150] | LR: 0.078606
2025-09-01 12:48:05 | INFO | Train | Loss: 0.5737 | Top1:  82.07% | Top5:  97.26% | Samples: 40091
2025-09-01 12:48:12 | INFO | Val   | Loss: 0.3873 | Top1:  87.69% | Top5:  98.18% | Samples: 16487
2025-09-01 12:48:12 | INFO | --------------------------------------------------------------------------------
2025-09-01 12:48:12 | INFO | [Epoch 49/150] | LR: 0.077723
2025-09-01 12:49:22 | INFO | Train | Loss: 0.5664 | Top1:  82.24% | Top5:  97.35% | Samples: 40091
2025-09-01 12:49:29 | INFO | Val   | Loss: 0.3848 | Top1:  87.91% | Top5:  98.24% | Samples: 16487
2025-09-01 12:49:29 | INFO | [BEST] 新最佳有效验证准确率 @ Ep049  Top1=87.91%  Top5=98.24%  -> saved to best_stgcn_ntu60_ms_b_250901.pt
2025-09-01 12:49:30 | INFO | --------------------------------------------------------------------------------
2025-09-01 12:49:30 | INFO | [Epoch 50/150] | LR: 0.076827
2025-09-01 12:50:39 | INFO | Train | Loss: 0.5628 | Top1:  82.43% | Top5:  97.36% | Samples: 40091
2025-09-01 12:50:46 | INFO | Val   | Loss: 0.3832 | Top1:  87.74% | Top5:  98.24% | Samples: 16487
2025-09-01 12:50:46 | INFO | --------------------------------------------------------------------------------
2025-09-01 12:50:46 | INFO | [Epoch 51/150] | LR: 0.075920
2025-09-01 12:51:56 | INFO | Train | Loss: 0.5701 | Top1:  82.22% | Top5:  97.22% | Samples: 40091
2025-09-01 12:52:03 | INFO | Val   | Loss: 0.3866 | Top1:  87.77% | Top5:  98.16% | Samples: 16487
2025-09-01 12:52:03 | INFO | --------------------------------------------------------------------------------
2025-09-01 12:52:03 | INFO | [Epoch 52/150] | LR: 0.075000
2025-09-01 12:53:12 | INFO | Train | Loss: 0.5633 | Top1:  82.57% | Top5:  97.36% | Samples: 40091
2025-09-01 12:53:19 | INFO | Val   | Loss: 0.3893 | Top1:  87.85% | Top5:  98.17% | Samples: 16487
2025-09-01 12:53:19 | INFO | --------------------------------------------------------------------------------
2025-09-01 12:53:19 | INFO | [Epoch 53/150] | LR: 0.074069
2025-09-01 12:54:29 | INFO | Train | Loss: 0.5553 | Top1:  82.62% | Top5:  97.45% | Samples: 40091
2025-09-01 12:54:36 | INFO | Val   | Loss: 0.3806 | Top1:  88.09% | Top5:  98.30% | Samples: 16487
2025-09-01 12:54:36 | INFO | [BEST] 新最佳有效验证准确率 @ Ep053  Top1=88.09%  Top5=98.30%  -> saved to best_stgcn_ntu60_ms_b_250901.pt
2025-09-01 12:54:37 | INFO | --------------------------------------------------------------------------------
2025-09-01 12:54:37 | INFO | [Epoch 54/150] | LR: 0.073127
2025-09-01 12:55:46 | INFO | Train | Loss: 0.5496 | Top1:  82.68% | Top5:  97.45% | Samples: 40091
2025-09-01 12:55:53 | INFO | Val   | Loss: 0.3826 | Top1:  87.82% | Top5:  98.31% | Samples: 16487
2025-09-01 12:55:53 | INFO | --------------------------------------------------------------------------------
2025-09-01 12:55:53 | INFO | [Epoch 55/150] | LR: 0.072174
2025-09-01 12:57:03 | INFO | Train | Loss: 0.5512 | Top1:  82.68% | Top5:  97.41% | Samples: 40091
2025-09-01 12:57:10 | INFO | Val   | Loss: 0.3761 | Top1:  88.13% | Top5:  98.36% | Samples: 16487
2025-09-01 12:57:10 | INFO | [BEST] 新最佳有效验证准确率 @ Ep055  Top1=88.13%  Top5=98.36%  -> saved to best_stgcn_ntu60_ms_b_250901.pt
2025-09-01 12:57:11 | INFO | --------------------------------------------------------------------------------
2025-09-01 12:57:11 | INFO | [Epoch 56/150] | LR: 0.071212
2025-09-01 12:58:20 | INFO | Train | Loss: 0.5416 | Top1:  83.03% | Top5:  97.55% | Samples: 40091
2025-09-01 12:58:27 | INFO | Val   | Loss: 0.3735 | Top1:  88.37% | Top5:  98.28% | Samples: 16487
2025-09-01 12:58:27 | INFO | [BEST] 新最佳有效验证准确率 @ Ep056  Top1=88.37%  Top5=98.28%  -> saved to best_stgcn_ntu60_ms_b_250901.pt
2025-09-01 12:58:27 | INFO | --------------------------------------------------------------------------------
2025-09-01 12:58:27 | INFO | [Epoch 57/150] | LR: 0.070239
2025-09-01 12:59:37 | INFO | Train | Loss: 0.5431 | Top1:  82.94% | Top5:  97.48% | Samples: 40091
2025-09-01 12:59:44 | INFO | Val   | Loss: 0.3720 | Top1:  88.16% | Top5:  98.36% | Samples: 16487
2025-09-01 12:59:44 | INFO | --------------------------------------------------------------------------------
2025-09-01 12:59:44 | INFO | [Epoch 58/150] | LR: 0.069258
2025-09-01 13:00:54 | INFO | Train | Loss: 0.5338 | Top1:  83.15% | Top5:  97.58% | Samples: 40091
2025-09-01 13:01:00 | INFO | Val   | Loss: 0.3726 | Top1:  88.21% | Top5:  98.31% | Samples: 16487
2025-09-01 13:01:00 | INFO | --------------------------------------------------------------------------------
2025-09-01 13:01:00 | INFO | [Epoch 59/150] | LR: 0.068267
2025-09-01 13:02:10 | INFO | Train | Loss: 0.5454 | Top1:  83.05% | Top5:  97.43% | Samples: 40091
2025-09-01 13:02:17 | INFO | Val   | Loss: 0.3700 | Top1:  88.37% | Top5:  98.29% | Samples: 16487
2025-09-01 13:02:17 | INFO | --------------------------------------------------------------------------------
2025-09-01 13:02:17 | INFO | [Epoch 60/150] | LR: 0.067268
2025-09-01 13:03:27 | INFO | Train | Loss: 0.5292 | Top1:  83.24% | Top5:  97.62% | Samples: 40091
2025-09-01 13:03:33 | INFO | Val   | Loss: 0.3717 | Top1:  88.17% | Top5:  98.25% | Samples: 16487
2025-09-01 13:03:33 | INFO | --------------------------------------------------------------------------------
2025-09-01 13:03:33 | INFO | [Epoch 61/150] | LR: 0.066262
2025-09-01 13:04:43 | INFO | Train | Loss: 0.5264 | Top1:  83.38% | Top5:  97.59% | Samples: 40091
2025-09-01 13:04:50 | INFO | Val   | Loss: 0.3695 | Top1:  88.12% | Top5:  98.39% | Samples: 16487
2025-09-01 13:04:50 | INFO | --------------------------------------------------------------------------------
2025-09-01 13:04:50 | INFO | [Epoch 62/150] | LR: 0.065247
2025-09-01 13:05:59 | INFO | Train | Loss: 0.5132 | Top1:  83.95% | Top5:  97.70% | Samples: 40091
2025-09-01 13:06:06 | INFO | Val   | Loss: 0.3655 | Top1:  88.61% | Top5:  98.44% | Samples: 16487
2025-09-01 13:06:06 | INFO | [BEST] 新最佳有效验证准确率 @ Ep062  Top1=88.61%  Top5=98.44%  -> saved to best_stgcn_ntu60_ms_b_250901.pt
2025-09-01 13:06:07 | INFO | --------------------------------------------------------------------------------
2025-09-01 13:06:07 | INFO | [Epoch 63/150] | LR: 0.064226
2025-09-01 13:07:16 | INFO | Train | Loss: 0.5131 | Top1:  83.98% | Top5:  97.66% | Samples: 40091
2025-09-01 13:07:23 | INFO | Val   | Loss: 0.3626 | Top1:  88.69% | Top5:  98.37% | Samples: 16487
2025-09-01 13:07:23 | INFO | [BEST] 新最佳有效验证准确率 @ Ep063  Top1=88.69%  Top5=98.37%  -> saved to best_stgcn_ntu60_ms_b_250901.pt
2025-09-01 13:07:24 | INFO | --------------------------------------------------------------------------------
2025-09-01 13:07:24 | INFO | [Epoch 64/150] | LR: 0.063199
2025-09-01 13:08:33 | INFO | Train | Loss: 0.5085 | Top1:  84.13% | Top5:  97.73% | Samples: 40091
2025-09-01 13:08:40 | INFO | Val   | Loss: 0.3604 | Top1:  88.52% | Top5:  98.35% | Samples: 16487
2025-09-01 13:08:40 | INFO | --------------------------------------------------------------------------------
2025-09-01 13:08:40 | INFO | [Epoch 65/150] | LR: 0.062165
2025-09-01 13:09:50 | INFO | Train | Loss: 0.5030 | Top1:  84.27% | Top5:  97.85% | Samples: 40091
2025-09-01 13:09:57 | INFO | Val   | Loss: 0.3581 | Top1:  88.62% | Top5:  98.32% | Samples: 16487
2025-09-01 13:09:57 | INFO | --------------------------------------------------------------------------------
2025-09-01 13:09:57 | INFO | [Epoch 66/150] | LR: 0.061126
2025-09-01 13:11:06 | INFO | Train | Loss: 0.5013 | Top1:  84.28% | Top5:  97.84% | Samples: 40091
2025-09-01 13:11:13 | INFO | Val   | Loss: 0.3604 | Top1:  88.55% | Top5:  98.35% | Samples: 16487
2025-09-01 13:11:13 | INFO | --------------------------------------------------------------------------------
2025-09-01 13:11:13 | INFO | [Epoch 67/150] | LR: 0.060082
2025-09-01 13:12:23 | INFO | Train | Loss: 0.5018 | Top1:  84.39% | Top5:  97.76% | Samples: 40091
2025-09-01 13:12:30 | INFO | Val   | Loss: 0.3628 | Top1:  88.48% | Top5:  98.31% | Samples: 16487
2025-09-01 13:12:30 | INFO | --------------------------------------------------------------------------------
2025-09-01 13:12:30 | INFO | [Epoch 68/150] | LR: 0.059033
2025-09-01 13:13:39 | INFO | Train | Loss: 0.4914 | Top1:  84.49% | Top5:  97.82% | Samples: 40091
2025-09-01 13:13:46 | INFO | Val   | Loss: 0.3608 | Top1:  88.45% | Top5:  98.37% | Samples: 16487
2025-09-01 13:13:46 | INFO | --------------------------------------------------------------------------------
2025-09-01 13:13:46 | INFO | [Epoch 69/150] | LR: 0.057980
2025-09-01 13:14:56 | INFO | Train | Loss: 0.4936 | Top1:  84.56% | Top5:  97.70% | Samples: 40091
2025-09-01 13:15:03 | INFO | Val   | Loss: 0.3564 | Top1:  88.68% | Top5:  98.37% | Samples: 16487
2025-09-01 13:15:03 | INFO | --------------------------------------------------------------------------------
2025-09-01 13:15:03 | INFO | [Epoch 70/150] | LR: 0.056923
2025-09-01 13:16:12 | INFO | Train | Loss: 0.4794 | Top1:  84.92% | Top5:  97.96% | Samples: 40091
2025-09-01 13:16:19 | INFO | Val   | Loss: 0.3591 | Top1:  88.62% | Top5:  98.34% | Samples: 16487
2025-09-01 13:16:19 | INFO | --------------------------------------------------------------------------------
2025-09-01 13:16:19 | INFO | [Epoch 71/150] | LR: 0.055864
2025-09-01 13:17:29 | INFO | Train | Loss: 0.4822 | Top1:  85.04% | Top5:  97.81% | Samples: 40091
2025-09-01 13:17:36 | INFO | Val   | Loss: 0.3600 | Top1:  88.73% | Top5:  98.36% | Samples: 16487
2025-09-01 13:17:36 | INFO | [BEST] 新最佳有效验证准确率 @ Ep071  Top1=88.73%  Top5=98.36%  -> saved to best_stgcn_ntu60_ms_b_250901.pt
2025-09-01 13:17:36 | INFO | --------------------------------------------------------------------------------
2025-09-01 13:17:36 | INFO | [Epoch 72/150] | LR: 0.054801
2025-09-01 13:18:46 | INFO | Train | Loss: 0.4828 | Top1:  84.78% | Top5:  97.91% | Samples: 40091
2025-09-01 13:18:53 | INFO | Val   | Loss: 0.3577 | Top1:  88.91% | Top5:  98.30% | Samples: 16487
2025-09-01 13:18:53 | INFO | [BEST] 新最佳有效验证准确率 @ Ep072  Top1=88.91%  Top5=98.30%  -> saved to best_stgcn_ntu60_ms_b_250901.pt
2025-09-01 13:18:53 | INFO | --------------------------------------------------------------------------------
2025-09-01 13:18:53 | INFO | [Epoch 73/150] | LR: 0.053737
2025-09-01 13:20:03 | INFO | Train | Loss: 0.4646 | Top1:  85.50% | Top5:  97.96% | Samples: 40091
2025-09-01 13:20:10 | INFO | Val   | Loss: 0.3560 | Top1:  88.77% | Top5:  98.40% | Samples: 16487
2025-09-01 13:20:10 | INFO | --------------------------------------------------------------------------------
2025-09-01 13:20:10 | INFO | [Epoch 74/150] | LR: 0.052670
2025-09-01 13:21:19 | INFO | Train | Loss: 0.4623 | Top1:  85.56% | Top5:  98.05% | Samples: 40091
2025-09-01 13:21:26 | INFO | Val   | Loss: 0.3579 | Top1:  88.75% | Top5:  98.37% | Samples: 16487
2025-09-01 13:21:26 | INFO | --------------------------------------------------------------------------------
2025-09-01 13:21:26 | INFO | [Epoch 75/150] | LR: 0.051603
2025-09-01 13:22:36 | INFO | Train | Loss: 0.4602 | Top1:  85.54% | Top5:  98.04% | Samples: 40091
2025-09-01 13:22:43 | INFO | Val   | Loss: 0.3518 | Top1:  88.92% | Top5:  98.37% | Samples: 16487
2025-09-01 13:22:43 | INFO | [BEST] 新最佳有效验证准确率 @ Ep075  Top1=88.92%  Top5=98.37%  -> saved to best_stgcn_ntu60_ms_b_250901.pt
2025-09-01 13:22:43 | INFO | --------------------------------------------------------------------------------
2025-09-01 13:22:43 | INFO | [Epoch 76/150] | LR: 0.050534
2025-09-01 13:23:53 | INFO | Train | Loss: 0.4570 | Top1:  85.67% | Top5:  98.10% | Samples: 40091
2025-09-01 13:23:59 | INFO | Val   | Loss: 0.3522 | Top1:  88.96% | Top5:  98.31% | Samples: 16487
2025-09-01 13:24:00 | INFO | [BEST] 新最佳有效验证准确率 @ Ep076  Top1=88.96%  Top5=98.31%  -> saved to best_stgcn_ntu60_ms_b_250901.pt
2025-09-01 13:24:00 | INFO | --------------------------------------------------------------------------------
2025-09-01 13:24:00 | INFO | [Epoch 77/150] | LR: 0.049466
2025-09-01 13:25:10 | INFO | Train | Loss: 0.4422 | Top1:  85.99% | Top5:  98.13% | Samples: 40091
2025-09-01 13:25:17 | INFO | Val   | Loss: 0.3498 | Top1:  89.19% | Top5:  98.43% | Samples: 16487
2025-09-01 13:25:17 | INFO | [BEST] 新最佳有效验证准确率 @ Ep077  Top1=89.19%  Top5=98.43%  -> saved to best_stgcn_ntu60_ms_b_250901.pt
2025-09-01 13:25:17 | INFO | --------------------------------------------------------------------------------
2025-09-01 13:25:17 | INFO | [Epoch 78/150] | LR: 0.048397
2025-09-01 13:26:27 | INFO | Train | Loss: 0.4419 | Top1:  86.23% | Top5:  98.10% | Samples: 40091
2025-09-01 13:26:33 | INFO | Val   | Loss: 0.3489 | Top1:  88.98% | Top5:  98.44% | Samples: 16487
2025-09-01 13:26:33 | INFO | --------------------------------------------------------------------------------
2025-09-01 13:26:33 | INFO | [Epoch 79/150] | LR: 0.047330
2025-09-01 13:27:43 | INFO | Train | Loss: 0.4410 | Top1:  86.27% | Top5:  98.15% | Samples: 40091
2025-09-01 13:27:50 | INFO | Val   | Loss: 0.3441 | Top1:  89.19% | Top5:  98.45% | Samples: 16487
2025-09-01 13:27:50 | INFO | [BEST] 新最佳有效验证准确率 @ Ep079  Top1=89.19%  Top5=98.45%  -> saved to best_stgcn_ntu60_ms_b_250901.pt
2025-09-01 13:27:51 | INFO | --------------------------------------------------------------------------------
2025-09-01 13:27:51 | INFO | [Epoch 80/150] | LR: 0.046263
2025-09-01 13:29:00 | INFO | Train | Loss: 0.4333 | Top1:  86.44% | Top5:  98.11% | Samples: 40091
2025-09-01 13:29:07 | INFO | Val   | Loss: 0.3418 | Top1:  89.25% | Top5:  98.49% | Samples: 16487
2025-09-01 13:29:07 | INFO | [BEST] 新最佳有效验证准确率 @ Ep080  Top1=89.25%  Top5=98.49%  -> saved to best_stgcn_ntu60_ms_b_250901.pt
2025-09-01 13:29:08 | INFO | --------------------------------------------------------------------------------
2025-09-01 13:29:08 | INFO | [Epoch 81/150] | LR: 0.045199
2025-09-01 13:30:17 | INFO | Train | Loss: 0.4280 | Top1:  86.62% | Top5:  98.25% | Samples: 40091
2025-09-01 13:30:24 | INFO | Val   | Loss: 0.3467 | Top1:  88.95% | Top5:  98.39% | Samples: 16487
2025-09-01 13:30:24 | INFO | --------------------------------------------------------------------------------
2025-09-01 13:30:24 | INFO | [Epoch 82/150] | LR: 0.044136
2025-09-01 13:31:34 | INFO | Train | Loss: 0.4151 | Top1:  87.12% | Top5:  98.29% | Samples: 40091
2025-09-01 13:31:41 | INFO | Val   | Loss: 0.3453 | Top1:  89.19% | Top5:  98.41% | Samples: 16487
2025-09-01 13:31:41 | INFO | --------------------------------------------------------------------------------
2025-09-01 13:31:41 | INFO | [Epoch 83/150] | LR: 0.043077
2025-09-01 13:32:51 | INFO | Train | Loss: 0.4070 | Top1:  87.17% | Top5:  98.45% | Samples: 40091
2025-09-01 13:32:58 | INFO | Val   | Loss: 0.3428 | Top1:  89.36% | Top5:  98.48% | Samples: 16487
2025-09-01 13:32:58 | INFO | [BEST] 新最佳有效验证准确率 @ Ep083  Top1=89.36%  Top5=98.48%  -> saved to best_stgcn_ntu60_ms_b_250901.pt
2025-09-01 13:32:58 | INFO | --------------------------------------------------------------------------------
2025-09-01 13:32:58 | INFO | [Epoch 84/150] | LR: 0.042020
2025-09-01 13:34:08 | INFO | Train | Loss: 0.4133 | Top1:  87.12% | Top5:  98.33% | Samples: 40091
2025-09-01 13:34:15 | INFO | Val   | Loss: 0.3428 | Top1:  89.33% | Top5:  98.46% | Samples: 16487
2025-09-01 13:34:15 | INFO | --------------------------------------------------------------------------------
2025-09-01 13:34:15 | INFO | [Epoch 85/150] | LR: 0.040967
2025-09-01 13:35:25 | INFO | Train | Loss: 0.4010 | Top1:  87.62% | Top5:  98.36% | Samples: 40091
2025-09-01 13:35:32 | INFO | Val   | Loss: 0.3394 | Top1:  89.56% | Top5:  98.40% | Samples: 16487
2025-09-01 13:35:32 | INFO | [BEST] 新最佳有效验证准确率 @ Ep085  Top1=89.56%  Top5=98.40%  -> saved to best_stgcn_ntu60_ms_b_250901.pt
2025-09-01 13:35:33 | INFO | --------------------------------------------------------------------------------
2025-09-01 13:35:33 | INFO | [Epoch 86/150] | LR: 0.039918
2025-09-01 13:36:42 | INFO | Train | Loss: 0.3909 | Top1:  87.73% | Top5:  98.49% | Samples: 40091
2025-09-01 13:36:49 | INFO | Val   | Loss: 0.3436 | Top1:  89.46% | Top5:  98.48% | Samples: 16487
2025-09-01 13:36:49 | INFO | --------------------------------------------------------------------------------
2025-09-01 13:36:49 | INFO | [Epoch 87/150] | LR: 0.038874
2025-09-01 13:37:59 | INFO | Train | Loss: 0.3937 | Top1:  87.52% | Top5:  98.45% | Samples: 40091
2025-09-01 13:38:06 | INFO | Val   | Loss: 0.3483 | Top1:  89.26% | Top5:  98.45% | Samples: 16487
2025-09-01 13:38:06 | INFO | --------------------------------------------------------------------------------
2025-09-01 13:38:06 | INFO | [Epoch 88/150] | LR: 0.037835
2025-09-01 13:39:16 | INFO | Train | Loss: 0.3794 | Top1:  88.05% | Top5:  98.54% | Samples: 40091
2025-09-01 13:39:23 | INFO | Val   | Loss: 0.3354 | Top1:  89.54% | Top5:  98.52% | Samples: 16487
2025-09-01 13:39:23 | INFO | --------------------------------------------------------------------------------
2025-09-01 13:39:23 | INFO | [Epoch 89/150] | LR: 0.036801
2025-09-01 13:40:33 | INFO | Train | Loss: 0.3791 | Top1:  88.15% | Top5:  98.54% | Samples: 40091
2025-09-01 13:40:40 | INFO | Val   | Loss: 0.3380 | Top1:  89.46% | Top5:  98.47% | Samples: 16487
2025-09-01 13:40:40 | INFO | --------------------------------------------------------------------------------
2025-09-01 13:40:40 | INFO | [Epoch 90/150] | LR: 0.035774
2025-09-01 13:41:51 | INFO | Train | Loss: 0.3717 | Top1:  88.40% | Top5:  98.61% | Samples: 40091
2025-09-01 13:41:58 | INFO | Val   | Loss: 0.3436 | Top1:  89.48% | Top5:  98.48% | Samples: 16487
2025-09-01 13:41:58 | INFO | --------------------------------------------------------------------------------
2025-09-01 13:41:58 | INFO | [Epoch 91/150] | LR: 0.034753
2025-09-01 13:43:09 | INFO | Train | Loss: 0.3618 | Top1:  88.66% | Top5:  98.67% | Samples: 40091
2025-09-01 13:43:16 | INFO | Val   | Loss: 0.3340 | Top1:  89.78% | Top5:  98.47% | Samples: 16487
2025-09-01 13:43:16 | INFO | [BEST] 新最佳有效验证准确率 @ Ep091  Top1=89.78%  Top5=98.47%  -> saved to best_stgcn_ntu60_ms_b_250901.pt
2025-09-01 13:43:16 | INFO | --------------------------------------------------------------------------------
2025-09-01 13:43:16 | INFO | [Epoch 92/150] | LR: 0.033738
2025-09-01 13:44:27 | INFO | Train | Loss: 0.3567 | Top1:  88.88% | Top5:  98.64% | Samples: 40091
2025-09-01 13:44:34 | INFO | Val   | Loss: 0.3361 | Top1:  89.70% | Top5:  98.50% | Samples: 16487
2025-09-01 13:44:34 | INFO | --------------------------------------------------------------------------------
2025-09-01 13:44:34 | INFO | [Epoch 93/150] | LR: 0.032732
2025-09-01 13:45:44 | INFO | Train | Loss: 0.3494 | Top1:  89.14% | Top5:  98.71% | Samples: 40091
2025-09-01 13:45:51 | INFO | Val   | Loss: 0.3326 | Top1:  89.84% | Top5:  98.50% | Samples: 16487
2025-09-01 13:45:51 | INFO | [BEST] 新最佳有效验证准确率 @ Ep093  Top1=89.84%  Top5=98.50%  -> saved to best_stgcn_ntu60_ms_b_250901.pt
2025-09-01 13:45:52 | INFO | --------------------------------------------------------------------------------
2025-09-01 13:45:52 | INFO | [Epoch 94/150] | LR: 0.031733
2025-09-01 13:47:02 | INFO | Train | Loss: 0.3440 | Top1:  89.31% | Top5:  98.75% | Samples: 40091
2025-09-01 13:47:09 | INFO | Val   | Loss: 0.3366 | Top1:  89.81% | Top5:  98.44% | Samples: 16487
2025-09-01 13:47:09 | INFO | --------------------------------------------------------------------------------
2025-09-01 13:47:09 | INFO | [Epoch 95/150] | LR: 0.030742
2025-09-01 13:48:20 | INFO | Train | Loss: 0.3417 | Top1:  89.44% | Top5:  98.79% | Samples: 40091
2025-09-01 13:48:27 | INFO | Val   | Loss: 0.3372 | Top1:  89.51% | Top5:  98.49% | Samples: 16487
2025-09-01 13:48:27 | INFO | --------------------------------------------------------------------------------
2025-09-01 13:48:27 | INFO | [Epoch 96/150] | LR: 0.029761
2025-09-01 13:49:37 | INFO | Train | Loss: 0.3244 | Top1:  89.94% | Top5:  98.86% | Samples: 40091
2025-09-01 13:49:44 | INFO | Val   | Loss: 0.3317 | Top1:  89.85% | Top5:  98.53% | Samples: 16487
2025-09-01 13:49:44 | INFO | [BEST] 新最佳有效验证准确率 @ Ep096  Top1=89.85%  Top5=98.53%  -> saved to best_stgcn_ntu60_ms_b_250901.pt
2025-09-01 13:49:45 | INFO | --------------------------------------------------------------------------------
2025-09-01 13:49:45 | INFO | [Epoch 97/150] | LR: 0.028788
2025-09-01 13:50:55 | INFO | Train | Loss: 0.3205 | Top1:  90.19% | Top5:  98.89% | Samples: 40091
2025-09-01 13:51:02 | INFO | Val   | Loss: 0.3280 | Top1:  89.83% | Top5:  98.46% | Samples: 16487
2025-09-01 13:51:02 | INFO | --------------------------------------------------------------------------------
2025-09-01 13:51:02 | INFO | [Epoch 98/150] | LR: 0.027826
2025-09-01 13:52:12 | INFO | Train | Loss: 0.3154 | Top1:  90.27% | Top5:  98.97% | Samples: 40091
2025-09-01 13:52:18 | INFO | Val   | Loss: 0.3292 | Top1:  89.87% | Top5:  98.45% | Samples: 16487
2025-09-01 13:52:19 | INFO | [BEST] 新最佳有效验证准确率 @ Ep098  Top1=89.87%  Top5=98.45%  -> saved to best_stgcn_ntu60_ms_b_250901.pt
2025-09-01 13:52:19 | INFO | --------------------------------------------------------------------------------
2025-09-01 13:52:19 | INFO | [Epoch 99/150] | LR: 0.026873
2025-09-01 13:53:29 | INFO | Train | Loss: 0.3018 | Top1:  90.67% | Top5:  99.01% | Samples: 40091
2025-09-01 13:53:36 | INFO | Val   | Loss: 0.3296 | Top1:  89.98% | Top5:  98.48% | Samples: 16487
2025-09-01 13:53:36 | INFO | [BEST] 新最佳有效验证准确率 @ Ep099  Top1=89.98%  Top5=98.48%  -> saved to best_stgcn_ntu60_ms_b_250901.pt
2025-09-01 13:53:36 | INFO | --------------------------------------------------------------------------------
2025-09-01 13:53:36 | INFO | [Epoch 100/150] | LR: 0.025931
2025-09-01 13:54:47 | INFO | Train | Loss: 0.2970 | Top1:  90.88% | Top5:  99.09% | Samples: 40091
2025-09-01 13:54:54 | INFO | Val   | Loss: 0.3269 | Top1:  90.00% | Top5:  98.42% | Samples: 16487
2025-09-01 13:54:54 | INFO | [BEST] 新最佳有效验证准确率 @ Ep100  Top1=90.00%  Top5=98.42%  -> saved to best_stgcn_ntu60_ms_b_250901.pt
2025-09-01 13:54:54 | INFO | --------------------------------------------------------------------------------
2025-09-01 13:54:54 | INFO | [Epoch 101/150] | LR: 0.025000
2025-09-01 13:56:05 | INFO | Train | Loss: 0.2895 | Top1:  91.05% | Top5:  99.09% | Samples: 40091
2025-09-01 13:56:12 | INFO | Val   | Loss: 0.3247 | Top1:  89.94% | Top5:  98.47% | Samples: 16487
2025-09-01 13:56:12 | INFO | --------------------------------------------------------------------------------
2025-09-01 13:56:12 | INFO | [Epoch 102/150] | LR: 0.024080
2025-09-01 13:57:22 | INFO | Train | Loss: 0.2889 | Top1:  91.02% | Top5:  99.12% | Samples: 40091
2025-09-01 13:57:29 | INFO | Val   | Loss: 0.3242 | Top1:  89.86% | Top5:  98.54% | Samples: 16487
2025-09-01 13:57:29 | INFO | --------------------------------------------------------------------------------
2025-09-01 13:57:29 | INFO | [Epoch 103/150] | LR: 0.023173
2025-09-01 13:58:40 | INFO | Train | Loss: 0.2795 | Top1:  91.44% | Top5:  99.13% | Samples: 40091
2025-09-01 13:58:47 | INFO | Val   | Loss: 0.3266 | Top1:  90.19% | Top5:  98.49% | Samples: 16487
2025-09-01 13:58:47 | INFO | [BEST] 新最佳有效验证准确率 @ Ep103  Top1=90.19%  Top5=98.49%  -> saved to best_stgcn_ntu60_ms_b_250901.pt
2025-09-01 13:58:47 | INFO | --------------------------------------------------------------------------------
2025-09-01 13:58:47 | INFO | [Epoch 104/150] | LR: 0.022277
2025-09-01 13:59:58 | INFO | Train | Loss: 0.2708 | Top1:  91.73% | Top5:  99.23% | Samples: 40091
2025-09-01 14:00:05 | INFO | Val   | Loss: 0.3278 | Top1:  90.13% | Top5:  98.49% | Samples: 16487
2025-09-01 14:00:05 | INFO | --------------------------------------------------------------------------------
2025-09-01 14:00:05 | INFO | [Epoch 105/150] | LR: 0.021394
2025-09-01 14:01:15 | INFO | Train | Loss: 0.2599 | Top1:  91.88% | Top5:  99.25% | Samples: 40091
2025-09-01 14:01:22 | INFO | Val   | Loss: 0.3312 | Top1:  89.85% | Top5:  98.41% | Samples: 16487
2025-09-01 14:01:22 | INFO | --------------------------------------------------------------------------------
2025-09-01 14:01:22 | INFO | [Epoch 106/150] | LR: 0.020524
2025-09-01 14:02:32 | INFO | Train | Loss: 0.2441 | Top1:  92.52% | Top5:  99.32% | Samples: 40091
2025-09-01 14:02:39 | INFO | Val   | Loss: 0.3315 | Top1:  89.97% | Top5:  98.43% | Samples: 16487
2025-09-01 14:02:39 | INFO | --------------------------------------------------------------------------------
2025-09-01 14:02:39 | INFO | [Epoch 107/150] | LR: 0.019668
2025-09-01 14:03:50 | INFO | Train | Loss: 0.2436 | Top1:  92.60% | Top5:  99.36% | Samples: 40091
2025-09-01 14:03:57 | INFO | Val   | Loss: 0.3321 | Top1:  89.84% | Top5:  98.40% | Samples: 16487
2025-09-01 14:03:57 | INFO | --------------------------------------------------------------------------------
2025-09-01 14:03:57 | INFO | [Epoch 108/150] | LR: 0.018826
2025-09-01 14:05:07 | INFO | Train | Loss: 0.2336 | Top1:  92.88% | Top5:  99.33% | Samples: 40091
2025-09-01 14:05:14 | INFO | Val   | Loss: 0.3355 | Top1:  90.07% | Top5:  98.34% | Samples: 16487
2025-09-01 14:05:14 | INFO | --------------------------------------------------------------------------------
2025-09-01 14:05:14 | INFO | [Epoch 109/150] | LR: 0.017997
2025-09-01 14:06:25 | INFO | Train | Loss: 0.2233 | Top1:  93.23% | Top5:  99.48% | Samples: 40091
2025-09-01 14:06:32 | INFO | Val   | Loss: 0.3361 | Top1:  90.08% | Top5:  98.38% | Samples: 16487
2025-09-01 14:06:32 | INFO | --------------------------------------------------------------------------------
2025-09-01 14:06:32 | INFO | [Epoch 110/150] | LR: 0.017184
2025-09-01 14:07:42 | INFO | Train | Loss: 0.2174 | Top1:  93.32% | Top5:  99.46% | Samples: 40091
2025-09-01 14:07:49 | INFO | Val   | Loss: 0.3312 | Top1:  90.10% | Top5:  98.36% | Samples: 16487
2025-09-01 14:07:49 | INFO | --------------------------------------------------------------------------------
2025-09-01 14:07:49 | INFO | [Epoch 111/150] | LR: 0.016385
2025-09-01 14:09:00 | INFO | Train | Loss: 0.2106 | Top1:  93.64% | Top5:  99.47% | Samples: 40091
2025-09-01 14:09:07 | INFO | Val   | Loss: 0.3344 | Top1:  90.01% | Top5:  98.45% | Samples: 16487
2025-09-01 14:09:07 | INFO | --------------------------------------------------------------------------------
2025-09-01 14:09:07 | INFO | [Epoch 112/150] | LR: 0.015602
2025-09-01 14:10:17 | INFO | Train | Loss: 0.1950 | Top1:  94.20% | Top5:  99.58% | Samples: 40091
2025-09-01 14:10:24 | INFO | Val   | Loss: 0.3409 | Top1:  89.84% | Top5:  98.41% | Samples: 16487
2025-09-01 14:10:24 | INFO | --------------------------------------------------------------------------------
2025-09-01 14:10:24 | INFO | [Epoch 113/150] | LR: 0.014834
2025-09-01 14:11:35 | INFO | Train | Loss: 0.1890 | Top1:  94.31% | Top5:  99.56% | Samples: 40091
2025-09-01 14:11:42 | INFO | Val   | Loss: 0.3417 | Top1:  89.98% | Top5:  98.34% | Samples: 16487
2025-09-01 14:11:42 | INFO | --------------------------------------------------------------------------------
2025-09-01 14:11:42 | INFO | [Epoch 114/150] | LR: 0.014083
2025-09-01 14:12:52 | INFO | Train | Loss: 0.1754 | Top1:  94.75% | Top5:  99.65% | Samples: 40091
2025-09-01 14:12:59 | INFO | Val   | Loss: 0.3375 | Top1:  90.10% | Top5:  98.36% | Samples: 16487
2025-09-01 14:12:59 | INFO | --------------------------------------------------------------------------------
2025-09-01 14:12:59 | INFO | [Epoch 115/150] | LR: 0.013347
2025-09-01 14:14:10 | INFO | Train | Loss: 0.1812 | Top1:  94.63% | Top5:  99.67% | Samples: 40091
2025-09-01 14:14:17 | INFO | Val   | Loss: 0.3365 | Top1:  90.08% | Top5:  98.45% | Samples: 16487
2025-09-01 14:14:17 | INFO | --------------------------------------------------------------------------------
2025-09-01 14:14:17 | INFO | [Epoch 116/150] | LR: 0.012629
2025-09-01 14:15:27 | INFO | Train | Loss: 0.1621 | Top1:  95.27% | Top5:  99.73% | Samples: 40091
2025-09-01 14:15:34 | INFO | Val   | Loss: 0.3410 | Top1:  89.88% | Top5:  98.39% | Samples: 16487
2025-09-01 14:15:34 | INFO | --------------------------------------------------------------------------------
2025-09-01 14:15:34 | INFO | [Epoch 117/150] | LR: 0.011928
2025-09-01 14:16:44 | INFO | Train | Loss: 0.1531 | Top1:  95.36% | Top5:  99.76% | Samples: 40091
2025-09-01 14:16:51 | INFO | Val   | Loss: 0.3483 | Top1:  89.76% | Top5:  98.38% | Samples: 16487
2025-09-01 14:16:51 | INFO | --------------------------------------------------------------------------------
2025-09-01 14:16:51 | INFO | [Epoch 118/150] | LR: 0.011244
2025-09-01 14:18:01 | INFO | Train | Loss: 0.1470 | Top1:  95.79% | Top5:  99.77% | Samples: 40091
2025-09-01 14:18:08 | INFO | Val   | Loss: 0.3443 | Top1:  89.88% | Top5:  98.33% | Samples: 16487
2025-09-01 14:18:08 | INFO | --------------------------------------------------------------------------------
2025-09-01 14:18:08 | INFO | [Epoch 119/150] | LR: 0.010578
2025-09-01 14:19:18 | INFO | Train | Loss: 0.1313 | Top1:  96.18% | Top5:  99.83% | Samples: 40091
2025-09-01 14:19:25 | INFO | Val   | Loss: 0.3511 | Top1:  89.89% | Top5:  98.32% | Samples: 16487
2025-09-01 14:19:25 | INFO | --------------------------------------------------------------------------------
2025-09-01 14:19:25 | INFO | [Epoch 120/150] | LR: 0.009929
2025-09-01 14:20:36 | INFO | Train | Loss: 0.1225 | Top1:  96.52% | Top5:  99.85% | Samples: 40091
2025-09-01 14:20:43 | INFO | Val   | Loss: 0.3506 | Top1:  89.88% | Top5:  98.44% | Samples: 16487
2025-09-01 14:20:43 | INFO | --------------------------------------------------------------------------------
2025-09-01 14:20:43 | INFO | [Epoch 121/150] | LR: 0.009299
2025-09-01 14:21:53 | INFO | Train | Loss: 0.1180 | Top1:  96.72% | Top5:  99.86% | Samples: 40091
2025-09-01 14:22:00 | INFO | Val   | Loss: 0.3536 | Top1:  89.74% | Top5:  98.30% | Samples: 16487
2025-09-01 14:22:00 | INFO | --------------------------------------------------------------------------------
2025-09-01 14:22:00 | INFO | [Epoch 122/150] | LR: 0.008688
2025-09-01 14:23:10 | INFO | Train | Loss: 0.1078 | Top1:  97.13% | Top5:  99.90% | Samples: 40091
2025-09-01 14:23:17 | INFO | Val   | Loss: 0.3586 | Top1:  89.83% | Top5:  98.25% | Samples: 16487
2025-09-01 14:23:17 | INFO | --------------------------------------------------------------------------------
2025-09-01 14:23:17 | INFO | [Epoch 123/150] | LR: 0.008096
2025-09-01 14:24:28 | INFO | Train | Loss: 0.1057 | Top1:  97.09% | Top5:  99.89% | Samples: 40091
2025-09-01 14:24:34 | INFO | Val   | Loss: 0.3579 | Top1:  89.82% | Top5:  98.22% | Samples: 16487
2025-09-01 14:24:34 | INFO | --------------------------------------------------------------------------------
2025-09-01 14:24:34 | INFO | [Epoch 124/150] | LR: 0.007522
2025-09-01 14:25:45 | INFO | Train | Loss: 0.0928 | Top1:  97.53% | Top5:  99.94% | Samples: 40091
2025-09-01 14:25:52 | INFO | Val   | Loss: 0.3647 | Top1:  89.75% | Top5:  98.26% | Samples: 16487
2025-09-01 14:25:52 | INFO | --------------------------------------------------------------------------------
2025-09-01 14:25:52 | INFO | [Epoch 125/150] | LR: 0.006968
2025-09-01 14:27:02 | INFO | Train | Loss: 0.0835 | Top1:  97.90% | Top5:  99.95% | Samples: 40091
2025-09-01 14:27:09 | INFO | Val   | Loss: 0.3676 | Top1:  89.63% | Top5:  98.18% | Samples: 16487
2025-09-01 14:27:09 | INFO | --------------------------------------------------------------------------------
2025-09-01 14:27:09 | INFO | [Epoch 126/150] | LR: 0.006434
2025-09-01 14:28:19 | INFO | Train | Loss: 0.0809 | Top1:  97.85% | Top5:  99.94% | Samples: 40091
2025-09-01 14:28:26 | INFO | Val   | Loss: 0.3746 | Top1:  89.57% | Top5:  98.19% | Samples: 16487
2025-09-01 14:28:26 | INFO | --------------------------------------------------------------------------------
2025-09-01 14:28:26 | INFO | [Epoch 127/150] | LR: 0.005920
2025-09-01 14:29:36 | INFO | Train | Loss: 0.0712 | Top1:  98.22% | Top5:  99.94% | Samples: 40091
2025-09-01 14:29:43 | INFO | Val   | Loss: 0.3744 | Top1:  89.64% | Top5:  98.14% | Samples: 16487
2025-09-01 14:29:43 | INFO | --------------------------------------------------------------------------------
2025-09-01 14:29:43 | INFO | [Epoch 128/150] | LR: 0.005425
2025-09-01 14:30:53 | INFO | Train | Loss: 0.0625 | Top1:  98.54% | Top5:  99.96% | Samples: 40091
2025-09-01 14:31:00 | INFO | Val   | Loss: 0.3686 | Top1:  89.73% | Top5:  98.22% | Samples: 16487
2025-09-01 14:31:00 | INFO | --------------------------------------------------------------------------------
2025-09-01 14:31:00 | INFO | [Epoch 129/150] | LR: 0.004952
2025-09-01 14:32:11 | INFO | Train | Loss: 0.0595 | Top1:  98.63% | Top5:  99.98% | Samples: 40091
2025-09-01 14:32:18 | INFO | Val   | Loss: 0.3712 | Top1:  89.89% | Top5:  98.17% | Samples: 16487
2025-09-01 14:32:18 | INFO | --------------------------------------------------------------------------------
2025-09-01 14:32:18 | INFO | [Epoch 130/150] | LR: 0.004498
2025-09-01 14:33:28 | INFO | Train | Loss: 0.0534 | Top1:  98.81% | Top5:  99.96% | Samples: 40091
2025-09-01 14:33:35 | INFO | Val   | Loss: 0.3787 | Top1:  89.56% | Top5:  98.19% | Samples: 16487
2025-09-01 14:33:35 | INFO | --------------------------------------------------------------------------------
2025-09-01 14:33:35 | INFO | [Epoch 131/150] | LR: 0.004066
2025-09-01 14:34:46 | INFO | Train | Loss: 0.0463 | Top1:  99.06% | Top5:  99.97% | Samples: 40091
2025-09-01 14:34:53 | INFO | Val   | Loss: 0.3808 | Top1:  89.62% | Top5:  98.10% | Samples: 16487
2025-09-01 14:34:53 | INFO | --------------------------------------------------------------------------------
2025-09-01 14:34:53 | INFO | [Epoch 132/150] | LR: 0.003654
2025-09-01 14:36:03 | INFO | Train | Loss: 0.0415 | Top1:  99.13% | Top5:  99.98% | Samples: 40091
2025-09-01 14:36:10 | INFO | Val   | Loss: 0.3756 | Top1:  89.80% | Top5:  98.23% | Samples: 16487
2025-09-01 14:36:10 | INFO | --------------------------------------------------------------------------------
2025-09-01 14:36:10 | INFO | [Epoch 133/150] | LR: 0.003264
2025-09-01 14:37:21 | INFO | Train | Loss: 0.0383 | Top1:  99.27% | Top5:  99.98% | Samples: 40091
2025-09-01 14:37:28 | INFO | Val   | Loss: 0.3821 | Top1:  89.74% | Top5:  98.15% | Samples: 16487
2025-09-01 14:37:28 | INFO | --------------------------------------------------------------------------------
2025-09-01 14:37:28 | INFO | [Epoch 134/150] | LR: 0.002895
2025-09-01 14:38:39 | INFO | Train | Loss: 0.0354 | Top1:  99.31% | Top5:  99.98% | Samples: 40091
2025-09-01 14:38:46 | INFO | Val   | Loss: 0.3826 | Top1:  89.59% | Top5:  98.14% | Samples: 16487
2025-09-01 14:38:46 | INFO | --------------------------------------------------------------------------------
2025-09-01 14:38:46 | INFO | [Epoch 135/150] | LR: 0.002547
2025-09-01 14:39:56 | INFO | Train | Loss: 0.0329 | Top1:  99.38% | Top5:  99.98% | Samples: 40091
2025-09-01 14:40:03 | INFO | Val   | Loss: 0.3792 | Top1:  89.82% | Top5:  98.16% | Samples: 16487
2025-09-01 14:40:03 | INFO | --------------------------------------------------------------------------------
2025-09-01 14:40:03 | INFO | [Epoch 136/150] | LR: 0.002221
2025-09-01 14:41:13 | INFO | Train | Loss: 0.0288 | Top1:  99.49% | Top5:  99.98% | Samples: 40091
2025-09-01 14:41:20 | INFO | Val   | Loss: 0.3802 | Top1:  89.91% | Top5:  98.15% | Samples: 16487
2025-09-01 14:41:20 | INFO | --------------------------------------------------------------------------------
2025-09-01 14:41:20 | INFO | [Epoch 137/150] | LR: 0.001917
2025-09-01 14:42:31 | INFO | Train | Loss: 0.0271 | Top1:  99.55% | Top5:  99.99% | Samples: 40091
2025-09-01 14:42:38 | INFO | Val   | Loss: 0.3840 | Top1:  89.69% | Top5:  98.11% | Samples: 16487
2025-09-01 14:42:38 | INFO | --------------------------------------------------------------------------------
2025-09-01 14:42:38 | INFO | [Epoch 138/150] | LR: 0.001635
2025-09-01 14:43:48 | INFO | Train | Loss: 0.0249 | Top1:  99.56% | Top5:  99.99% | Samples: 40091
2025-09-01 14:43:55 | INFO | Val   | Loss: 0.3856 | Top1:  89.62% | Top5:  98.10% | Samples: 16487
2025-09-01 14:43:55 | INFO | --------------------------------------------------------------------------------
2025-09-01 14:43:55 | INFO | [Epoch 139/150] | LR: 0.001375
2025-09-01 14:45:06 | INFO | Train | Loss: 0.0245 | Top1:  99.63% | Top5:  99.99% | Samples: 40091
2025-09-01 14:45:13 | INFO | Val   | Loss: 0.3839 | Top1:  89.75% | Top5:  98.07% | Samples: 16487
2025-09-01 14:45:13 | INFO | --------------------------------------------------------------------------------
2025-09-01 14:45:13 | INFO | [Epoch 140/150] | LR: 0.001138
2025-09-01 14:46:23 | INFO | Train | Loss: 0.0238 | Top1:  99.60% | Top5:  99.98% | Samples: 40091
2025-09-01 14:46:30 | INFO | Val   | Loss: 0.3863 | Top1:  89.82% | Top5:  98.08% | Samples: 16487
2025-09-01 14:46:30 | INFO | --------------------------------------------------------------------------------
2025-09-01 14:46:30 | INFO | [Epoch 141/150] | LR: 0.000922
2025-09-01 14:47:41 | INFO | Train | Loss: 0.0218 | Top1:  99.67% | Top5:  99.99% | Samples: 40091
2025-09-01 14:47:48 | INFO | Val   | Loss: 0.3840 | Top1:  89.86% | Top5:  98.06% | Samples: 16487
2025-09-01 14:47:48 | INFO | --------------------------------------------------------------------------------
2025-09-01 14:47:48 | INFO | [Epoch 142/150] | LR: 0.000729
2025-09-01 14:48:59 | INFO | Train | Loss: 0.0232 | Top1:  99.62% | Top5:  99.99% | Samples: 40091
2025-09-01 14:49:06 | INFO | Val   | Loss: 0.3837 | Top1:  89.77% | Top5:  98.05% | Samples: 16487
2025-09-01 14:49:06 | INFO | --------------------------------------------------------------------------------
2025-09-01 14:49:06 | INFO | [Epoch 143/150] | LR: 0.000558
2025-09-01 14:50:17 | INFO | Train | Loss: 0.0232 | Top1:  99.61% | Top5:  99.98% | Samples: 40091
2025-09-01 14:50:24 | INFO | Val   | Loss: 0.3847 | Top1:  89.94% | Top5:  98.03% | Samples: 16487
2025-09-01 14:50:24 | INFO | --------------------------------------------------------------------------------
2025-09-01 14:50:24 | INFO | [Epoch 144/150] | LR: 0.000410
2025-09-01 14:51:34 | INFO | Train | Loss: 0.0216 | Top1:  99.65% | Top5:  99.99% | Samples: 40091
2025-09-01 14:51:41 | INFO | Val   | Loss: 0.3837 | Top1:  89.90% | Top5:  98.02% | Samples: 16487
2025-09-01 14:51:41 | INFO | --------------------------------------------------------------------------------
2025-09-01 14:51:41 | INFO | [Epoch 145/150] | LR: 0.000285
2025-09-01 14:52:52 | INFO | Train | Loss: 0.0203 | Top1:  99.71% | Top5:  99.99% | Samples: 40091
2025-09-01 14:52:59 | INFO | Val   | Loss: 0.3838 | Top1:  89.97% | Top5:  98.07% | Samples: 16487
2025-09-01 14:52:59 | INFO | --------------------------------------------------------------------------------
2025-09-01 14:52:59 | INFO | [Epoch 146/150] | LR: 0.000183
2025-09-01 14:54:10 | INFO | Train | Loss: 0.0195 | Top1:  99.72% | Top5:  99.99% | Samples: 40091
2025-09-01 14:54:17 | INFO | Val   | Loss: 0.3842 | Top1:  89.86% | Top5:  98.06% | Samples: 16487
2025-09-01 14:54:17 | INFO | --------------------------------------------------------------------------------
2025-09-01 14:54:17 | INFO | [Epoch 147/150] | LR: 0.000103
2025-09-01 14:55:27 | INFO | Train | Loss: 0.0194 | Top1:  99.76% | Top5:  99.99% | Samples: 40091
2025-09-01 14:55:34 | INFO | Val   | Loss: 0.3848 | Top1:  89.83% | Top5:  98.07% | Samples: 16487
2025-09-01 14:55:34 | INFO | --------------------------------------------------------------------------------
2025-09-01 14:55:34 | INFO | [Epoch 148/150] | LR: 0.000046
2025-09-01 14:56:44 | INFO | Train | Loss: 0.0198 | Top1:  99.71% | Top5:  99.99% | Samples: 40091
2025-09-01 14:56:51 | INFO | Val   | Loss: 0.3840 | Top1:  89.89% | Top5:  98.07% | Samples: 16487
2025-09-01 14:56:51 | INFO | --------------------------------------------------------------------------------
2025-09-01 14:56:51 | INFO | [Epoch 149/150] | LR: 0.000011
2025-09-01 14:58:02 | INFO | Train | Loss: 0.0199 | Top1:  99.71% | Top5:  99.99% | Samples: 40091
2025-09-01 14:58:09 | INFO | Val   | Loss: 0.3835 | Top1:  89.90% | Top5:  98.07% | Samples: 16487
2025-09-01 14:58:09 | INFO | --------------------------------------------------------------------------------
2025-09-01 14:58:09 | INFO | [Epoch 150/150] | LR: 0.000000
2025-09-01 14:59:19 | INFO | Train | Loss: 0.0195 | Top1:  99.71% | Top5:  99.98% | Samples: 40091
2025-09-01 14:59:26 | INFO | Val   | Loss: 0.3835 | Top1:  89.90% | Top5:  98.07% | Samples: 16487
2025-09-01 14:59:26 | INFO | ================================================================================
2025-09-01 14:59:26 | INFO | ✅ Finished. Best Top1 90.19% / Top5 98.49% @ epoch 103
2025-09-01 14:59:26 | INFO | ================================================================================
