2025-09-06 11:41:59 | INFO | ================================================================================
2025-09-06 11:41:59 | INFO | Logging to: G:/code/PosePointNet/pyskl_gcn/logs/train_stgcn_25_09_06_11_41.log
2025-09-06 11:41:59 | INFO | ================================================================================
2025-09-06 11:41:59 | INFO | Config:
2025-09-06 11:41:59 | INFO |   AMP: True
2025-09-06 11:41:59 | INFO |   BATCH: 64
2025-09-06 11:41:59 | INFO |   CKPT_PATH: best_stgcn_ntu60_ms_cs_j_base_250906_01.pt
2025-09-06 11:41:59 | INFO |   EMA: {'enabled': True, 'start_epoch': 3, 'eval_use_ema': True, 'ref_batch': 16, 'decay': 0.999}
2025-09-06 11:41:59 | INFO |   EPOCH: 240
2025-09-06 11:41:59 | INFO |   GPU_ID: 2
2025-09-06 11:41:59 | INFO |   NUM_CLASS: 60
2025-09-06 11:41:59 | INFO |   NUM_WORKERS: 8
2025-09-06 11:41:59 | INFO |   OPT: {'name': 'SGD', 'lr': 0.1, 'momentum': 0.9, 'weight_decay': 0.0005, 'nesterov': True}
2025-09-06 11:41:59 | INFO |   PREFETCH: 4
2025-09-06 11:41:59 | INFO |   PRETRAINED: 
2025-09-06 11:41:59 | INFO |   PRINT_FREQ: 0
2025-09-06 11:41:59 | INFO |   SCHED: {'type': 'cosine', 'by': 'step', 'min_lr': 0.01, 'warmup_epochs': 3}
2025-09-06 11:41:59 | INFO |   SEED: 42
2025-09-06 11:41:59 | INFO |   STREAMS: ('j',)
2025-09-06 11:41:59 | INFO |   T: 64
2025-09-06 11:41:59 | INFO |   TRAIN_NPZ: G:/datasets/cls_video/nturgbd_skeletons_s001_to_s017/pkl_mmaction/npz_raw_xyz_ntu60/ntu60_cs_train_xyz_raw.npz
2025-09-06 11:41:59 | INFO |   VAL_NPZ: G:/datasets/cls_video/nturgbd_skeletons_s001_to_s017/pkl_mmaction/npz_raw_xyz_ntu60/ntu60_cs_test_xyz_raw.npz
2025-09-06 11:41:59 | INFO | --------------------------------------------------------------------------------
2025-09-06 11:41:59 | INFO | Python: 3.8.19 (default, Mar 20 2024, 19:58:24)  [GCC 11.2.0]
2025-09-06 11:41:59 | INFO | OS: Linux 5.15.0-72-generic | CPU: x86_64
2025-09-06 11:41:59 | INFO | PyTorch: 2.1.2+cu118
2025-09-06 11:41:59 | INFO | CUDA available: True | GPUs: 8
2025-09-06 11:41:59 | INFO | CUDA (build): 11.8
2025-09-06 11:41:59 | INFO | cuDNN: 8906
2025-09-06 11:41:59 | INFO | CUDA device idx: 0 | name: NVIDIA A800 80GB PCIe | capability: (8, 0)
2025-09-06 11:41:59 | INFO | TF32 matmul allowed: False
2025-09-06 11:41:59 | INFO | CUDNN benchmark: False | deterministic: False
2025-09-06 11:41:59 | INFO | ================================================================================
2025-09-06 11:42:08 | INFO | Train | NPZ: G:/datasets/cls_video/nturgbd_skeletons_s001_to_s017/pkl_mmaction/npz_raw_xyz_ntu60/ntu60_cs_train_xyz_raw.npz
2025-09-06 11:42:08 | INFO | Train | Total: 40091 | Batch: 64 | Workers: 8
2025-09-06 11:42:11 | INFO | Val   | NPZ: G:/datasets/cls_video/nturgbd_skeletons_s001_to_s017/pkl_mmaction/npz_raw_xyz_ntu60/ntu60_cs_test_xyz_raw.npz
2025-09-06 11:42:11 | INFO | Val   | Total: 16487 | Batch: 64 | Workers: 8
2025-09-06 11:42:11 | INFO | Streams: ('j',) -> in_channels = 3
2025-09-06 11:42:12 | INFO | Model: STGCNClassifier | Params(all): 1,403,144 | GFLOPs(all/backbone): 1.7279 G / 1.7279 G
2025-09-06 11:42:12 | INFO | EMA per-step decay = 0.996006  [legacy(base_decay=0.999, ref_batch=16, cur_batch=64)]
2025-09-06 11:42:12 | INFO | --------------------------------------------------------------------------------
2025-09-06 11:42:12 | INFO | [Epoch 01/240] | LR: 0.000053
2025-09-06 11:43:26 | INFO | Train | Loss: 2.7007 | Top1:  26.42% | Top5:  56.97% | Samples: 40091
2025-09-06 11:43:34 | INFO | Val   | Loss: 2.9107 | Top1:  33.21% | Top5:  65.65% | Samples: 16487
2025-09-06 11:43:34 | INFO | [BEST] 新最佳有效验证准确率 @ Ep001  Top1=33.21%  Top5=65.65%  -> saved to best_stgcn_ntu60_ms_cs_j_base_250906_01.pt
2025-09-06 11:43:34 | INFO | --------------------------------------------------------------------------------
2025-09-06 11:43:34 | INFO | [Epoch 02/240] | LR: 0.033386
2025-09-06 11:44:45 | INFO | Train | Loss: 1.4569 | Top1:  55.58% | Top5:  88.32% | Samples: 40091
2025-09-06 11:44:52 | INFO | Val   | Loss: 1.7232 | Top1:  53.46% | Top5:  87.20% | Samples: 16487
2025-09-06 11:44:53 | INFO | [BEST] 新最佳有效验证准确率 @ Ep002  Top1=53.46%  Top5=87.20%  -> saved to best_stgcn_ntu60_ms_cs_j_base_250906_01.pt
2025-09-06 11:44:53 | INFO | --------------------------------------------------------------------------------
2025-09-06 11:44:53 | INFO | [Epoch 03/240] | LR: 0.066720
2025-09-06 11:46:04 | INFO | Train | Loss: 1.1550 | Top1:  63.92% | Top5:  92.28% | Samples: 40091
2025-09-06 11:46:11 | INFO | Val   | Loss: 0.8166 | Top1:  74.80% | Top5:  95.12% | Samples: 16487
2025-09-06 11:46:11 | INFO | [BEST] 新最佳有效验证准确率 @ Ep003  Top1=74.80%  Top5=95.12%  -> saved to best_stgcn_ntu60_ms_cs_j_base_250906_01.pt
2025-09-06 11:46:11 | INFO | --------------------------------------------------------------------------------
2025-09-06 11:46:11 | INFO | [Epoch 04/240] | LR: 0.100000
2025-09-06 11:47:24 | INFO | Train | Loss: 0.9670 | Top1:  69.87% | Top5:  94.32% | Samples: 40091
2025-09-06 11:47:31 | INFO | Val   | Loss: 0.7298 | Top1:  77.34% | Top5:  95.86% | Samples: 16487
2025-09-06 11:47:31 | INFO | [BEST] 新最佳有效验证准确率 @ Ep004  Top1=77.34%  Top5=95.86%  -> saved to best_stgcn_ntu60_ms_cs_j_base_250906_01.pt
2025-09-06 11:47:31 | INFO | --------------------------------------------------------------------------------
2025-09-06 11:47:31 | INFO | [Epoch 05/240] | LR: 0.099996
2025-09-06 11:48:44 | INFO | Train | Loss: 0.8707 | Top1:  72.84% | Top5:  94.94% | Samples: 40091
2025-09-06 11:48:51 | INFO | Val   | Loss: 0.6804 | Top1:  78.73% | Top5:  96.35% | Samples: 16487
2025-09-06 11:48:51 | INFO | [BEST] 新最佳有效验证准确率 @ Ep005  Top1=78.73%  Top5=96.35%  -> saved to best_stgcn_ntu60_ms_cs_j_base_250906_01.pt
2025-09-06 11:48:51 | INFO | --------------------------------------------------------------------------------
2025-09-06 11:48:51 | INFO | [Epoch 06/240] | LR: 0.099984
2025-09-06 11:50:04 | INFO | Train | Loss: 0.8119 | Top1:  74.38% | Top5:  95.54% | Samples: 40091
2025-09-06 11:50:11 | INFO | Val   | Loss: 0.6212 | Top1:  80.52% | Top5:  96.87% | Samples: 16487
2025-09-06 11:50:11 | INFO | [BEST] 新最佳有效验证准确率 @ Ep006  Top1=80.52%  Top5=96.87%  -> saved to best_stgcn_ntu60_ms_cs_j_base_250906_01.pt
2025-09-06 11:50:11 | INFO | --------------------------------------------------------------------------------
2025-09-06 11:50:11 | INFO | [Epoch 07/240] | LR: 0.099964
2025-09-06 11:51:23 | INFO | Train | Loss: 0.7811 | Top1:  75.38% | Top5:  95.70% | Samples: 40091
2025-09-06 11:51:30 | INFO | Val   | Loss: 0.5543 | Top1:  82.64% | Top5:  97.26% | Samples: 16487
2025-09-06 11:51:30 | INFO | [BEST] 新最佳有效验证准确率 @ Ep007  Top1=82.64%  Top5=97.26%  -> saved to best_stgcn_ntu60_ms_cs_j_base_250906_01.pt
2025-09-06 11:51:31 | INFO | --------------------------------------------------------------------------------
2025-09-06 11:51:31 | INFO | [Epoch 08/240] | LR: 0.099937
2025-09-06 11:52:44 | INFO | Train | Loss: 0.7606 | Top1:  75.97% | Top5:  95.80% | Samples: 40091
2025-09-06 11:52:50 | INFO | Val   | Loss: 0.5303 | Top1:  83.27% | Top5:  97.48% | Samples: 16487
2025-09-06 11:52:51 | INFO | [BEST] 新最佳有效验证准确率 @ Ep008  Top1=83.27%  Top5=97.48%  -> saved to best_stgcn_ntu60_ms_cs_j_base_250906_01.pt
2025-09-06 11:52:51 | INFO | --------------------------------------------------------------------------------
2025-09-06 11:52:51 | INFO | [Epoch 09/240] | LR: 0.099901
2025-09-06 11:54:03 | INFO | Train | Loss: 0.7332 | Top1:  76.96% | Top5:  96.08% | Samples: 40091
2025-09-06 11:54:10 | INFO | Val   | Loss: 0.5129 | Top1:  83.81% | Top5:  97.61% | Samples: 16487
2025-09-06 11:54:11 | INFO | [BEST] 新最佳有效验证准确率 @ Ep009  Top1=83.81%  Top5=97.61%  -> saved to best_stgcn_ntu60_ms_cs_j_base_250906_01.pt
2025-09-06 11:54:11 | INFO | --------------------------------------------------------------------------------
2025-09-06 11:54:11 | INFO | [Epoch 10/240] | LR: 0.099858
2025-09-06 11:55:23 | INFO | Train | Loss: 0.7211 | Top1:  77.15% | Top5:  96.15% | Samples: 40091
2025-09-06 11:55:30 | INFO | Val   | Loss: 0.4989 | Top1:  84.24% | Top5:  97.70% | Samples: 16487
2025-09-06 11:55:30 | INFO | [BEST] 新最佳有效验证准确率 @ Ep010  Top1=84.24%  Top5=97.70%  -> saved to best_stgcn_ntu60_ms_cs_j_base_250906_01.pt
2025-09-06 11:55:31 | INFO | --------------------------------------------------------------------------------
2025-09-06 11:55:31 | INFO | [Epoch 11/240] | LR: 0.099806
2025-09-06 11:56:43 | INFO | Train | Loss: 0.7082 | Top1:  77.80% | Top5:  96.21% | Samples: 40091
2025-09-06 11:56:50 | INFO | Val   | Loss: 0.4907 | Top1:  84.20% | Top5:  97.83% | Samples: 16487
2025-09-06 11:56:50 | INFO | --------------------------------------------------------------------------------
2025-09-06 11:56:50 | INFO | [Epoch 12/240] | LR: 0.099747
2025-09-06 11:58:03 | INFO | Train | Loss: 0.6965 | Top1:  78.13% | Top5:  96.48% | Samples: 40091
2025-09-06 11:58:10 | INFO | Val   | Loss: 0.4869 | Top1:  84.47% | Top5:  97.70% | Samples: 16487
2025-09-06 11:58:10 | INFO | [BEST] 新最佳有效验证准确率 @ Ep012  Top1=84.47%  Top5=97.70%  -> saved to best_stgcn_ntu60_ms_cs_j_base_250906_01.pt
2025-09-06 11:58:10 | INFO | --------------------------------------------------------------------------------
2025-09-06 11:58:10 | INFO | [Epoch 13/240] | LR: 0.099680
2025-09-06 11:59:22 | INFO | Train | Loss: 0.6909 | Top1:  78.36% | Top5:  96.50% | Samples: 40091
2025-09-06 11:59:29 | INFO | Val   | Loss: 0.4799 | Top1:  84.70% | Top5:  97.90% | Samples: 16487
2025-09-06 11:59:29 | INFO | [BEST] 新最佳有效验证准确率 @ Ep013  Top1=84.70%  Top5=97.90%  -> saved to best_stgcn_ntu60_ms_cs_j_base_250906_01.pt
2025-09-06 11:59:30 | INFO | --------------------------------------------------------------------------------
2025-09-06 11:59:30 | INFO | [Epoch 14/240] | LR: 0.099605
2025-09-06 12:00:42 | INFO | Train | Loss: 0.6754 | Top1:  78.62% | Top5:  96.48% | Samples: 40091
2025-09-06 12:00:49 | INFO | Val   | Loss: 0.4788 | Top1:  84.70% | Top5:  97.82% | Samples: 16487
2025-09-06 12:00:49 | INFO | --------------------------------------------------------------------------------
2025-09-06 12:00:49 | INFO | [Epoch 15/240] | LR: 0.099522
2025-09-06 12:02:01 | INFO | Train | Loss: 0.6702 | Top1:  79.12% | Top5:  96.57% | Samples: 40091
2025-09-06 12:02:08 | INFO | Val   | Loss: 0.4720 | Top1:  85.11% | Top5:  97.93% | Samples: 16487
2025-09-06 12:02:08 | INFO | [BEST] 新最佳有效验证准确率 @ Ep015  Top1=85.11%  Top5=97.93%  -> saved to best_stgcn_ntu60_ms_cs_j_base_250906_01.pt
2025-09-06 12:02:08 | INFO | --------------------------------------------------------------------------------
2025-09-06 12:02:08 | INFO | [Epoch 16/240] | LR: 0.099432
2025-09-06 12:03:21 | INFO | Train | Loss: 0.6668 | Top1:  79.10% | Top5:  96.63% | Samples: 40091
2025-09-06 12:03:28 | INFO | Val   | Loss: 0.4592 | Top1:  85.59% | Top5:  97.88% | Samples: 16487
2025-09-06 12:03:28 | INFO | [BEST] 新最佳有效验证准确率 @ Ep016  Top1=85.59%  Top5=97.88%  -> saved to best_stgcn_ntu60_ms_cs_j_base_250906_01.pt
2025-09-06 12:03:28 | INFO | --------------------------------------------------------------------------------
2025-09-06 12:03:28 | INFO | [Epoch 17/240] | LR: 0.099333
2025-09-06 12:04:41 | INFO | Train | Loss: 0.6588 | Top1:  79.27% | Top5:  96.59% | Samples: 40091
2025-09-06 12:04:48 | INFO | Val   | Loss: 0.4590 | Top1:  85.46% | Top5:  97.91% | Samples: 16487
2025-09-06 12:04:48 | INFO | --------------------------------------------------------------------------------
2025-09-06 12:04:48 | INFO | [Epoch 18/240] | LR: 0.099227
2025-09-06 12:06:01 | INFO | Train | Loss: 0.6499 | Top1:  79.45% | Top5:  96.84% | Samples: 40091
2025-09-06 12:06:08 | INFO | Val   | Loss: 0.4529 | Top1:  85.78% | Top5:  97.89% | Samples: 16487
2025-09-06 12:06:08 | INFO | [BEST] 新最佳有效验证准确率 @ Ep018  Top1=85.78%  Top5=97.89%  -> saved to best_stgcn_ntu60_ms_cs_j_base_250906_01.pt
2025-09-06 12:06:08 | INFO | --------------------------------------------------------------------------------
2025-09-06 12:06:08 | INFO | [Epoch 19/240] | LR: 0.099113
2025-09-06 12:07:21 | INFO | Train | Loss: 0.6461 | Top1:  79.74% | Top5:  96.62% | Samples: 40091
2025-09-06 12:07:28 | INFO | Val   | Loss: 0.4529 | Top1:  85.75% | Top5:  98.00% | Samples: 16487
2025-09-06 12:07:28 | INFO | --------------------------------------------------------------------------------
2025-09-06 12:07:28 | INFO | [Epoch 20/240] | LR: 0.098991
2025-09-06 12:08:40 | INFO | Train | Loss: 0.6420 | Top1:  79.97% | Top5:  96.88% | Samples: 40091
2025-09-06 12:08:47 | INFO | Val   | Loss: 0.4470 | Top1:  85.74% | Top5:  98.03% | Samples: 16487
2025-09-06 12:08:47 | INFO | --------------------------------------------------------------------------------
2025-09-06 12:08:47 | INFO | [Epoch 21/240] | LR: 0.098862
2025-09-06 12:10:00 | INFO | Train | Loss: 0.6349 | Top1:  80.26% | Top5:  96.84% | Samples: 40091
2025-09-06 12:10:07 | INFO | Val   | Loss: 0.4453 | Top1:  86.06% | Top5:  98.01% | Samples: 16487
2025-09-06 12:10:07 | INFO | [BEST] 新最佳有效验证准确率 @ Ep021  Top1=86.06%  Top5=98.01%  -> saved to best_stgcn_ntu60_ms_cs_j_base_250906_01.pt
2025-09-06 12:10:07 | INFO | --------------------------------------------------------------------------------
2025-09-06 12:10:07 | INFO | [Epoch 22/240] | LR: 0.098725
2025-09-06 12:11:20 | INFO | Train | Loss: 0.6305 | Top1:  80.20% | Top5:  96.90% | Samples: 40091
2025-09-06 12:11:27 | INFO | Val   | Loss: 0.4329 | Top1:  86.38% | Top5:  98.03% | Samples: 16487
2025-09-06 12:11:27 | INFO | [BEST] 新最佳有效验证准确率 @ Ep022  Top1=86.38%  Top5=98.03%  -> saved to best_stgcn_ntu60_ms_cs_j_base_250906_01.pt
2025-09-06 12:11:28 | INFO | --------------------------------------------------------------------------------
2025-09-06 12:11:28 | INFO | [Epoch 23/240] | LR: 0.098580
2025-09-06 12:12:40 | INFO | Train | Loss: 0.6264 | Top1:  80.17% | Top5:  97.00% | Samples: 40091
2025-09-06 12:12:46 | INFO | Val   | Loss: 0.4411 | Top1:  85.85% | Top5:  98.07% | Samples: 16487
2025-09-06 12:12:46 | INFO | --------------------------------------------------------------------------------
2025-09-06 12:12:46 | INFO | [Epoch 24/240] | LR: 0.098428
2025-09-06 12:13:59 | INFO | Train | Loss: 0.6229 | Top1:  80.57% | Top5:  96.86% | Samples: 40091
2025-09-06 12:14:06 | INFO | Val   | Loss: 0.4306 | Top1:  86.30% | Top5:  98.10% | Samples: 16487
2025-09-06 12:14:06 | INFO | --------------------------------------------------------------------------------
2025-09-06 12:14:06 | INFO | [Epoch 25/240] | LR: 0.098267
2025-09-06 12:15:19 | INFO | Train | Loss: 0.6187 | Top1:  80.78% | Top5:  97.03% | Samples: 40091
2025-09-06 12:15:26 | INFO | Val   | Loss: 0.4299 | Top1:  86.50% | Top5:  98.10% | Samples: 16487
2025-09-06 12:15:26 | INFO | [BEST] 新最佳有效验证准确率 @ Ep025  Top1=86.50%  Top5=98.10%  -> saved to best_stgcn_ntu60_ms_cs_j_base_250906_01.pt
2025-09-06 12:15:26 | INFO | --------------------------------------------------------------------------------
2025-09-06 12:15:26 | INFO | [Epoch 26/240] | LR: 0.098100
2025-09-06 12:16:38 | INFO | Train | Loss: 0.6123 | Top1:  80.80% | Top5:  96.98% | Samples: 40091
2025-09-06 12:16:45 | INFO | Val   | Loss: 0.4266 | Top1:  86.53% | Top5:  98.11% | Samples: 16487
2025-09-06 12:16:45 | INFO | [BEST] 新最佳有效验证准确率 @ Ep026  Top1=86.53%  Top5=98.11%  -> saved to best_stgcn_ntu60_ms_cs_j_base_250906_01.pt
2025-09-06 12:16:46 | INFO | --------------------------------------------------------------------------------
2025-09-06 12:16:46 | INFO | [Epoch 27/240] | LR: 0.097924
2025-09-06 12:17:58 | INFO | Train | Loss: 0.6150 | Top1:  80.67% | Top5:  97.00% | Samples: 40091
2025-09-06 12:18:05 | INFO | Val   | Loss: 0.4365 | Top1:  86.30% | Top5:  98.19% | Samples: 16487
2025-09-06 12:18:05 | INFO | --------------------------------------------------------------------------------
2025-09-06 12:18:05 | INFO | [Epoch 28/240] | LR: 0.097742
2025-09-06 12:19:17 | INFO | Train | Loss: 0.6206 | Top1:  80.57% | Top5:  96.93% | Samples: 40091
2025-09-06 12:19:24 | INFO | Val   | Loss: 0.4306 | Top1:  86.32% | Top5:  98.17% | Samples: 16487
2025-09-06 12:19:24 | INFO | --------------------------------------------------------------------------------
2025-09-06 12:19:24 | INFO | [Epoch 29/240] | LR: 0.097551
2025-09-06 12:20:36 | INFO | Train | Loss: 0.6122 | Top1:  80.98% | Top5:  96.96% | Samples: 40091
2025-09-06 12:20:43 | INFO | Val   | Loss: 0.4304 | Top1:  86.70% | Top5:  98.14% | Samples: 16487
2025-09-06 12:20:43 | INFO | [BEST] 新最佳有效验证准确率 @ Ep029  Top1=86.70%  Top5=98.14%  -> saved to best_stgcn_ntu60_ms_cs_j_base_250906_01.pt
2025-09-06 12:20:43 | INFO | --------------------------------------------------------------------------------
2025-09-06 12:20:43 | INFO | [Epoch 30/240] | LR: 0.097353
2025-09-06 12:21:56 | INFO | Train | Loss: 0.6105 | Top1:  80.95% | Top5:  97.01% | Samples: 40091
2025-09-06 12:22:03 | INFO | Val   | Loss: 0.4281 | Top1:  86.55% | Top5:  98.14% | Samples: 16487
2025-09-06 12:22:03 | INFO | --------------------------------------------------------------------------------
2025-09-06 12:22:03 | INFO | [Epoch 31/240] | LR: 0.097148
2025-09-06 12:23:15 | INFO | Train | Loss: 0.6136 | Top1:  80.78% | Top5:  97.01% | Samples: 40091
2025-09-06 12:23:22 | INFO | Val   | Loss: 0.4319 | Top1:  86.50% | Top5:  98.20% | Samples: 16487
2025-09-06 12:23:22 | INFO | --------------------------------------------------------------------------------
2025-09-06 12:23:22 | INFO | [Epoch 32/240] | LR: 0.096936
2025-09-06 12:24:34 | INFO | Train | Loss: 0.6131 | Top1:  80.67% | Top5:  97.01% | Samples: 40091
2025-09-06 12:24:41 | INFO | Val   | Loss: 0.4249 | Top1:  86.55% | Top5:  98.22% | Samples: 16487
2025-09-06 12:24:41 | INFO | --------------------------------------------------------------------------------
2025-09-06 12:24:41 | INFO | [Epoch 33/240] | LR: 0.096715
2025-09-06 12:25:53 | INFO | Train | Loss: 0.6000 | Top1:  81.22% | Top5:  97.06% | Samples: 40091
2025-09-06 12:26:00 | INFO | Val   | Loss: 0.4176 | Top1:  86.58% | Top5:  98.27% | Samples: 16487
2025-09-06 12:26:00 | INFO | --------------------------------------------------------------------------------
2025-09-06 12:26:00 | INFO | [Epoch 34/240] | LR: 0.096488
2025-09-06 12:27:12 | INFO | Train | Loss: 0.6055 | Top1:  81.00% | Top5:  97.08% | Samples: 40091
2025-09-06 12:27:19 | INFO | Val   | Loss: 0.4265 | Top1:  86.33% | Top5:  98.20% | Samples: 16487
2025-09-06 12:27:19 | INFO | --------------------------------------------------------------------------------
2025-09-06 12:27:19 | INFO | [Epoch 35/240] | LR: 0.096253
2025-09-06 12:28:31 | INFO | Train | Loss: 0.5955 | Top1:  81.32% | Top5:  97.08% | Samples: 40091
2025-09-06 12:28:38 | INFO | Val   | Loss: 0.4172 | Top1:  86.71% | Top5:  98.14% | Samples: 16487
2025-09-06 12:28:38 | INFO | [BEST] 新最佳有效验证准确率 @ Ep035  Top1=86.71%  Top5=98.14%  -> saved to best_stgcn_ntu60_ms_cs_j_base_250906_01.pt
2025-09-06 12:28:38 | INFO | --------------------------------------------------------------------------------
2025-09-06 12:28:38 | INFO | [Epoch 36/240] | LR: 0.096012
2025-09-06 12:29:51 | INFO | Train | Loss: 0.5969 | Top1:  81.38% | Top5:  97.02% | Samples: 40091
2025-09-06 12:29:58 | INFO | Val   | Loss: 0.4191 | Top1:  86.96% | Top5:  98.20% | Samples: 16487
2025-09-06 12:29:58 | INFO | [BEST] 新最佳有效验证准确率 @ Ep036  Top1=86.96%  Top5=98.20%  -> saved to best_stgcn_ntu60_ms_cs_j_base_250906_01.pt
2025-09-06 12:29:58 | INFO | --------------------------------------------------------------------------------
2025-09-06 12:29:58 | INFO | [Epoch 37/240] | LR: 0.095762
2025-09-06 12:31:10 | INFO | Train | Loss: 0.5943 | Top1:  81.36% | Top5:  97.05% | Samples: 40091
2025-09-06 12:31:17 | INFO | Val   | Loss: 0.4164 | Top1:  86.92% | Top5:  98.17% | Samples: 16487
2025-09-06 12:31:17 | INFO | --------------------------------------------------------------------------------
2025-09-06 12:31:17 | INFO | [Epoch 38/240] | LR: 0.095506
2025-09-06 12:32:29 | INFO | Train | Loss: 0.5847 | Top1:  81.73% | Top5:  97.21% | Samples: 40091
2025-09-06 12:32:36 | INFO | Val   | Loss: 0.4249 | Top1:  86.56% | Top5:  98.12% | Samples: 16487
2025-09-06 12:32:36 | INFO | --------------------------------------------------------------------------------
2025-09-06 12:32:36 | INFO | [Epoch 39/240] | LR: 0.095243
2025-09-06 12:33:48 | INFO | Train | Loss: 0.5914 | Top1:  81.52% | Top5:  97.13% | Samples: 40091
2025-09-06 12:33:55 | INFO | Val   | Loss: 0.4153 | Top1:  86.89% | Top5:  98.14% | Samples: 16487
2025-09-06 12:33:55 | INFO | --------------------------------------------------------------------------------
2025-09-06 12:33:55 | INFO | [Epoch 40/240] | LR: 0.094972
2025-09-06 12:35:07 | INFO | Train | Loss: 0.5896 | Top1:  81.47% | Top5:  97.18% | Samples: 40091
2025-09-06 12:35:14 | INFO | Val   | Loss: 0.4125 | Top1:  86.83% | Top5:  98.28% | Samples: 16487
2025-09-06 12:35:14 | INFO | --------------------------------------------------------------------------------
2025-09-06 12:35:14 | INFO | [Epoch 41/240] | LR: 0.094695
2025-09-06 12:36:26 | INFO | Train | Loss: 0.5889 | Top1:  81.45% | Top5:  97.16% | Samples: 40091
2025-09-06 12:36:33 | INFO | Val   | Loss: 0.4194 | Top1:  86.71% | Top5:  98.20% | Samples: 16487
2025-09-06 12:36:33 | INFO | --------------------------------------------------------------------------------
2025-09-06 12:36:33 | INFO | [Epoch 42/240] | LR: 0.094410
2025-09-06 12:37:46 | INFO | Train | Loss: 0.5840 | Top1:  81.60% | Top5:  97.24% | Samples: 40091
2025-09-06 12:37:53 | INFO | Val   | Loss: 0.4253 | Top1:  86.69% | Top5:  98.08% | Samples: 16487
2025-09-06 12:37:53 | INFO | --------------------------------------------------------------------------------
2025-09-06 12:37:53 | INFO | [Epoch 43/240] | LR: 0.094119
2025-09-06 12:39:04 | INFO | Train | Loss: 0.5885 | Top1:  81.58% | Top5:  97.18% | Samples: 40091
2025-09-06 12:39:11 | INFO | Val   | Loss: 0.4142 | Top1:  87.11% | Top5:  98.30% | Samples: 16487
2025-09-06 12:39:11 | INFO | [BEST] 新最佳有效验证准确率 @ Ep043  Top1=87.11%  Top5=98.30%  -> saved to best_stgcn_ntu60_ms_cs_j_base_250906_01.pt
2025-09-06 12:39:12 | INFO | --------------------------------------------------------------------------------
2025-09-06 12:39:12 | INFO | [Epoch 44/240] | LR: 0.093821
2025-09-06 12:40:23 | INFO | Train | Loss: 0.5788 | Top1:  81.93% | Top5:  97.17% | Samples: 40091
2025-09-06 12:40:30 | INFO | Val   | Loss: 0.4160 | Top1:  86.90% | Top5:  98.23% | Samples: 16487
2025-09-06 12:40:30 | INFO | --------------------------------------------------------------------------------
2025-09-06 12:40:30 | INFO | [Epoch 45/240] | LR: 0.093516
2025-09-06 12:41:42 | INFO | Train | Loss: 0.5766 | Top1:  81.98% | Top5:  97.34% | Samples: 40091
2025-09-06 12:41:49 | INFO | Val   | Loss: 0.4127 | Top1:  86.98% | Top5:  98.23% | Samples: 16487
2025-09-06 12:41:49 | INFO | --------------------------------------------------------------------------------
2025-09-06 12:41:49 | INFO | [Epoch 46/240] | LR: 0.093204
2025-09-06 12:43:00 | INFO | Train | Loss: 0.5742 | Top1:  81.91% | Top5:  97.32% | Samples: 40091
2025-09-06 12:43:06 | INFO | Val   | Loss: 0.4060 | Top1:  87.18% | Top5:  98.20% | Samples: 16487
2025-09-06 12:43:07 | INFO | [BEST] 新最佳有效验证准确率 @ Ep046  Top1=87.18%  Top5=98.20%  -> saved to best_stgcn_ntu60_ms_cs_j_base_250906_01.pt
2025-09-06 12:43:07 | INFO | --------------------------------------------------------------------------------
2025-09-06 12:43:07 | INFO | [Epoch 47/240] | LR: 0.092885
2025-09-06 12:44:19 | INFO | Train | Loss: 0.5741 | Top1:  81.94% | Top5:  97.31% | Samples: 40091
2025-09-06 12:44:26 | INFO | Val   | Loss: 0.4089 | Top1:  87.00% | Top5:  98.17% | Samples: 16487
2025-09-06 12:44:26 | INFO | --------------------------------------------------------------------------------
2025-09-06 12:44:26 | INFO | [Epoch 48/240] | LR: 0.092560
2025-09-06 12:45:38 | INFO | Train | Loss: 0.5724 | Top1:  81.97% | Top5:  97.32% | Samples: 40091
2025-09-06 12:45:45 | INFO | Val   | Loss: 0.4063 | Top1:  87.01% | Top5:  98.17% | Samples: 16487
2025-09-06 12:45:45 | INFO | --------------------------------------------------------------------------------
2025-09-06 12:45:45 | INFO | [Epoch 49/240] | LR: 0.092228
2025-09-06 12:46:57 | INFO | Train | Loss: 0.5578 | Top1:  82.46% | Top5:  97.49% | Samples: 40091
2025-09-06 12:47:04 | INFO | Val   | Loss: 0.4018 | Top1:  87.33% | Top5:  98.30% | Samples: 16487
2025-09-06 12:47:04 | INFO | [BEST] 新最佳有效验证准确率 @ Ep049  Top1=87.33%  Top5=98.30%  -> saved to best_stgcn_ntu60_ms_cs_j_base_250906_01.pt
2025-09-06 12:47:04 | INFO | --------------------------------------------------------------------------------
2025-09-06 12:47:04 | INFO | [Epoch 50/240] | LR: 0.091890
2025-09-06 12:48:16 | INFO | Train | Loss: 0.5602 | Top1:  82.50% | Top5:  97.43% | Samples: 40091
2025-09-06 12:48:23 | INFO | Val   | Loss: 0.4080 | Top1:  87.00% | Top5:  98.28% | Samples: 16487
2025-09-06 12:48:23 | INFO | --------------------------------------------------------------------------------
2025-09-06 12:48:23 | INFO | [Epoch 51/240] | LR: 0.091545
2025-09-06 12:49:35 | INFO | Train | Loss: 0.5707 | Top1:  82.13% | Top5:  97.29% | Samples: 40091
2025-09-06 12:49:42 | INFO | Val   | Loss: 0.3998 | Top1:  87.37% | Top5:  98.28% | Samples: 16487
2025-09-06 12:49:42 | INFO | [BEST] 新最佳有效验证准确率 @ Ep051  Top1=87.37%  Top5=98.28%  -> saved to best_stgcn_ntu60_ms_cs_j_base_250906_01.pt
2025-09-06 12:49:42 | INFO | --------------------------------------------------------------------------------
2025-09-06 12:49:42 | INFO | [Epoch 52/240] | LR: 0.091194
2025-09-06 12:50:55 | INFO | Train | Loss: 0.5610 | Top1:  82.38% | Top5:  97.31% | Samples: 40091
2025-09-06 12:51:02 | INFO | Val   | Loss: 0.3984 | Top1:  87.46% | Top5:  98.23% | Samples: 16487
2025-09-06 12:51:02 | INFO | [BEST] 新最佳有效验证准确率 @ Ep052  Top1=87.46%  Top5=98.23%  -> saved to best_stgcn_ntu60_ms_cs_j_base_250906_01.pt
2025-09-06 12:51:02 | INFO | --------------------------------------------------------------------------------
2025-09-06 12:51:02 | INFO | [Epoch 53/240] | LR: 0.090836
2025-09-06 12:52:14 | INFO | Train | Loss: 0.5694 | Top1:  82.29% | Top5:  97.30% | Samples: 40091
2025-09-06 12:52:21 | INFO | Val   | Loss: 0.4053 | Top1:  87.22% | Top5:  98.28% | Samples: 16487
2025-09-06 12:52:21 | INFO | --------------------------------------------------------------------------------
2025-09-06 12:52:21 | INFO | [Epoch 54/240] | LR: 0.090472
2025-09-06 12:53:33 | INFO | Train | Loss: 0.5591 | Top1:  82.46% | Top5:  97.39% | Samples: 40091
2025-09-06 12:53:40 | INFO | Val   | Loss: 0.4033 | Top1:  87.21% | Top5:  98.27% | Samples: 16487
2025-09-06 12:53:40 | INFO | --------------------------------------------------------------------------------
2025-09-06 12:53:40 | INFO | [Epoch 55/240] | LR: 0.090102
2025-09-06 12:54:51 | INFO | Train | Loss: 0.5641 | Top1:  82.48% | Top5:  97.35% | Samples: 40091
2025-09-06 12:54:58 | INFO | Val   | Loss: 0.3985 | Top1:  87.34% | Top5:  98.27% | Samples: 16487
2025-09-06 12:54:58 | INFO | --------------------------------------------------------------------------------
2025-09-06 12:54:58 | INFO | [Epoch 56/240] | LR: 0.089726
2025-09-06 12:56:10 | INFO | Train | Loss: 0.5549 | Top1:  82.67% | Top5:  97.44% | Samples: 40091
2025-09-06 12:56:17 | INFO | Val   | Loss: 0.3986 | Top1:  87.21% | Top5:  98.32% | Samples: 16487
2025-09-06 12:56:17 | INFO | --------------------------------------------------------------------------------
2025-09-06 12:56:17 | INFO | [Epoch 57/240] | LR: 0.089343
2025-09-06 12:57:29 | INFO | Train | Loss: 0.5599 | Top1:  82.57% | Top5:  97.32% | Samples: 40091
2025-09-06 12:57:36 | INFO | Val   | Loss: 0.3990 | Top1:  87.23% | Top5:  98.30% | Samples: 16487
2025-09-06 12:57:36 | INFO | --------------------------------------------------------------------------------
2025-09-06 12:57:36 | INFO | [Epoch 58/240] | LR: 0.088955
2025-09-06 12:58:47 | INFO | Train | Loss: 0.5606 | Top1:  82.48% | Top5:  97.45% | Samples: 40091
2025-09-06 12:58:54 | INFO | Val   | Loss: 0.4063 | Top1:  87.23% | Top5:  98.28% | Samples: 16487
2025-09-06 12:58:54 | INFO | --------------------------------------------------------------------------------
2025-09-06 12:58:54 | INFO | [Epoch 59/240] | LR: 0.088560
2025-09-06 13:00:06 | INFO | Train | Loss: 0.5548 | Top1:  82.58% | Top5:  97.32% | Samples: 40091
2025-09-06 13:00:13 | INFO | Val   | Loss: 0.3972 | Top1:  87.47% | Top5:  98.26% | Samples: 16487
2025-09-06 13:00:13 | INFO | [BEST] 新最佳有效验证准确率 @ Ep059  Top1=87.47%  Top5=98.26%  -> saved to best_stgcn_ntu60_ms_cs_j_base_250906_01.pt
2025-09-06 13:00:14 | INFO | --------------------------------------------------------------------------------
2025-09-06 13:00:14 | INFO | [Epoch 60/240] | LR: 0.088160
2025-09-06 13:01:26 | INFO | Train | Loss: 0.5593 | Top1:  82.62% | Top5:  97.43% | Samples: 40091
2025-09-06 13:01:33 | INFO | Val   | Loss: 0.4016 | Top1:  87.34% | Top5:  98.23% | Samples: 16487
2025-09-06 13:01:33 | INFO | --------------------------------------------------------------------------------
2025-09-06 13:01:33 | INFO | [Epoch 61/240] | LR: 0.087754
2025-09-06 13:02:45 | INFO | Train | Loss: 0.5535 | Top1:  82.76% | Top5:  97.43% | Samples: 40091
2025-09-06 13:02:52 | INFO | Val   | Loss: 0.4029 | Top1:  87.17% | Top5:  98.27% | Samples: 16487
2025-09-06 13:02:52 | INFO | --------------------------------------------------------------------------------
2025-09-06 13:02:52 | INFO | [Epoch 62/240] | LR: 0.087342
2025-09-06 13:04:04 | INFO | Train | Loss: 0.5461 | Top1:  82.97% | Top5:  97.40% | Samples: 40091
2025-09-06 13:04:11 | INFO | Val   | Loss: 0.3969 | Top1:  87.51% | Top5:  98.26% | Samples: 16487
2025-09-06 13:04:11 | INFO | [BEST] 新最佳有效验证准确率 @ Ep062  Top1=87.51%  Top5=98.26%  -> saved to best_stgcn_ntu60_ms_cs_j_base_250906_01.pt
2025-09-06 13:04:11 | INFO | --------------------------------------------------------------------------------
2025-09-06 13:04:11 | INFO | [Epoch 63/240] | LR: 0.086924
2025-09-06 13:05:23 | INFO | Train | Loss: 0.5482 | Top1:  82.77% | Top5:  97.40% | Samples: 40091
2025-09-06 13:05:30 | INFO | Val   | Loss: 0.3954 | Top1:  87.55% | Top5:  98.34% | Samples: 16487
2025-09-06 13:05:30 | INFO | [BEST] 新最佳有效验证准确率 @ Ep063  Top1=87.55%  Top5=98.34%  -> saved to best_stgcn_ntu60_ms_cs_j_base_250906_01.pt
2025-09-06 13:05:30 | INFO | --------------------------------------------------------------------------------
2025-09-06 13:05:30 | INFO | [Epoch 64/240] | LR: 0.086501
2025-09-06 13:06:42 | INFO | Train | Loss: 0.5494 | Top1:  82.97% | Top5:  97.31% | Samples: 40091
2025-09-06 13:06:49 | INFO | Val   | Loss: 0.4019 | Top1:  87.40% | Top5:  98.28% | Samples: 16487
2025-09-06 13:06:49 | INFO | --------------------------------------------------------------------------------
2025-09-06 13:06:49 | INFO | [Epoch 65/240] | LR: 0.086072
2025-09-06 13:08:01 | INFO | Train | Loss: 0.5434 | Top1:  83.11% | Top5:  97.40% | Samples: 40091
2025-09-06 13:08:08 | INFO | Val   | Loss: 0.3982 | Top1:  87.38% | Top5:  98.34% | Samples: 16487
2025-09-06 13:08:08 | INFO | --------------------------------------------------------------------------------
2025-09-06 13:08:08 | INFO | [Epoch 66/240] | LR: 0.085638
2025-09-06 13:09:20 | INFO | Train | Loss: 0.5468 | Top1:  82.90% | Top5:  97.43% | Samples: 40091
2025-09-06 13:09:27 | INFO | Val   | Loss: 0.4028 | Top1:  87.24% | Top5:  98.27% | Samples: 16487
2025-09-06 13:09:27 | INFO | --------------------------------------------------------------------------------
2025-09-06 13:09:27 | INFO | [Epoch 67/240] | LR: 0.085199
2025-09-06 13:10:39 | INFO | Train | Loss: 0.5505 | Top1:  82.66% | Top5:  97.53% | Samples: 40091
2025-09-06 13:10:46 | INFO | Val   | Loss: 0.4023 | Top1:  87.22% | Top5:  98.27% | Samples: 16487
2025-09-06 13:10:46 | INFO | --------------------------------------------------------------------------------
2025-09-06 13:10:46 | INFO | [Epoch 68/240] | LR: 0.084754
2025-09-06 13:11:58 | INFO | Train | Loss: 0.5363 | Top1:  83.21% | Top5:  97.51% | Samples: 40091
2025-09-06 13:12:05 | INFO | Val   | Loss: 0.3906 | Top1:  87.60% | Top5:  98.31% | Samples: 16487
2025-09-06 13:12:05 | INFO | [BEST] 新最佳有效验证准确率 @ Ep068  Top1=87.60%  Top5=98.31%  -> saved to best_stgcn_ntu60_ms_cs_j_base_250906_01.pt
2025-09-06 13:12:05 | INFO | --------------------------------------------------------------------------------
2025-09-06 13:12:05 | INFO | [Epoch 69/240] | LR: 0.084304
2025-09-06 13:13:18 | INFO | Train | Loss: 0.5291 | Top1:  83.45% | Top5:  97.51% | Samples: 40091
2025-09-06 13:13:25 | INFO | Val   | Loss: 0.3814 | Top1:  88.06% | Top5:  98.33% | Samples: 16487
2025-09-06 13:13:25 | INFO | [BEST] 新最佳有效验证准确率 @ Ep069  Top1=88.06%  Top5=98.33%  -> saved to best_stgcn_ntu60_ms_cs_j_base_250906_01.pt
2025-09-06 13:13:25 | INFO | --------------------------------------------------------------------------------
2025-09-06 13:13:25 | INFO | [Epoch 70/240] | LR: 0.083848
2025-09-06 13:14:38 | INFO | Train | Loss: 0.5362 | Top1:  83.27% | Top5:  97.51% | Samples: 40091
2025-09-06 13:14:44 | INFO | Val   | Loss: 0.3941 | Top1:  87.76% | Top5:  98.31% | Samples: 16487
2025-09-06 13:14:44 | INFO | --------------------------------------------------------------------------------
2025-09-06 13:14:44 | INFO | [Epoch 71/240] | LR: 0.083388
2025-09-06 13:15:57 | INFO | Train | Loss: 0.5421 | Top1:  83.09% | Top5:  97.43% | Samples: 40091
2025-09-06 13:16:04 | INFO | Val   | Loss: 0.3978 | Top1:  87.66% | Top5:  98.31% | Samples: 16487
2025-09-06 13:16:04 | INFO | --------------------------------------------------------------------------------
2025-09-06 13:16:04 | INFO | [Epoch 72/240] | LR: 0.082923
2025-09-06 13:17:16 | INFO | Train | Loss: 0.5355 | Top1:  83.18% | Top5:  97.61% | Samples: 40091
2025-09-06 13:17:23 | INFO | Val   | Loss: 0.4020 | Top1:  87.51% | Top5:  98.32% | Samples: 16487
2025-09-06 13:17:23 | INFO | --------------------------------------------------------------------------------
2025-09-06 13:17:23 | INFO | [Epoch 73/240] | LR: 0.082453
2025-09-06 13:18:35 | INFO | Train | Loss: 0.5351 | Top1:  83.18% | Top5:  97.42% | Samples: 40091
2025-09-06 13:18:42 | INFO | Val   | Loss: 0.3907 | Top1:  87.80% | Top5:  98.30% | Samples: 16487
2025-09-06 13:18:42 | INFO | --------------------------------------------------------------------------------
2025-09-06 13:18:42 | INFO | [Epoch 74/240] | LR: 0.081978
2025-09-06 13:19:54 | INFO | Train | Loss: 0.5297 | Top1:  83.38% | Top5:  97.60% | Samples: 40091
2025-09-06 13:20:01 | INFO | Val   | Loss: 0.3836 | Top1:  87.75% | Top5:  98.30% | Samples: 16487
2025-09-06 13:20:01 | INFO | --------------------------------------------------------------------------------
2025-09-06 13:20:01 | INFO | [Epoch 75/240] | LR: 0.081498
2025-09-06 13:21:13 | INFO | Train | Loss: 0.5246 | Top1:  83.73% | Top5:  97.63% | Samples: 40091
2025-09-06 13:21:19 | INFO | Val   | Loss: 0.3887 | Top1:  87.71% | Top5:  98.40% | Samples: 16487
2025-09-06 13:21:19 | INFO | --------------------------------------------------------------------------------
2025-09-06 13:21:19 | INFO | [Epoch 76/240] | LR: 0.081013
2025-09-06 13:22:31 | INFO | Train | Loss: 0.5300 | Top1:  83.46% | Top5:  97.49% | Samples: 40091
2025-09-06 13:22:38 | INFO | Val   | Loss: 0.3817 | Top1:  87.91% | Top5:  98.34% | Samples: 16487
2025-09-06 13:22:38 | INFO | --------------------------------------------------------------------------------
2025-09-06 13:22:38 | INFO | [Epoch 77/240] | LR: 0.080524
2025-09-06 13:23:50 | INFO | Train | Loss: 0.5145 | Top1:  84.04% | Top5:  97.63% | Samples: 40091
2025-09-06 13:23:57 | INFO | Val   | Loss: 0.3816 | Top1:  87.81% | Top5:  98.36% | Samples: 16487
2025-09-06 13:23:57 | INFO | --------------------------------------------------------------------------------
2025-09-06 13:23:57 | INFO | [Epoch 78/240] | LR: 0.080031
2025-09-06 13:25:08 | INFO | Train | Loss: 0.5256 | Top1:  83.66% | Top5:  97.54% | Samples: 40091
2025-09-06 13:25:15 | INFO | Val   | Loss: 0.3860 | Top1:  87.92% | Top5:  98.32% | Samples: 16487
2025-09-06 13:25:15 | INFO | --------------------------------------------------------------------------------
2025-09-06 13:25:15 | INFO | [Epoch 79/240] | LR: 0.079533
2025-09-06 13:26:27 | INFO | Train | Loss: 0.5143 | Top1:  83.84% | Top5:  97.67% | Samples: 40091
2025-09-06 13:26:33 | INFO | Val   | Loss: 0.3854 | Top1:  87.74% | Top5:  98.34% | Samples: 16487
2025-09-06 13:26:33 | INFO | --------------------------------------------------------------------------------
2025-09-06 13:26:33 | INFO | [Epoch 80/240] | LR: 0.079031
2025-09-06 13:27:45 | INFO | Train | Loss: 0.5190 | Top1:  83.72% | Top5:  97.65% | Samples: 40091
2025-09-06 13:27:51 | INFO | Val   | Loss: 0.3861 | Top1:  87.76% | Top5:  98.37% | Samples: 16487
2025-09-06 13:27:51 | INFO | --------------------------------------------------------------------------------
2025-09-06 13:27:51 | INFO | [Epoch 81/240] | LR: 0.078524
2025-09-06 13:29:02 | INFO | Train | Loss: 0.5137 | Top1:  83.97% | Top5:  97.73% | Samples: 40091
2025-09-06 13:29:09 | INFO | Val   | Loss: 0.3891 | Top1:  87.72% | Top5:  98.37% | Samples: 16487
2025-09-06 13:29:09 | INFO | --------------------------------------------------------------------------------
2025-09-06 13:29:09 | INFO | [Epoch 82/240] | LR: 0.078014
2025-09-06 13:30:20 | INFO | Train | Loss: 0.5141 | Top1:  83.99% | Top5:  97.67% | Samples: 40091
2025-09-06 13:30:27 | INFO | Val   | Loss: 0.3865 | Top1:  87.68% | Top5:  98.31% | Samples: 16487
2025-09-06 13:30:27 | INFO | --------------------------------------------------------------------------------
2025-09-06 13:30:27 | INFO | [Epoch 83/240] | LR: 0.077499
2025-09-06 13:31:39 | INFO | Train | Loss: 0.5088 | Top1:  83.89% | Top5:  97.75% | Samples: 40091
2025-09-06 13:31:46 | INFO | Val   | Loss: 0.3849 | Top1:  87.69% | Top5:  98.36% | Samples: 16487
2025-09-06 13:31:46 | INFO | --------------------------------------------------------------------------------
2025-09-06 13:31:46 | INFO | [Epoch 84/240] | LR: 0.076981
2025-09-06 13:32:57 | INFO | Train | Loss: 0.5122 | Top1:  83.95% | Top5:  97.60% | Samples: 40091
2025-09-06 13:33:04 | INFO | Val   | Loss: 0.3872 | Top1:  87.66% | Top5:  98.42% | Samples: 16487
2025-09-06 13:33:04 | INFO | --------------------------------------------------------------------------------
2025-09-06 13:33:04 | INFO | [Epoch 85/240] | LR: 0.076458
2025-09-06 13:34:16 | INFO | Train | Loss: 0.5087 | Top1:  84.06% | Top5:  97.72% | Samples: 40091
2025-09-06 13:34:23 | INFO | Val   | Loss: 0.3917 | Top1:  87.77% | Top5:  98.38% | Samples: 16487
2025-09-06 13:34:23 | INFO | --------------------------------------------------------------------------------
2025-09-06 13:34:23 | INFO | [Epoch 86/240] | LR: 0.075932
2025-09-06 13:35:35 | INFO | Train | Loss: 0.5099 | Top1:  84.01% | Top5:  97.80% | Samples: 40091
2025-09-06 13:35:42 | INFO | Val   | Loss: 0.3799 | Top1:  88.18% | Top5:  98.29% | Samples: 16487
2025-09-06 13:35:42 | INFO | [BEST] 新最佳有效验证准确率 @ Ep086  Top1=88.18%  Top5=98.29%  -> saved to best_stgcn_ntu60_ms_cs_j_base_250906_01.pt
2025-09-06 13:35:43 | INFO | --------------------------------------------------------------------------------
2025-09-06 13:35:43 | INFO | [Epoch 87/240] | LR: 0.075402
2025-09-06 13:36:54 | INFO | Train | Loss: 0.5046 | Top1:  84.16% | Top5:  97.83% | Samples: 40091
2025-09-06 13:37:01 | INFO | Val   | Loss: 0.3837 | Top1:  87.69% | Top5:  98.42% | Samples: 16487
2025-09-06 13:37:01 | INFO | --------------------------------------------------------------------------------
2025-09-06 13:37:01 | INFO | [Epoch 88/240] | LR: 0.074869
2025-09-06 13:38:13 | INFO | Train | Loss: 0.5036 | Top1:  84.05% | Top5:  97.76% | Samples: 40091
2025-09-06 13:38:19 | INFO | Val   | Loss: 0.3936 | Top1:  87.63% | Top5:  98.39% | Samples: 16487
2025-09-06 13:38:19 | INFO | --------------------------------------------------------------------------------
2025-09-06 13:38:19 | INFO | [Epoch 89/240] | LR: 0.074332
2025-09-06 13:39:31 | INFO | Train | Loss: 0.5042 | Top1:  84.11% | Top5:  97.74% | Samples: 40091
2025-09-06 13:39:38 | INFO | Val   | Loss: 0.3804 | Top1:  87.95% | Top5:  98.47% | Samples: 16487
2025-09-06 13:39:38 | INFO | --------------------------------------------------------------------------------
2025-09-06 13:39:38 | INFO | [Epoch 90/240] | LR: 0.073791
2025-09-06 13:40:50 | INFO | Train | Loss: 0.5008 | Top1:  84.29% | Top5:  97.84% | Samples: 40091
2025-09-06 13:40:57 | INFO | Val   | Loss: 0.3804 | Top1:  88.07% | Top5:  98.40% | Samples: 16487
2025-09-06 13:40:57 | INFO | --------------------------------------------------------------------------------
2025-09-06 13:40:57 | INFO | [Epoch 91/240] | LR: 0.073248
2025-09-06 13:42:08 | INFO | Train | Loss: 0.4899 | Top1:  84.60% | Top5:  97.92% | Samples: 40091
2025-09-06 13:42:15 | INFO | Val   | Loss: 0.3882 | Top1:  87.74% | Top5:  98.36% | Samples: 16487
2025-09-06 13:42:15 | INFO | --------------------------------------------------------------------------------
2025-09-06 13:42:15 | INFO | [Epoch 92/240] | LR: 0.072701
2025-09-06 13:43:27 | INFO | Train | Loss: 0.4917 | Top1:  84.61% | Top5:  97.75% | Samples: 40091
2025-09-06 13:43:34 | INFO | Val   | Loss: 0.3763 | Top1:  88.00% | Top5:  98.45% | Samples: 16487
2025-09-06 13:43:34 | INFO | --------------------------------------------------------------------------------
2025-09-06 13:43:34 | INFO | [Epoch 93/240] | LR: 0.072151
2025-09-06 13:44:46 | INFO | Train | Loss: 0.4913 | Top1:  84.63% | Top5:  97.74% | Samples: 40091
2025-09-06 13:44:52 | INFO | Val   | Loss: 0.3795 | Top1:  88.02% | Top5:  98.48% | Samples: 16487
2025-09-06 13:44:52 | INFO | --------------------------------------------------------------------------------
2025-09-06 13:44:52 | INFO | [Epoch 94/240] | LR: 0.071598
2025-09-06 13:46:04 | INFO | Train | Loss: 0.4879 | Top1:  84.62% | Top5:  97.88% | Samples: 40091
2025-09-06 13:46:11 | INFO | Val   | Loss: 0.3981 | Top1:  87.57% | Top5:  98.33% | Samples: 16487
2025-09-06 13:46:11 | INFO | --------------------------------------------------------------------------------
2025-09-06 13:46:11 | INFO | [Epoch 95/240] | LR: 0.071042
2025-09-06 13:47:22 | INFO | Train | Loss: 0.4914 | Top1:  84.68% | Top5:  97.76% | Samples: 40091
2025-09-06 13:47:29 | INFO | Val   | Loss: 0.3870 | Top1:  87.86% | Top5:  98.39% | Samples: 16487
2025-09-06 13:47:29 | INFO | --------------------------------------------------------------------------------
2025-09-06 13:47:29 | INFO | [Epoch 96/240] | LR: 0.070483
2025-09-06 13:48:41 | INFO | Train | Loss: 0.4823 | Top1:  84.76% | Top5:  97.81% | Samples: 40091
2025-09-06 13:48:48 | INFO | Val   | Loss: 0.3788 | Top1:  88.17% | Top5:  98.49% | Samples: 16487
2025-09-06 13:48:48 | INFO | --------------------------------------------------------------------------------
2025-09-06 13:48:48 | INFO | [Epoch 97/240] | LR: 0.069922
2025-09-06 13:49:59 | INFO | Train | Loss: 0.4856 | Top1:  84.71% | Top5:  97.91% | Samples: 40091
2025-09-06 13:50:06 | INFO | Val   | Loss: 0.3761 | Top1:  88.09% | Top5:  98.50% | Samples: 16487
2025-09-06 13:50:06 | INFO | --------------------------------------------------------------------------------
2025-09-06 13:50:06 | INFO | [Epoch 98/240] | LR: 0.069358
2025-09-06 13:51:17 | INFO | Train | Loss: 0.4863 | Top1:  84.84% | Top5:  97.83% | Samples: 40091
2025-09-06 13:51:24 | INFO | Val   | Loss: 0.3864 | Top1:  87.70% | Top5:  98.44% | Samples: 16487
2025-09-06 13:51:24 | INFO | --------------------------------------------------------------------------------
2025-09-06 13:51:24 | INFO | [Epoch 99/240] | LR: 0.068791
2025-09-06 13:52:36 | INFO | Train | Loss: 0.4842 | Top1:  84.71% | Top5:  97.93% | Samples: 40091
2025-09-06 13:52:43 | INFO | Val   | Loss: 0.3891 | Top1:  87.86% | Top5:  98.34% | Samples: 16487
2025-09-06 13:52:43 | INFO | --------------------------------------------------------------------------------
2025-09-06 13:52:43 | INFO | [Epoch 100/240] | LR: 0.068222
2025-09-06 13:53:54 | INFO | Train | Loss: 0.4730 | Top1:  85.05% | Top5:  98.04% | Samples: 40091
2025-09-06 13:54:01 | INFO | Val   | Loss: 0.3777 | Top1:  88.31% | Top5:  98.39% | Samples: 16487
2025-09-06 13:54:01 | INFO | [BEST] 新最佳有效验证准确率 @ Ep100  Top1=88.31%  Top5=98.39%  -> saved to best_stgcn_ntu60_ms_cs_j_base_250906_01.pt
2025-09-06 13:54:02 | INFO | --------------------------------------------------------------------------------
2025-09-06 13:54:02 | INFO | [Epoch 101/240] | LR: 0.067651
2025-09-06 13:55:13 | INFO | Train | Loss: 0.4774 | Top1:  85.01% | Top5:  97.90% | Samples: 40091
2025-09-06 13:55:20 | INFO | Val   | Loss: 0.3763 | Top1:  88.10% | Top5:  98.45% | Samples: 16487
2025-09-06 13:55:20 | INFO | --------------------------------------------------------------------------------
2025-09-06 13:55:20 | INFO | [Epoch 102/240] | LR: 0.067077
2025-09-06 13:56:32 | INFO | Train | Loss: 0.4712 | Top1:  85.27% | Top5:  98.01% | Samples: 40091
2025-09-06 13:56:38 | INFO | Val   | Loss: 0.3703 | Top1:  88.21% | Top5:  98.46% | Samples: 16487
2025-09-06 13:56:38 | INFO | --------------------------------------------------------------------------------
2025-09-06 13:56:38 | INFO | [Epoch 103/240] | LR: 0.066502
2025-09-06 13:57:50 | INFO | Train | Loss: 0.4669 | Top1:  85.39% | Top5:  98.03% | Samples: 40091
2025-09-06 13:57:57 | INFO | Val   | Loss: 0.3740 | Top1:  88.19% | Top5:  98.39% | Samples: 16487
2025-09-06 13:57:57 | INFO | --------------------------------------------------------------------------------
2025-09-06 13:57:57 | INFO | [Epoch 104/240] | LR: 0.065924
2025-09-06 13:59:08 | INFO | Train | Loss: 0.4697 | Top1:  85.14% | Top5:  97.99% | Samples: 40091
2025-09-06 13:59:15 | INFO | Val   | Loss: 0.3759 | Top1:  88.17% | Top5:  98.42% | Samples: 16487
2025-09-06 13:59:15 | INFO | --------------------------------------------------------------------------------
2025-09-06 13:59:15 | INFO | [Epoch 105/240] | LR: 0.065345
2025-09-06 14:00:27 | INFO | Train | Loss: 0.4635 | Top1:  85.61% | Top5:  97.89% | Samples: 40091
2025-09-06 14:00:34 | INFO | Val   | Loss: 0.3702 | Top1:  88.40% | Top5:  98.42% | Samples: 16487
2025-09-06 14:00:34 | INFO | [BEST] 新最佳有效验证准确率 @ Ep105  Top1=88.40%  Top5=98.42%  -> saved to best_stgcn_ntu60_ms_cs_j_base_250906_01.pt
2025-09-06 14:00:34 | INFO | --------------------------------------------------------------------------------
2025-09-06 14:00:34 | INFO | [Epoch 106/240] | LR: 0.064763
2025-09-06 14:01:46 | INFO | Train | Loss: 0.4646 | Top1:  85.47% | Top5:  97.99% | Samples: 40091
2025-09-06 14:01:53 | INFO | Val   | Loss: 0.3760 | Top1:  88.20% | Top5:  98.51% | Samples: 16487
2025-09-06 14:01:53 | INFO | --------------------------------------------------------------------------------
2025-09-06 14:01:53 | INFO | [Epoch 107/240] | LR: 0.064180
2025-09-06 14:03:05 | INFO | Train | Loss: 0.4610 | Top1:  85.57% | Top5:  98.04% | Samples: 40091
2025-09-06 14:03:12 | INFO | Val   | Loss: 0.3740 | Top1:  88.23% | Top5:  98.52% | Samples: 16487
2025-09-06 14:03:12 | INFO | --------------------------------------------------------------------------------
2025-09-06 14:03:12 | INFO | [Epoch 108/240] | LR: 0.063595
2025-09-06 14:04:23 | INFO | Train | Loss: 0.4621 | Top1:  85.59% | Top5:  98.04% | Samples: 40091
2025-09-06 14:04:30 | INFO | Val   | Loss: 0.3720 | Top1:  88.33% | Top5:  98.45% | Samples: 16487
2025-09-06 14:04:30 | INFO | --------------------------------------------------------------------------------
2025-09-06 14:04:30 | INFO | [Epoch 109/240] | LR: 0.063009
2025-09-06 14:05:42 | INFO | Train | Loss: 0.4558 | Top1:  85.78% | Top5:  98.08% | Samples: 40091
2025-09-06 14:05:49 | INFO | Val   | Loss: 0.3674 | Top1:  88.43% | Top5:  98.52% | Samples: 16487
2025-09-06 14:05:49 | INFO | [BEST] 新最佳有效验证准确率 @ Ep109  Top1=88.43%  Top5=98.52%  -> saved to best_stgcn_ntu60_ms_cs_j_base_250906_01.pt
2025-09-06 14:05:49 | INFO | --------------------------------------------------------------------------------
2025-09-06 14:05:49 | INFO | [Epoch 110/240] | LR: 0.062421
2025-09-06 14:07:01 | INFO | Train | Loss: 0.4510 | Top1:  85.74% | Top5:  98.10% | Samples: 40091
2025-09-06 14:07:08 | INFO | Val   | Loss: 0.3733 | Top1:  88.32% | Top5:  98.45% | Samples: 16487
2025-09-06 14:07:08 | INFO | --------------------------------------------------------------------------------
2025-09-06 14:07:08 | INFO | [Epoch 111/240] | LR: 0.061832
2025-09-06 14:08:20 | INFO | Train | Loss: 0.4549 | Top1:  85.85% | Top5:  97.99% | Samples: 40091
2025-09-06 14:08:27 | INFO | Val   | Loss: 0.3732 | Top1:  88.21% | Top5:  98.48% | Samples: 16487
2025-09-06 14:08:27 | INFO | --------------------------------------------------------------------------------
2025-09-06 14:08:27 | INFO | [Epoch 112/240] | LR: 0.061242
2025-09-06 14:09:39 | INFO | Train | Loss: 0.4488 | Top1:  85.83% | Top5:  98.16% | Samples: 40091
2025-09-06 14:09:46 | INFO | Val   | Loss: 0.3742 | Top1:  88.25% | Top5:  98.40% | Samples: 16487
2025-09-06 14:09:46 | INFO | --------------------------------------------------------------------------------
2025-09-06 14:09:46 | INFO | [Epoch 113/240] | LR: 0.060651
2025-09-06 14:10:57 | INFO | Train | Loss: 0.4535 | Top1:  85.93% | Top5:  98.02% | Samples: 40091
2025-09-06 14:11:04 | INFO | Val   | Loss: 0.3730 | Top1:  88.42% | Top5:  98.46% | Samples: 16487
2025-09-06 14:11:04 | INFO | --------------------------------------------------------------------------------
2025-09-06 14:11:04 | INFO | [Epoch 114/240] | LR: 0.060059
2025-09-06 14:12:16 | INFO | Train | Loss: 0.4389 | Top1:  86.37% | Top5:  98.12% | Samples: 40091
2025-09-06 14:12:23 | INFO | Val   | Loss: 0.3622 | Top1:  88.67% | Top5:  98.45% | Samples: 16487
2025-09-06 14:12:23 | INFO | [BEST] 新最佳有效验证准确率 @ Ep114  Top1=88.67%  Top5=98.45%  -> saved to best_stgcn_ntu60_ms_cs_j_base_250906_01.pt
2025-09-06 14:12:24 | INFO | --------------------------------------------------------------------------------
2025-09-06 14:12:24 | INFO | [Epoch 115/240] | LR: 0.059465
2025-09-06 14:13:36 | INFO | Train | Loss: 0.4401 | Top1:  86.34% | Top5:  98.13% | Samples: 40091
2025-09-06 14:13:42 | INFO | Val   | Loss: 0.3698 | Top1:  88.37% | Top5:  98.53% | Samples: 16487
2025-09-06 14:13:42 | INFO | --------------------------------------------------------------------------------
2025-09-06 14:13:42 | INFO | [Epoch 116/240] | LR: 0.058872
2025-09-06 14:14:54 | INFO | Train | Loss: 0.4371 | Top1:  86.24% | Top5:  98.15% | Samples: 40091
2025-09-06 14:15:01 | INFO | Val   | Loss: 0.3642 | Top1:  88.54% | Top5:  98.50% | Samples: 16487
2025-09-06 14:15:01 | INFO | --------------------------------------------------------------------------------
2025-09-06 14:15:01 | INFO | [Epoch 117/240] | LR: 0.058277
2025-09-06 14:16:13 | INFO | Train | Loss: 0.4377 | Top1:  86.28% | Top5:  98.18% | Samples: 40091
2025-09-06 14:16:20 | INFO | Val   | Loss: 0.3599 | Top1:  88.65% | Top5:  98.49% | Samples: 16487
2025-09-06 14:16:20 | INFO | --------------------------------------------------------------------------------
2025-09-06 14:16:20 | INFO | [Epoch 118/240] | LR: 0.057682
2025-09-06 14:17:32 | INFO | Train | Loss: 0.4353 | Top1:  86.30% | Top5:  98.23% | Samples: 40091
2025-09-06 14:17:39 | INFO | Val   | Loss: 0.3610 | Top1:  88.78% | Top5:  98.51% | Samples: 16487
2025-09-06 14:17:39 | INFO | [BEST] 新最佳有效验证准确率 @ Ep118  Top1=88.78%  Top5=98.51%  -> saved to best_stgcn_ntu60_ms_cs_j_base_250906_01.pt
2025-09-06 14:17:39 | INFO | --------------------------------------------------------------------------------
2025-09-06 14:17:39 | INFO | [Epoch 119/240] | LR: 0.057086
2025-09-06 14:18:51 | INFO | Train | Loss: 0.4259 | Top1:  86.49% | Top5:  98.32% | Samples: 40091
2025-09-06 14:18:57 | INFO | Val   | Loss: 0.3593 | Top1:  88.76% | Top5:  98.54% | Samples: 16487
2025-09-06 14:18:57 | INFO | --------------------------------------------------------------------------------
2025-09-06 14:18:57 | INFO | [Epoch 120/240] | LR: 0.056490
2025-09-06 14:20:09 | INFO | Train | Loss: 0.4192 | Top1:  86.92% | Top5:  98.29% | Samples: 40091
2025-09-06 14:20:16 | INFO | Val   | Loss: 0.3554 | Top1:  88.78% | Top5:  98.51% | Samples: 16487
2025-09-06 14:20:16 | INFO | --------------------------------------------------------------------------------
2025-09-06 14:20:16 | INFO | [Epoch 121/240] | LR: 0.055894
2025-09-06 14:21:28 | INFO | Train | Loss: 0.4266 | Top1:  86.75% | Top5:  98.18% | Samples: 40091
2025-09-06 14:21:35 | INFO | Val   | Loss: 0.3568 | Top1:  88.66% | Top5:  98.50% | Samples: 16487
2025-09-06 14:21:35 | INFO | --------------------------------------------------------------------------------
2025-09-06 14:21:35 | INFO | [Epoch 122/240] | LR: 0.055297
2025-09-06 14:22:47 | INFO | Train | Loss: 0.4233 | Top1:  86.55% | Top5:  98.26% | Samples: 40091
2025-09-06 14:22:54 | INFO | Val   | Loss: 0.3687 | Top1:  88.30% | Top5:  98.56% | Samples: 16487
2025-09-06 14:22:54 | INFO | --------------------------------------------------------------------------------
2025-09-06 14:22:54 | INFO | [Epoch 123/240] | LR: 0.054701
2025-09-06 14:24:06 | INFO | Train | Loss: 0.4171 | Top1:  86.98% | Top5:  98.26% | Samples: 40091
2025-09-06 14:24:13 | INFO | Val   | Loss: 0.3563 | Top1:  88.88% | Top5:  98.51% | Samples: 16487
2025-09-06 14:24:13 | INFO | [BEST] 新最佳有效验证准确率 @ Ep123  Top1=88.88%  Top5=98.51%  -> saved to best_stgcn_ntu60_ms_cs_j_base_250906_01.pt
2025-09-06 14:24:13 | INFO | --------------------------------------------------------------------------------
2025-09-06 14:24:13 | INFO | [Epoch 124/240] | LR: 0.054104
2025-09-06 14:25:26 | INFO | Train | Loss: 0.4252 | Top1:  86.64% | Top5:  98.31% | Samples: 40091
2025-09-06 14:25:33 | INFO | Val   | Loss: 0.3573 | Top1:  89.00% | Top5:  98.54% | Samples: 16487
2025-09-06 14:25:33 | INFO | [BEST] 新最佳有效验证准确率 @ Ep124  Top1=89.00%  Top5=98.54%  -> saved to best_stgcn_ntu60_ms_cs_j_base_250906_01.pt
2025-09-06 14:25:33 | INFO | --------------------------------------------------------------------------------
2025-09-06 14:25:33 | INFO | [Epoch 125/240] | LR: 0.053508
2025-09-06 14:26:45 | INFO | Train | Loss: 0.4159 | Top1:  87.13% | Top5:  98.33% | Samples: 40091
2025-09-06 14:26:52 | INFO | Val   | Loss: 0.3615 | Top1:  88.94% | Top5:  98.48% | Samples: 16487
2025-09-06 14:26:52 | INFO | --------------------------------------------------------------------------------
2025-09-06 14:26:52 | INFO | [Epoch 126/240] | LR: 0.052912
2025-09-06 14:28:04 | INFO | Train | Loss: 0.4155 | Top1:  87.01% | Top5:  98.38% | Samples: 40091
2025-09-06 14:28:11 | INFO | Val   | Loss: 0.3482 | Top1:  89.13% | Top5:  98.51% | Samples: 16487
2025-09-06 14:28:11 | INFO | [BEST] 新最佳有效验证准确率 @ Ep126  Top1=89.13%  Top5=98.51%  -> saved to best_stgcn_ntu60_ms_cs_j_base_250906_01.pt
2025-09-06 14:28:11 | INFO | --------------------------------------------------------------------------------
2025-09-06 14:28:11 | INFO | [Epoch 127/240] | LR: 0.052316
2025-09-06 14:29:23 | INFO | Train | Loss: 0.4132 | Top1:  86.88% | Top5:  98.30% | Samples: 40091
2025-09-06 14:29:30 | INFO | Val   | Loss: 0.3559 | Top1:  89.01% | Top5:  98.53% | Samples: 16487
2025-09-06 14:29:30 | INFO | --------------------------------------------------------------------------------
2025-09-06 14:29:30 | INFO | [Epoch 128/240] | LR: 0.051721
2025-09-06 14:30:42 | INFO | Train | Loss: 0.4093 | Top1:  87.21% | Top5:  98.30% | Samples: 40091
2025-09-06 14:30:49 | INFO | Val   | Loss: 0.3528 | Top1:  89.02% | Top5:  98.59% | Samples: 16487
2025-09-06 14:30:49 | INFO | --------------------------------------------------------------------------------
2025-09-06 14:30:49 | INFO | [Epoch 129/240] | LR: 0.051127
2025-09-06 14:32:01 | INFO | Train | Loss: 0.4053 | Top1:  87.42% | Top5:  98.40% | Samples: 40091
2025-09-06 14:32:08 | INFO | Val   | Loss: 0.3545 | Top1:  88.69% | Top5:  98.56% | Samples: 16487
2025-09-06 14:32:08 | INFO | --------------------------------------------------------------------------------
2025-09-06 14:32:08 | INFO | [Epoch 130/240] | LR: 0.050533
2025-09-06 14:33:20 | INFO | Train | Loss: 0.4034 | Top1:  87.49% | Top5:  98.35% | Samples: 40091
2025-09-06 14:33:27 | INFO | Val   | Loss: 0.3597 | Top1:  88.74% | Top5:  98.47% | Samples: 16487
2025-09-06 14:33:27 | INFO | --------------------------------------------------------------------------------
2025-09-06 14:33:27 | INFO | [Epoch 131/240] | LR: 0.049939
2025-09-06 14:34:39 | INFO | Train | Loss: 0.3961 | Top1:  87.45% | Top5:  98.43% | Samples: 40091
2025-09-06 14:34:46 | INFO | Val   | Loss: 0.3615 | Top1:  88.66% | Top5:  98.56% | Samples: 16487
2025-09-06 14:34:46 | INFO | --------------------------------------------------------------------------------
2025-09-06 14:34:46 | INFO | [Epoch 132/240] | LR: 0.049347
2025-09-06 14:35:58 | INFO | Train | Loss: 0.3949 | Top1:  87.47% | Top5:  98.48% | Samples: 40091
2025-09-06 14:36:05 | INFO | Val   | Loss: 0.3574 | Top1:  88.83% | Top5:  98.53% | Samples: 16487
2025-09-06 14:36:05 | INFO | --------------------------------------------------------------------------------
2025-09-06 14:36:05 | INFO | [Epoch 133/240] | LR: 0.048756
2025-09-06 14:37:17 | INFO | Train | Loss: 0.4006 | Top1:  87.48% | Top5:  98.36% | Samples: 40091
2025-09-06 14:37:24 | INFO | Val   | Loss: 0.3511 | Top1:  89.14% | Top5:  98.60% | Samples: 16487
2025-09-06 14:37:24 | INFO | [BEST] 新最佳有效验证准确率 @ Ep133  Top1=89.14%  Top5=98.60%  -> saved to best_stgcn_ntu60_ms_cs_j_base_250906_01.pt
2025-09-06 14:37:25 | INFO | --------------------------------------------------------------------------------
2025-09-06 14:37:25 | INFO | [Epoch 134/240] | LR: 0.048166
2025-09-06 14:38:37 | INFO | Train | Loss: 0.3913 | Top1:  87.97% | Top5:  98.47% | Samples: 40091
2025-09-06 14:38:44 | INFO | Val   | Loss: 0.3586 | Top1:  88.63% | Top5:  98.53% | Samples: 16487
2025-09-06 14:38:44 | INFO | --------------------------------------------------------------------------------
2025-09-06 14:38:44 | INFO | [Epoch 135/240] | LR: 0.047577
2025-09-06 14:39:56 | INFO | Train | Loss: 0.3912 | Top1:  87.83% | Top5:  98.53% | Samples: 40091
2025-09-06 14:40:03 | INFO | Val   | Loss: 0.3552 | Top1:  89.03% | Top5:  98.59% | Samples: 16487
2025-09-06 14:40:03 | INFO | --------------------------------------------------------------------------------
2025-09-06 14:40:03 | INFO | [Epoch 136/240] | LR: 0.046989
2025-09-06 14:41:15 | INFO | Train | Loss: 0.3854 | Top1:  87.97% | Top5:  98.54% | Samples: 40091
2025-09-06 14:41:21 | INFO | Val   | Loss: 0.3575 | Top1:  88.91% | Top5:  98.59% | Samples: 16487
2025-09-06 14:41:21 | INFO | --------------------------------------------------------------------------------
2025-09-06 14:41:21 | INFO | [Epoch 137/240] | LR: 0.046403
2025-09-06 14:42:34 | INFO | Train | Loss: 0.3851 | Top1:  87.64% | Top5:  98.57% | Samples: 40091
2025-09-06 14:42:40 | INFO | Val   | Loss: 0.3449 | Top1:  89.30% | Top5:  98.51% | Samples: 16487
2025-09-06 14:42:41 | INFO | [BEST] 新最佳有效验证准确率 @ Ep137  Top1=89.30%  Top5=98.51%  -> saved to best_stgcn_ntu60_ms_cs_j_base_250906_01.pt
2025-09-06 14:42:41 | INFO | --------------------------------------------------------------------------------
2025-09-06 14:42:41 | INFO | [Epoch 138/240] | LR: 0.045818
2025-09-06 14:43:53 | INFO | Train | Loss: 0.3737 | Top1:  88.14% | Top5:  98.53% | Samples: 40091
2025-09-06 14:44:00 | INFO | Val   | Loss: 0.3480 | Top1:  89.16% | Top5:  98.54% | Samples: 16487
2025-09-06 14:44:00 | INFO | --------------------------------------------------------------------------------
2025-09-06 14:44:00 | INFO | [Epoch 139/240] | LR: 0.045235
2025-09-06 14:45:12 | INFO | Train | Loss: 0.3796 | Top1:  88.19% | Top5:  98.49% | Samples: 40091
2025-09-06 14:45:19 | INFO | Val   | Loss: 0.3548 | Top1:  89.07% | Top5:  98.53% | Samples: 16487
2025-09-06 14:45:19 | INFO | --------------------------------------------------------------------------------
2025-09-06 14:45:19 | INFO | [Epoch 140/240] | LR: 0.044654
2025-09-06 14:46:31 | INFO | Train | Loss: 0.3777 | Top1:  88.22% | Top5:  98.54% | Samples: 40091
2025-09-06 14:46:38 | INFO | Val   | Loss: 0.3512 | Top1:  88.96% | Top5:  98.55% | Samples: 16487
2025-09-06 14:46:38 | INFO | --------------------------------------------------------------------------------
2025-09-06 14:46:38 | INFO | [Epoch 141/240] | LR: 0.044074
2025-09-06 14:47:49 | INFO | Train | Loss: 0.3775 | Top1:  88.27% | Top5:  98.61% | Samples: 40091
2025-09-06 14:47:56 | INFO | Val   | Loss: 0.3573 | Top1:  88.88% | Top5:  98.55% | Samples: 16487
2025-09-06 14:47:56 | INFO | --------------------------------------------------------------------------------
2025-09-06 14:47:56 | INFO | [Epoch 142/240] | LR: 0.043496
2025-09-06 14:49:08 | INFO | Train | Loss: 0.3681 | Top1:  88.44% | Top5:  98.62% | Samples: 40091
2025-09-06 14:49:15 | INFO | Val   | Loss: 0.3558 | Top1:  88.98% | Top5:  98.48% | Samples: 16487
2025-09-06 14:49:15 | INFO | --------------------------------------------------------------------------------
2025-09-06 14:49:15 | INFO | [Epoch 143/240] | LR: 0.042921
2025-09-06 14:50:27 | INFO | Train | Loss: 0.3608 | Top1:  88.78% | Top5:  98.61% | Samples: 40091
2025-09-06 14:50:34 | INFO | Val   | Loss: 0.3498 | Top1:  89.03% | Top5:  98.65% | Samples: 16487
2025-09-06 14:50:34 | INFO | --------------------------------------------------------------------------------
2025-09-06 14:50:34 | INFO | [Epoch 144/240] | LR: 0.042347
2025-09-06 14:51:46 | INFO | Train | Loss: 0.3628 | Top1:  88.77% | Top5:  98.67% | Samples: 40091
2025-09-06 14:51:53 | INFO | Val   | Loss: 0.3495 | Top1:  89.19% | Top5:  98.56% | Samples: 16487
2025-09-06 14:51:53 | INFO | --------------------------------------------------------------------------------
2025-09-06 14:51:53 | INFO | [Epoch 145/240] | LR: 0.041776
2025-09-06 14:53:05 | INFO | Train | Loss: 0.3637 | Top1:  88.56% | Top5:  98.68% | Samples: 40091
2025-09-06 14:53:12 | INFO | Val   | Loss: 0.3498 | Top1:  89.13% | Top5:  98.61% | Samples: 16487
2025-09-06 14:53:12 | INFO | --------------------------------------------------------------------------------
2025-09-06 14:53:12 | INFO | [Epoch 146/240] | LR: 0.041207
2025-09-06 14:54:23 | INFO | Train | Loss: 0.3560 | Top1:  88.95% | Top5:  98.68% | Samples: 40091
2025-09-06 14:54:30 | INFO | Val   | Loss: 0.3514 | Top1:  89.05% | Top5:  98.60% | Samples: 16487
2025-09-06 14:54:30 | INFO | --------------------------------------------------------------------------------
2025-09-06 14:54:30 | INFO | [Epoch 147/240] | LR: 0.040640
2025-09-06 14:55:42 | INFO | Train | Loss: 0.3511 | Top1:  89.01% | Top5:  98.64% | Samples: 40091
2025-09-06 14:55:49 | INFO | Val   | Loss: 0.3467 | Top1:  89.45% | Top5:  98.56% | Samples: 16487
2025-09-06 14:55:49 | INFO | [BEST] 新最佳有效验证准确率 @ Ep147  Top1=89.45%  Top5=98.56%  -> saved to best_stgcn_ntu60_ms_cs_j_base_250906_01.pt
2025-09-06 14:55:49 | INFO | --------------------------------------------------------------------------------
2025-09-06 14:55:49 | INFO | [Epoch 148/240] | LR: 0.040076
2025-09-06 14:57:01 | INFO | Train | Loss: 0.3470 | Top1:  89.15% | Top5:  98.69% | Samples: 40091
2025-09-06 14:57:08 | INFO | Val   | Loss: 0.3452 | Top1:  89.14% | Top5:  98.68% | Samples: 16487
2025-09-06 14:57:08 | INFO | --------------------------------------------------------------------------------
2025-09-06 14:57:08 | INFO | [Epoch 149/240] | LR: 0.039515
2025-09-06 14:58:20 | INFO | Train | Loss: 0.3460 | Top1:  89.19% | Top5:  98.72% | Samples: 40091
2025-09-06 14:58:26 | INFO | Val   | Loss: 0.3387 | Top1:  89.37% | Top5:  98.64% | Samples: 16487
2025-09-06 14:58:26 | INFO | --------------------------------------------------------------------------------
2025-09-06 14:58:26 | INFO | [Epoch 150/240] | LR: 0.038956
2025-09-06 14:59:38 | INFO | Train | Loss: 0.3442 | Top1:  89.31% | Top5:  98.79% | Samples: 40091
2025-09-06 14:59:45 | INFO | Val   | Loss: 0.3514 | Top1:  89.04% | Top5:  98.57% | Samples: 16487
2025-09-06 14:59:45 | INFO | --------------------------------------------------------------------------------
2025-09-06 14:59:45 | INFO | [Epoch 151/240] | LR: 0.038400
2025-09-06 15:00:56 | INFO | Train | Loss: 0.3410 | Top1:  89.27% | Top5:  98.81% | Samples: 40091
2025-09-06 15:01:03 | INFO | Val   | Loss: 0.3473 | Top1:  89.00% | Top5:  98.57% | Samples: 16487
2025-09-06 15:01:03 | INFO | --------------------------------------------------------------------------------
2025-09-06 15:01:03 | INFO | [Epoch 152/240] | LR: 0.037847
2025-09-06 15:02:15 | INFO | Train | Loss: 0.3367 | Top1:  89.56% | Top5:  98.80% | Samples: 40091
2025-09-06 15:02:22 | INFO | Val   | Loss: 0.3421 | Top1:  89.33% | Top5:  98.63% | Samples: 16487
2025-09-06 15:02:22 | INFO | --------------------------------------------------------------------------------
2025-09-06 15:02:22 | INFO | [Epoch 153/240] | LR: 0.037297
2025-09-06 15:03:34 | INFO | Train | Loss: 0.3329 | Top1:  89.48% | Top5:  98.86% | Samples: 40091
2025-09-06 15:03:41 | INFO | Val   | Loss: 0.3450 | Top1:  89.22% | Top5:  98.60% | Samples: 16487
2025-09-06 15:03:41 | INFO | --------------------------------------------------------------------------------
2025-09-06 15:03:41 | INFO | [Epoch 154/240] | LR: 0.036750
2025-09-06 15:04:53 | INFO | Train | Loss: 0.3281 | Top1:  89.67% | Top5:  98.87% | Samples: 40091
2025-09-06 15:05:00 | INFO | Val   | Loss: 0.3479 | Top1:  89.32% | Top5:  98.62% | Samples: 16487
2025-09-06 15:05:00 | INFO | --------------------------------------------------------------------------------
2025-09-06 15:05:00 | INFO | [Epoch 155/240] | LR: 0.036207
2025-09-06 15:06:11 | INFO | Train | Loss: 0.3357 | Top1:  89.51% | Top5:  98.85% | Samples: 40091
2025-09-06 15:06:18 | INFO | Val   | Loss: 0.3411 | Top1:  89.58% | Top5:  98.55% | Samples: 16487
2025-09-06 15:06:18 | INFO | [BEST] 新最佳有效验证准确率 @ Ep155  Top1=89.58%  Top5=98.55%  -> saved to best_stgcn_ntu60_ms_cs_j_base_250906_01.pt
2025-09-06 15:06:19 | INFO | --------------------------------------------------------------------------------
2025-09-06 15:06:19 | INFO | [Epoch 156/240] | LR: 0.035667
2025-09-06 15:07:31 | INFO | Train | Loss: 0.3235 | Top1:  89.87% | Top5:  98.84% | Samples: 40091
2025-09-06 15:07:38 | INFO | Val   | Loss: 0.3385 | Top1:  89.60% | Top5:  98.47% | Samples: 16487
2025-09-06 15:07:38 | INFO | [BEST] 新最佳有效验证准确率 @ Ep156  Top1=89.60%  Top5=98.47%  -> saved to best_stgcn_ntu60_ms_cs_j_base_250906_01.pt
2025-09-06 15:07:38 | INFO | --------------------------------------------------------------------------------
2025-09-06 15:07:38 | INFO | [Epoch 157/240] | LR: 0.035130
2025-09-06 15:08:50 | INFO | Train | Loss: 0.3205 | Top1:  89.97% | Top5:  98.91% | Samples: 40091
2025-09-06 15:08:57 | INFO | Val   | Loss: 0.3396 | Top1:  89.53% | Top5:  98.56% | Samples: 16487
2025-09-06 15:08:57 | INFO | --------------------------------------------------------------------------------
2025-09-06 15:08:57 | INFO | [Epoch 158/240] | LR: 0.034596
2025-09-06 15:10:08 | INFO | Train | Loss: 0.3084 | Top1:  90.48% | Top5:  98.97% | Samples: 40091
2025-09-06 15:10:15 | INFO | Val   | Loss: 0.3353 | Top1:  89.67% | Top5:  98.65% | Samples: 16487
2025-09-06 15:10:15 | INFO | [BEST] 新最佳有效验证准确率 @ Ep158  Top1=89.67%  Top5=98.65%  -> saved to best_stgcn_ntu60_ms_cs_j_base_250906_01.pt
2025-09-06 15:10:16 | INFO | --------------------------------------------------------------------------------
2025-09-06 15:10:16 | INFO | [Epoch 159/240] | LR: 0.034066
2025-09-06 15:11:27 | INFO | Train | Loss: 0.3167 | Top1:  90.12% | Top5:  98.88% | Samples: 40091
2025-09-06 15:11:34 | INFO | Val   | Loss: 0.3405 | Top1:  89.57% | Top5:  98.58% | Samples: 16487
2025-09-06 15:11:34 | INFO | --------------------------------------------------------------------------------
2025-09-06 15:11:34 | INFO | [Epoch 160/240] | LR: 0.033540
2025-09-06 15:12:46 | INFO | Train | Loss: 0.3090 | Top1:  90.33% | Top5:  98.95% | Samples: 40091
2025-09-06 15:12:53 | INFO | Val   | Loss: 0.3374 | Top1:  89.60% | Top5:  98.65% | Samples: 16487
2025-09-06 15:12:53 | INFO | --------------------------------------------------------------------------------
2025-09-06 15:12:53 | INFO | [Epoch 161/240] | LR: 0.033018
2025-09-06 15:14:04 | INFO | Train | Loss: 0.3118 | Top1:  90.42% | Top5:  98.94% | Samples: 40091
2025-09-06 15:14:11 | INFO | Val   | Loss: 0.3371 | Top1:  89.57% | Top5:  98.62% | Samples: 16487
2025-09-06 15:14:11 | INFO | --------------------------------------------------------------------------------
2025-09-06 15:14:11 | INFO | [Epoch 162/240] | LR: 0.032499
2025-09-06 15:15:23 | INFO | Train | Loss: 0.3074 | Top1:  90.33% | Top5:  98.95% | Samples: 40091
2025-09-06 15:15:30 | INFO | Val   | Loss: 0.3427 | Top1:  89.60% | Top5:  98.60% | Samples: 16487
2025-09-06 15:15:30 | INFO | --------------------------------------------------------------------------------
2025-09-06 15:15:30 | INFO | [Epoch 163/240] | LR: 0.031985
2025-09-06 15:16:42 | INFO | Train | Loss: 0.3009 | Top1:  90.66% | Top5:  99.01% | Samples: 40091
2025-09-06 15:16:49 | INFO | Val   | Loss: 0.3449 | Top1:  89.37% | Top5:  98.60% | Samples: 16487
2025-09-06 15:16:49 | INFO | --------------------------------------------------------------------------------
2025-09-06 15:16:49 | INFO | [Epoch 164/240] | LR: 0.031474
2025-09-06 15:18:00 | INFO | Train | Loss: 0.3007 | Top1:  90.62% | Top5:  99.10% | Samples: 40091
2025-09-06 15:18:07 | INFO | Val   | Loss: 0.3389 | Top1:  89.60% | Top5:  98.64% | Samples: 16487
2025-09-06 15:18:07 | INFO | --------------------------------------------------------------------------------
2025-09-06 15:18:07 | INFO | [Epoch 165/240] | LR: 0.030968
2025-09-06 15:19:18 | INFO | Train | Loss: 0.2958 | Top1:  90.77% | Top5:  99.14% | Samples: 40091
2025-09-06 15:19:25 | INFO | Val   | Loss: 0.3388 | Top1:  89.54% | Top5:  98.63% | Samples: 16487
2025-09-06 15:19:25 | INFO | --------------------------------------------------------------------------------
2025-09-06 15:19:25 | INFO | [Epoch 166/240] | LR: 0.030465
2025-09-06 15:20:37 | INFO | Train | Loss: 0.2926 | Top1:  90.93% | Top5:  99.12% | Samples: 40091
2025-09-06 15:20:44 | INFO | Val   | Loss: 0.3470 | Top1:  89.32% | Top5:  98.58% | Samples: 16487
2025-09-06 15:20:44 | INFO | --------------------------------------------------------------------------------
2025-09-06 15:20:44 | INFO | [Epoch 167/240] | LR: 0.029968
2025-09-06 15:21:55 | INFO | Train | Loss: 0.2907 | Top1:  90.92% | Top5:  99.09% | Samples: 40091
2025-09-06 15:22:02 | INFO | Val   | Loss: 0.3399 | Top1:  89.60% | Top5:  98.53% | Samples: 16487
2025-09-06 15:22:02 | INFO | --------------------------------------------------------------------------------
2025-09-06 15:22:02 | INFO | [Epoch 168/240] | LR: 0.029474
2025-09-06 15:23:14 | INFO | Train | Loss: 0.2757 | Top1:  91.32% | Top5:  99.17% | Samples: 40091
2025-09-06 15:23:21 | INFO | Val   | Loss: 0.3432 | Top1:  89.48% | Top5:  98.57% | Samples: 16487
2025-09-06 15:23:21 | INFO | --------------------------------------------------------------------------------
2025-09-06 15:23:21 | INFO | [Epoch 169/240] | LR: 0.028985
2025-09-06 15:24:32 | INFO | Train | Loss: 0.2854 | Top1:  91.25% | Top5:  99.17% | Samples: 40091
2025-09-06 15:24:39 | INFO | Val   | Loss: 0.3388 | Top1:  89.52% | Top5:  98.57% | Samples: 16487
2025-09-06 15:24:39 | INFO | --------------------------------------------------------------------------------
2025-09-06 15:24:39 | INFO | [Epoch 170/240] | LR: 0.028501
2025-09-06 15:25:50 | INFO | Train | Loss: 0.2759 | Top1:  91.49% | Top5:  99.27% | Samples: 40091
2025-09-06 15:25:57 | INFO | Val   | Loss: 0.3378 | Top1:  89.75% | Top5:  98.54% | Samples: 16487
2025-09-06 15:25:57 | INFO | [BEST] 新最佳有效验证准确率 @ Ep170  Top1=89.75%  Top5=98.54%  -> saved to best_stgcn_ntu60_ms_cs_j_base_250906_01.pt
2025-09-06 15:25:58 | INFO | --------------------------------------------------------------------------------
2025-09-06 15:25:58 | INFO | [Epoch 171/240] | LR: 0.028021
2025-09-06 15:27:09 | INFO | Train | Loss: 0.2712 | Top1:  91.46% | Top5:  99.21% | Samples: 40091
2025-09-06 15:27:16 | INFO | Val   | Loss: 0.3398 | Top1:  89.64% | Top5:  98.53% | Samples: 16487
2025-09-06 15:27:16 | INFO | --------------------------------------------------------------------------------
2025-09-06 15:27:16 | INFO | [Epoch 172/240] | LR: 0.027546
2025-09-06 15:28:27 | INFO | Train | Loss: 0.2721 | Top1:  91.55% | Top5:  99.21% | Samples: 40091
2025-09-06 15:28:34 | INFO | Val   | Loss: 0.3365 | Top1:  89.85% | Top5:  98.63% | Samples: 16487
2025-09-06 15:28:35 | INFO | [BEST] 新最佳有效验证准确率 @ Ep172  Top1=89.85%  Top5=98.63%  -> saved to best_stgcn_ntu60_ms_cs_j_base_250906_01.pt
2025-09-06 15:28:35 | INFO | --------------------------------------------------------------------------------
2025-09-06 15:28:35 | INFO | [Epoch 173/240] | LR: 0.027076
2025-09-06 15:29:46 | INFO | Train | Loss: 0.2631 | Top1:  91.78% | Top5:  99.28% | Samples: 40091
2025-09-06 15:29:53 | INFO | Val   | Loss: 0.3438 | Top1:  89.43% | Top5:  98.58% | Samples: 16487
2025-09-06 15:29:53 | INFO | --------------------------------------------------------------------------------
2025-09-06 15:29:53 | INFO | [Epoch 174/240] | LR: 0.026610
2025-09-06 15:31:04 | INFO | Train | Loss: 0.2681 | Top1:  91.66% | Top5:  99.26% | Samples: 40091
2025-09-06 15:31:11 | INFO | Val   | Loss: 0.3359 | Top1:  89.68% | Top5:  98.60% | Samples: 16487
2025-09-06 15:31:11 | INFO | --------------------------------------------------------------------------------
2025-09-06 15:31:11 | INFO | [Epoch 175/240] | LR: 0.026150
2025-09-06 15:32:23 | INFO | Train | Loss: 0.2629 | Top1:  91.75% | Top5:  99.28% | Samples: 40091
2025-09-06 15:32:30 | INFO | Val   | Loss: 0.3450 | Top1:  89.65% | Top5:  98.59% | Samples: 16487
2025-09-06 15:32:30 | INFO | --------------------------------------------------------------------------------
2025-09-06 15:32:30 | INFO | [Epoch 176/240] | LR: 0.025695
2025-09-06 15:33:41 | INFO | Train | Loss: 0.2553 | Top1:  92.00% | Top5:  99.24% | Samples: 40091
2025-09-06 15:33:48 | INFO | Val   | Loss: 0.3412 | Top1:  89.69% | Top5:  98.60% | Samples: 16487
2025-09-06 15:33:48 | INFO | --------------------------------------------------------------------------------
2025-09-06 15:33:48 | INFO | [Epoch 177/240] | LR: 0.025245
2025-09-06 15:35:00 | INFO | Train | Loss: 0.2533 | Top1:  92.10% | Top5:  99.35% | Samples: 40091
2025-09-06 15:35:07 | INFO | Val   | Loss: 0.3417 | Top1:  89.83% | Top5:  98.55% | Samples: 16487
2025-09-06 15:35:07 | INFO | --------------------------------------------------------------------------------
2025-09-06 15:35:07 | INFO | [Epoch 178/240] | LR: 0.024800
2025-09-06 15:36:18 | INFO | Train | Loss: 0.2508 | Top1:  92.35% | Top5:  99.40% | Samples: 40091
2025-09-06 15:36:25 | INFO | Val   | Loss: 0.3368 | Top1:  89.94% | Top5:  98.64% | Samples: 16487
2025-09-06 15:36:25 | INFO | [BEST] 新最佳有效验证准确率 @ Ep178  Top1=89.94%  Top5=98.64%  -> saved to best_stgcn_ntu60_ms_cs_j_base_250906_01.pt
2025-09-06 15:36:26 | INFO | --------------------------------------------------------------------------------
2025-09-06 15:36:26 | INFO | [Epoch 179/240] | LR: 0.024360
2025-09-06 15:37:38 | INFO | Train | Loss: 0.2466 | Top1:  92.30% | Top5:  99.41% | Samples: 40091
2025-09-06 15:37:45 | INFO | Val   | Loss: 0.3446 | Top1:  89.53% | Top5:  98.59% | Samples: 16487
2025-09-06 15:37:45 | INFO | --------------------------------------------------------------------------------
2025-09-06 15:37:45 | INFO | [Epoch 180/240] | LR: 0.023926
2025-09-06 15:38:56 | INFO | Train | Loss: 0.2447 | Top1:  92.48% | Top5:  99.36% | Samples: 40091
2025-09-06 15:39:03 | INFO | Val   | Loss: 0.3463 | Top1:  89.78% | Top5:  98.56% | Samples: 16487
2025-09-06 15:39:03 | INFO | --------------------------------------------------------------------------------
2025-09-06 15:39:03 | INFO | [Epoch 181/240] | LR: 0.023497
2025-09-06 15:40:14 | INFO | Train | Loss: 0.2370 | Top1:  92.68% | Top5:  99.41% | Samples: 40091
2025-09-06 15:40:21 | INFO | Val   | Loss: 0.3427 | Top1:  89.71% | Top5:  98.56% | Samples: 16487
2025-09-06 15:40:21 | INFO | --------------------------------------------------------------------------------
2025-09-06 15:40:21 | INFO | [Epoch 182/240] | LR: 0.023074
2025-09-06 15:41:33 | INFO | Train | Loss: 0.2381 | Top1:  92.60% | Top5:  99.46% | Samples: 40091
2025-09-06 15:41:40 | INFO | Val   | Loss: 0.3376 | Top1:  89.97% | Top5:  98.50% | Samples: 16487
2025-09-06 15:41:40 | INFO | [BEST] 新最佳有效验证准确率 @ Ep182  Top1=89.97%  Top5=98.50%  -> saved to best_stgcn_ntu60_ms_cs_j_base_250906_01.pt
2025-09-06 15:41:40 | INFO | --------------------------------------------------------------------------------
2025-09-06 15:41:40 | INFO | [Epoch 183/240] | LR: 0.022657
2025-09-06 15:42:51 | INFO | Train | Loss: 0.2355 | Top1:  92.77% | Top5:  99.37% | Samples: 40091
2025-09-06 15:42:58 | INFO | Val   | Loss: 0.3340 | Top1:  89.99% | Top5:  98.54% | Samples: 16487
2025-09-06 15:42:58 | INFO | [BEST] 新最佳有效验证准确率 @ Ep183  Top1=89.99%  Top5=98.54%  -> saved to best_stgcn_ntu60_ms_cs_j_base_250906_01.pt
2025-09-06 15:42:59 | INFO | --------------------------------------------------------------------------------
2025-09-06 15:42:59 | INFO | [Epoch 184/240] | LR: 0.022245
2025-09-06 15:44:10 | INFO | Train | Loss: 0.2322 | Top1:  92.74% | Top5:  99.39% | Samples: 40091
2025-09-06 15:44:17 | INFO | Val   | Loss: 0.3402 | Top1:  89.82% | Top5:  98.49% | Samples: 16487
2025-09-06 15:44:17 | INFO | --------------------------------------------------------------------------------
2025-09-06 15:44:17 | INFO | [Epoch 185/240] | LR: 0.021839
2025-09-06 15:45:29 | INFO | Train | Loss: 0.2154 | Top1:  93.47% | Top5:  99.44% | Samples: 40091
2025-09-06 15:45:36 | INFO | Val   | Loss: 0.3429 | Top1:  89.80% | Top5:  98.55% | Samples: 16487
2025-09-06 15:45:36 | INFO | --------------------------------------------------------------------------------
2025-09-06 15:45:36 | INFO | [Epoch 186/240] | LR: 0.021438
2025-09-06 15:46:47 | INFO | Train | Loss: 0.2231 | Top1:  93.15% | Top5:  99.48% | Samples: 40091
2025-09-06 15:46:54 | INFO | Val   | Loss: 0.3475 | Top1:  89.89% | Top5:  98.50% | Samples: 16487
2025-09-06 15:46:54 | INFO | --------------------------------------------------------------------------------
2025-09-06 15:46:54 | INFO | [Epoch 187/240] | LR: 0.021044
2025-09-06 15:48:06 | INFO | Train | Loss: 0.2186 | Top1:  93.30% | Top5:  99.49% | Samples: 40091
2025-09-06 15:48:13 | INFO | Val   | Loss: 0.3407 | Top1:  89.97% | Top5:  98.47% | Samples: 16487
2025-09-06 15:48:13 | INFO | --------------------------------------------------------------------------------
2025-09-06 15:48:13 | INFO | [Epoch 188/240] | LR: 0.020656
2025-09-06 15:49:24 | INFO | Train | Loss: 0.2234 | Top1:  93.03% | Top5:  99.53% | Samples: 40091
2025-09-06 15:49:31 | INFO | Val   | Loss: 0.3392 | Top1:  89.73% | Top5:  98.54% | Samples: 16487
2025-09-06 15:49:31 | INFO | --------------------------------------------------------------------------------
2025-09-06 15:49:31 | INFO | [Epoch 189/240] | LR: 0.020273
2025-09-06 15:50:43 | INFO | Train | Loss: 0.2166 | Top1:  93.47% | Top5:  99.50% | Samples: 40091
2025-09-06 15:50:50 | INFO | Val   | Loss: 0.3412 | Top1:  89.85% | Top5:  98.57% | Samples: 16487
2025-09-06 15:50:50 | INFO | --------------------------------------------------------------------------------
2025-09-06 15:50:50 | INFO | [Epoch 190/240] | LR: 0.019897
2025-09-06 15:52:01 | INFO | Train | Loss: 0.2157 | Top1:  93.49% | Top5:  99.49% | Samples: 40091
2025-09-06 15:52:08 | INFO | Val   | Loss: 0.3417 | Top1:  89.95% | Top5:  98.50% | Samples: 16487
2025-09-06 15:52:08 | INFO | --------------------------------------------------------------------------------
2025-09-06 15:52:08 | INFO | [Epoch 191/240] | LR: 0.019527
2025-09-06 15:53:20 | INFO | Train | Loss: 0.2068 | Top1:  93.71% | Top5:  99.55% | Samples: 40091
2025-09-06 15:53:27 | INFO | Val   | Loss: 0.3411 | Top1:  89.70% | Top5:  98.53% | Samples: 16487
2025-09-06 15:53:27 | INFO | --------------------------------------------------------------------------------
2025-09-06 15:53:27 | INFO | [Epoch 192/240] | LR: 0.019163
2025-09-06 15:54:39 | INFO | Train | Loss: 0.2089 | Top1:  93.56% | Top5:  99.54% | Samples: 40091
2025-09-06 15:54:45 | INFO | Val   | Loss: 0.3418 | Top1:  89.71% | Top5:  98.53% | Samples: 16487
2025-09-06 15:54:45 | INFO | --------------------------------------------------------------------------------
2025-09-06 15:54:45 | INFO | [Epoch 193/240] | LR: 0.018805
2025-09-06 15:55:57 | INFO | Train | Loss: 0.1970 | Top1:  94.01% | Top5:  99.61% | Samples: 40091
2025-09-06 15:56:04 | INFO | Val   | Loss: 0.3412 | Top1:  89.65% | Top5:  98.58% | Samples: 16487
2025-09-06 15:56:04 | INFO | --------------------------------------------------------------------------------
2025-09-06 15:56:04 | INFO | [Epoch 194/240] | LR: 0.018454
2025-09-06 15:57:16 | INFO | Train | Loss: 0.1930 | Top1:  94.12% | Top5:  99.62% | Samples: 40091
2025-09-06 15:57:23 | INFO | Val   | Loss: 0.3440 | Top1:  89.86% | Top5:  98.56% | Samples: 16487
2025-09-06 15:57:23 | INFO | --------------------------------------------------------------------------------
2025-09-06 15:57:23 | INFO | [Epoch 195/240] | LR: 0.018109
2025-09-06 15:58:34 | INFO | Train | Loss: 0.1967 | Top1:  94.12% | Top5:  99.58% | Samples: 40091
2025-09-06 15:58:41 | INFO | Val   | Loss: 0.3464 | Top1:  89.93% | Top5:  98.45% | Samples: 16487
2025-09-06 15:58:41 | INFO | --------------------------------------------------------------------------------
2025-09-06 15:58:41 | INFO | [Epoch 196/240] | LR: 0.017771
2025-09-06 15:59:53 | INFO | Train | Loss: 0.1866 | Top1:  94.30% | Top5:  99.70% | Samples: 40091
2025-09-06 16:00:00 | INFO | Val   | Loss: 0.3445 | Top1:  90.06% | Top5:  98.47% | Samples: 16487
2025-09-06 16:00:00 | INFO | [BEST] 新最佳有效验证准确率 @ Ep196  Top1=90.06%  Top5=98.47%  -> saved to best_stgcn_ntu60_ms_cs_j_base_250906_01.pt
2025-09-06 16:00:00 | INFO | --------------------------------------------------------------------------------
2025-09-06 16:00:00 | INFO | [Epoch 197/240] | LR: 0.017439
2025-09-06 16:01:12 | INFO | Train | Loss: 0.1902 | Top1:  94.23% | Top5:  99.65% | Samples: 40091
2025-09-06 16:01:19 | INFO | Val   | Loss: 0.3449 | Top1:  90.15% | Top5:  98.54% | Samples: 16487
2025-09-06 16:01:19 | INFO | [BEST] 新最佳有效验证准确率 @ Ep197  Top1=90.15%  Top5=98.54%  -> saved to best_stgcn_ntu60_ms_cs_j_base_250906_01.pt
2025-09-06 16:01:19 | INFO | --------------------------------------------------------------------------------
2025-09-06 16:01:19 | INFO | [Epoch 198/240] | LR: 0.017114
2025-09-06 16:02:31 | INFO | Train | Loss: 0.1843 | Top1:  94.39% | Top5:  99.65% | Samples: 40091
2025-09-06 16:02:38 | INFO | Val   | Loss: 0.3555 | Top1:  89.65% | Top5:  98.46% | Samples: 16487
2025-09-06 16:02:38 | INFO | --------------------------------------------------------------------------------
2025-09-06 16:02:38 | INFO | [Epoch 199/240] | LR: 0.016795
2025-09-06 16:03:50 | INFO | Train | Loss: 0.1799 | Top1:  94.45% | Top5:  99.73% | Samples: 40091
2025-09-06 16:03:57 | INFO | Val   | Loss: 0.3465 | Top1:  90.05% | Top5:  98.54% | Samples: 16487
2025-09-06 16:03:57 | INFO | --------------------------------------------------------------------------------
2025-09-06 16:03:57 | INFO | [Epoch 200/240] | LR: 0.016483
2025-09-06 16:05:09 | INFO | Train | Loss: 0.1809 | Top1:  94.52% | Top5:  99.70% | Samples: 40091
2025-09-06 16:05:15 | INFO | Val   | Loss: 0.3550 | Top1:  89.54% | Top5:  98.44% | Samples: 16487
2025-09-06 16:05:15 | INFO | --------------------------------------------------------------------------------
2025-09-06 16:05:15 | INFO | [Epoch 201/240] | LR: 0.016178
2025-09-06 16:06:27 | INFO | Train | Loss: 0.1857 | Top1:  94.27% | Top5:  99.71% | Samples: 40091
2025-09-06 16:06:34 | INFO | Val   | Loss: 0.3548 | Top1:  89.66% | Top5:  98.45% | Samples: 16487
2025-09-06 16:06:34 | INFO | --------------------------------------------------------------------------------
2025-09-06 16:06:34 | INFO | [Epoch 202/240] | LR: 0.015880
2025-09-06 16:07:46 | INFO | Train | Loss: 0.1773 | Top1:  94.59% | Top5:  99.69% | Samples: 40091
2025-09-06 16:07:53 | INFO | Val   | Loss: 0.3430 | Top1:  90.02% | Top5:  98.54% | Samples: 16487
2025-09-06 16:07:53 | INFO | --------------------------------------------------------------------------------
2025-09-06 16:07:53 | INFO | [Epoch 203/240] | LR: 0.015589
2025-09-06 16:09:05 | INFO | Train | Loss: 0.1749 | Top1:  94.77% | Top5:  99.74% | Samples: 40091
2025-09-06 16:09:12 | INFO | Val   | Loss: 0.3472 | Top1:  90.03% | Top5:  98.56% | Samples: 16487
2025-09-06 16:09:12 | INFO | --------------------------------------------------------------------------------
2025-09-06 16:09:12 | INFO | [Epoch 204/240] | LR: 0.015304
2025-09-06 16:10:24 | INFO | Train | Loss: 0.1684 | Top1:  94.90% | Top5:  99.75% | Samples: 40091
2025-09-06 16:10:31 | INFO | Val   | Loss: 0.3483 | Top1:  90.14% | Top5:  98.44% | Samples: 16487
2025-09-06 16:10:31 | INFO | --------------------------------------------------------------------------------
2025-09-06 16:10:31 | INFO | [Epoch 205/240] | LR: 0.015027
2025-09-06 16:11:42 | INFO | Train | Loss: 0.1632 | Top1:  95.05% | Top5:  99.76% | Samples: 40091
2025-09-06 16:11:49 | INFO | Val   | Loss: 0.3465 | Top1:  90.03% | Top5:  98.54% | Samples: 16487
2025-09-06 16:11:49 | INFO | --------------------------------------------------------------------------------
2025-09-06 16:11:49 | INFO | [Epoch 206/240] | LR: 0.014756
2025-09-06 16:13:01 | INFO | Train | Loss: 0.1567 | Top1:  95.33% | Top5:  99.77% | Samples: 40091
2025-09-06 16:13:08 | INFO | Val   | Loss: 0.3514 | Top1:  89.85% | Top5:  98.42% | Samples: 16487
2025-09-06 16:13:08 | INFO | --------------------------------------------------------------------------------
2025-09-06 16:13:08 | INFO | [Epoch 207/240] | LR: 0.014493
2025-09-06 16:14:20 | INFO | Train | Loss: 0.1498 | Top1:  95.52% | Top5:  99.82% | Samples: 40091
2025-09-06 16:14:27 | INFO | Val   | Loss: 0.3508 | Top1:  90.03% | Top5:  98.45% | Samples: 16487
2025-09-06 16:14:27 | INFO | --------------------------------------------------------------------------------
2025-09-06 16:14:27 | INFO | [Epoch 208/240] | LR: 0.014237
2025-09-06 16:15:39 | INFO | Train | Loss: 0.1586 | Top1:  95.26% | Top5:  99.79% | Samples: 40091
2025-09-06 16:15:46 | INFO | Val   | Loss: 0.3513 | Top1:  89.85% | Top5:  98.47% | Samples: 16487
2025-09-06 16:15:46 | INFO | --------------------------------------------------------------------------------
2025-09-06 16:15:46 | INFO | [Epoch 209/240] | LR: 0.013988
2025-09-06 16:16:57 | INFO | Train | Loss: 0.1484 | Top1:  95.53% | Top5:  99.78% | Samples: 40091
2025-09-06 16:17:04 | INFO | Val   | Loss: 0.3623 | Top1:  89.77% | Top5:  98.39% | Samples: 16487
2025-09-06 16:17:04 | INFO | --------------------------------------------------------------------------------
2025-09-06 16:17:04 | INFO | [Epoch 210/240] | LR: 0.013746
2025-09-06 16:18:16 | INFO | Train | Loss: 0.1506 | Top1:  95.58% | Top5:  99.81% | Samples: 40091
2025-09-06 16:18:23 | INFO | Val   | Loss: 0.3526 | Top1:  89.98% | Top5:  98.49% | Samples: 16487
2025-09-06 16:18:23 | INFO | --------------------------------------------------------------------------------
2025-09-06 16:18:23 | INFO | [Epoch 211/240] | LR: 0.013511
2025-09-06 16:19:35 | INFO | Train | Loss: 0.1451 | Top1:  95.81% | Top5:  99.78% | Samples: 40091
2025-09-06 16:19:42 | INFO | Val   | Loss: 0.3612 | Top1:  89.57% | Top5:  98.42% | Samples: 16487
2025-09-06 16:19:42 | INFO | --------------------------------------------------------------------------------
2025-09-06 16:19:42 | INFO | [Epoch 212/240] | LR: 0.013284
2025-09-06 16:20:53 | INFO | Train | Loss: 0.1514 | Top1:  95.48% | Top5:  99.78% | Samples: 40091
2025-09-06 16:21:00 | INFO | Val   | Loss: 0.3526 | Top1:  90.05% | Top5:  98.56% | Samples: 16487
2025-09-06 16:21:00 | INFO | --------------------------------------------------------------------------------
2025-09-06 16:21:00 | INFO | [Epoch 213/240] | LR: 0.013064
2025-09-06 16:22:12 | INFO | Train | Loss: 0.1522 | Top1:  95.51% | Top5:  99.79% | Samples: 40091
2025-09-06 16:22:19 | INFO | Val   | Loss: 0.3541 | Top1:  89.87% | Top5:  98.44% | Samples: 16487
2025-09-06 16:22:19 | INFO | --------------------------------------------------------------------------------
2025-09-06 16:22:19 | INFO | [Epoch 214/240] | LR: 0.012851
2025-09-06 16:23:30 | INFO | Train | Loss: 0.1386 | Top1:  95.93% | Top5:  99.81% | Samples: 40091
2025-09-06 16:23:37 | INFO | Val   | Loss: 0.3603 | Top1:  89.71% | Top5:  98.45% | Samples: 16487
2025-09-06 16:23:37 | INFO | --------------------------------------------------------------------------------
2025-09-06 16:23:37 | INFO | [Epoch 215/240] | LR: 0.012646
2025-09-06 16:24:49 | INFO | Train | Loss: 0.1378 | Top1:  96.01% | Top5:  99.83% | Samples: 40091
2025-09-06 16:24:56 | INFO | Val   | Loss: 0.3556 | Top1:  90.11% | Top5:  98.39% | Samples: 16487
2025-09-06 16:24:56 | INFO | --------------------------------------------------------------------------------
2025-09-06 16:24:56 | INFO | [Epoch 216/240] | LR: 0.012448
2025-09-06 16:26:08 | INFO | Train | Loss: 0.1385 | Top1:  95.92% | Top5:  99.84% | Samples: 40091
2025-09-06 16:26:15 | INFO | Val   | Loss: 0.3563 | Top1:  90.14% | Top5:  98.37% | Samples: 16487
2025-09-06 16:26:15 | INFO | --------------------------------------------------------------------------------
2025-09-06 16:26:15 | INFO | [Epoch 217/240] | LR: 0.012258
2025-09-06 16:27:27 | INFO | Train | Loss: 0.1395 | Top1:  95.83% | Top5:  99.85% | Samples: 40091
2025-09-06 16:27:34 | INFO | Val   | Loss: 0.3640 | Top1:  89.81% | Top5:  98.33% | Samples: 16487
2025-09-06 16:27:34 | INFO | --------------------------------------------------------------------------------
2025-09-06 16:27:34 | INFO | [Epoch 218/240] | LR: 0.012075
2025-09-06 16:28:46 | INFO | Train | Loss: 0.1390 | Top1:  95.89% | Top5:  99.83% | Samples: 40091
2025-09-06 16:28:53 | INFO | Val   | Loss: 0.3529 | Top1:  90.02% | Top5:  98.43% | Samples: 16487
2025-09-06 16:28:53 | INFO | --------------------------------------------------------------------------------
2025-09-06 16:28:53 | INFO | [Epoch 219/240] | LR: 0.011900
2025-09-06 16:30:05 | INFO | Train | Loss: 0.1241 | Top1:  96.43% | Top5:  99.90% | Samples: 40091
2025-09-06 16:30:12 | INFO | Val   | Loss: 0.3581 | Top1:  89.96% | Top5:  98.36% | Samples: 16487
2025-09-06 16:30:12 | INFO | --------------------------------------------------------------------------------
2025-09-06 16:30:12 | INFO | [Epoch 220/240] | LR: 0.011732
2025-09-06 16:31:24 | INFO | Train | Loss: 0.1316 | Top1:  96.15% | Top5:  99.89% | Samples: 40091
2025-09-06 16:31:31 | INFO | Val   | Loss: 0.3627 | Top1:  89.53% | Top5:  98.37% | Samples: 16487
2025-09-06 16:31:31 | INFO | --------------------------------------------------------------------------------
2025-09-06 16:31:31 | INFO | [Epoch 221/240] | LR: 0.011572
2025-09-06 16:32:43 | INFO | Train | Loss: 0.1293 | Top1:  96.20% | Top5:  99.88% | Samples: 40091
2025-09-06 16:32:50 | INFO | Val   | Loss: 0.3603 | Top1:  89.80% | Top5:  98.39% | Samples: 16487
2025-09-06 16:32:50 | INFO | --------------------------------------------------------------------------------
2025-09-06 16:32:50 | INFO | [Epoch 222/240] | LR: 0.011419
2025-09-06 16:34:02 | INFO | Train | Loss: 0.1280 | Top1:  96.26% | Top5:  99.88% | Samples: 40091
2025-09-06 16:34:09 | INFO | Val   | Loss: 0.3556 | Top1:  89.79% | Top5:  98.44% | Samples: 16487
2025-09-06 16:34:09 | INFO | --------------------------------------------------------------------------------
2025-09-06 16:34:09 | INFO | [Epoch 223/240] | LR: 0.011275
2025-09-06 16:35:21 | INFO | Train | Loss: 0.1238 | Top1:  96.43% | Top5:  99.86% | Samples: 40091
2025-09-06 16:35:28 | INFO | Val   | Loss: 0.3541 | Top1:  90.13% | Top5:  98.42% | Samples: 16487
2025-09-06 16:35:28 | INFO | --------------------------------------------------------------------------------
2025-09-06 16:35:28 | INFO | [Epoch 224/240] | LR: 0.011138
2025-09-06 16:36:40 | INFO | Train | Loss: 0.1235 | Top1:  96.46% | Top5:  99.89% | Samples: 40091
2025-09-06 16:36:47 | INFO | Val   | Loss: 0.3651 | Top1:  89.84% | Top5:  98.44% | Samples: 16487
2025-09-06 16:36:47 | INFO | --------------------------------------------------------------------------------
2025-09-06 16:36:47 | INFO | [Epoch 225/240] | LR: 0.011008
2025-09-06 16:37:59 | INFO | Train | Loss: 0.1252 | Top1:  96.44% | Top5:  99.87% | Samples: 40091
2025-09-06 16:38:06 | INFO | Val   | Loss: 0.3643 | Top1:  89.82% | Top5:  98.39% | Samples: 16487
2025-09-06 16:38:06 | INFO | --------------------------------------------------------------------------------
2025-09-06 16:38:06 | INFO | [Epoch 226/240] | LR: 0.010886
2025-09-06 16:39:18 | INFO | Train | Loss: 0.1219 | Top1:  96.55% | Top5:  99.87% | Samples: 40091
2025-09-06 16:39:25 | INFO | Val   | Loss: 0.3603 | Top1:  89.88% | Top5:  98.42% | Samples: 16487
2025-09-06 16:39:25 | INFO | --------------------------------------------------------------------------------
2025-09-06 16:39:25 | INFO | [Epoch 227/240] | LR: 0.010772
2025-09-06 16:40:37 | INFO | Train | Loss: 0.1231 | Top1:  96.44% | Top5:  99.87% | Samples: 40091
2025-09-06 16:40:44 | INFO | Val   | Loss: 0.3691 | Top1:  89.93% | Top5:  98.34% | Samples: 16487
2025-09-06 16:40:44 | INFO | --------------------------------------------------------------------------------
2025-09-06 16:40:44 | INFO | [Epoch 228/240] | LR: 0.010666
2025-09-06 16:41:56 | INFO | Train | Loss: 0.1265 | Top1:  96.38% | Top5:  99.84% | Samples: 40091
2025-09-06 16:42:03 | INFO | Val   | Loss: 0.3634 | Top1:  90.02% | Top5:  98.49% | Samples: 16487
2025-09-06 16:42:03 | INFO | --------------------------------------------------------------------------------
2025-09-06 16:42:03 | INFO | [Epoch 229/240] | LR: 0.010568
2025-09-06 16:43:15 | INFO | Train | Loss: 0.1124 | Top1:  96.81% | Top5:  99.90% | Samples: 40091
2025-09-06 16:43:22 | INFO | Val   | Loss: 0.3707 | Top1:  89.83% | Top5:  98.34% | Samples: 16487
2025-09-06 16:43:22 | INFO | --------------------------------------------------------------------------------
2025-09-06 16:43:22 | INFO | [Epoch 230/240] | LR: 0.010477
2025-09-06 16:44:34 | INFO | Train | Loss: 0.1221 | Top1:  96.49% | Top5:  99.92% | Samples: 40091
2025-09-06 16:44:41 | INFO | Val   | Loss: 0.3713 | Top1:  89.82% | Top5:  98.36% | Samples: 16487
2025-09-06 16:44:41 | INFO | --------------------------------------------------------------------------------
2025-09-06 16:44:41 | INFO | [Epoch 231/240] | LR: 0.010395
2025-09-06 16:45:53 | INFO | Train | Loss: 0.1208 | Top1:  96.51% | Top5:  99.86% | Samples: 40091
2025-09-06 16:46:00 | INFO | Val   | Loss: 0.3669 | Top1:  90.08% | Top5:  98.34% | Samples: 16487
2025-09-06 16:46:00 | INFO | --------------------------------------------------------------------------------
2025-09-06 16:46:00 | INFO | [Epoch 232/240] | LR: 0.010320
2025-09-06 16:47:11 | INFO | Train | Loss: 0.1168 | Top1:  96.74% | Top5:  99.87% | Samples: 40091
2025-09-06 16:47:18 | INFO | Val   | Loss: 0.3648 | Top1:  89.99% | Top5:  98.37% | Samples: 16487
2025-09-06 16:47:18 | INFO | --------------------------------------------------------------------------------
2025-09-06 16:47:18 | INFO | [Epoch 233/240] | LR: 0.010253
2025-09-06 16:48:30 | INFO | Train | Loss: 0.1187 | Top1:  96.61% | Top5:  99.88% | Samples: 40091
2025-09-06 16:48:37 | INFO | Val   | Loss: 0.3683 | Top1:  89.89% | Top5:  98.38% | Samples: 16487
2025-09-06 16:48:37 | INFO | --------------------------------------------------------------------------------
2025-09-06 16:48:37 | INFO | [Epoch 234/240] | LR: 0.010193
2025-09-06 16:49:49 | INFO | Train | Loss: 0.1157 | Top1:  96.79% | Top5:  99.88% | Samples: 40091
2025-09-06 16:49:56 | INFO | Val   | Loss: 0.3626 | Top1:  89.85% | Top5:  98.39% | Samples: 16487
2025-09-06 16:49:56 | INFO | --------------------------------------------------------------------------------
2025-09-06 16:49:56 | INFO | [Epoch 235/240] | LR: 0.010142
2025-09-06 16:51:08 | INFO | Train | Loss: 0.1199 | Top1:  96.61% | Top5:  99.88% | Samples: 40091
2025-09-06 16:51:14 | INFO | Val   | Loss: 0.3661 | Top1:  90.03% | Top5:  98.30% | Samples: 16487
2025-09-06 16:51:14 | INFO | --------------------------------------------------------------------------------
2025-09-06 16:51:14 | INFO | [Epoch 236/240] | LR: 0.010099
2025-09-06 16:52:27 | INFO | Train | Loss: 0.1228 | Top1:  96.54% | Top5:  99.88% | Samples: 40091
2025-09-06 16:52:34 | INFO | Val   | Loss: 0.3622 | Top1:  89.98% | Top5:  98.40% | Samples: 16487
2025-09-06 16:52:34 | INFO | --------------------------------------------------------------------------------
2025-09-06 16:52:34 | INFO | [Epoch 237/240] | LR: 0.010063
2025-09-06 16:53:45 | INFO | Train | Loss: 0.1157 | Top1:  96.64% | Top5:  99.88% | Samples: 40091
2025-09-06 16:53:52 | INFO | Val   | Loss: 0.3719 | Top1:  89.76% | Top5:  98.40% | Samples: 16487
2025-09-06 16:53:52 | INFO | --------------------------------------------------------------------------------
2025-09-06 16:53:52 | INFO | [Epoch 238/240] | LR: 0.010036
2025-09-06 16:55:04 | INFO | Train | Loss: 0.1123 | Top1:  96.85% | Top5:  99.88% | Samples: 40091
2025-09-06 16:55:11 | INFO | Val   | Loss: 0.3758 | Top1:  89.65% | Top5:  98.35% | Samples: 16487
2025-09-06 16:55:11 | INFO | --------------------------------------------------------------------------------
2025-09-06 16:55:11 | INFO | [Epoch 239/240] | LR: 0.010016
2025-09-06 16:56:23 | INFO | Train | Loss: 0.1194 | Top1:  96.56% | Top5:  99.87% | Samples: 40091
2025-09-06 16:56:29 | INFO | Val   | Loss: 0.3750 | Top1:  89.88% | Top5:  98.36% | Samples: 16487
2025-09-06 16:56:29 | INFO | --------------------------------------------------------------------------------
2025-09-06 16:56:29 | INFO | [Epoch 240/240] | LR: 0.010004
2025-09-06 16:57:41 | INFO | Train | Loss: 0.1187 | Top1:  96.67% | Top5:  99.89% | Samples: 40091
2025-09-06 16:57:48 | INFO | Val   | Loss: 0.3628 | Top1:  89.95% | Top5:  98.30% | Samples: 16487
2025-09-06 16:57:48 | INFO | ================================================================================
2025-09-06 16:57:48 | INFO | ✅ Finished. Best Top1 90.15% / Top5 98.54% @ epoch 197
2025-09-06 16:57:48 | INFO | ================================================================================
